22:10:14.968 INFO  com.wmeimob.KexiangWechatApplication - Starting KexiangWechatApplication on SC-201712081240 with PID 19380 (G:\MeiMeng\kexiang-project\KeXiang\kexiang-wechat-base\target\classes started by Administrator in G:\MeiMeng\kexiang-project\KeXiang\kexiang-wechat-base)
22:10:15.002 INFO  com.wmeimob.KexiangWechatApplication - The following profiles are active: local
22:10:15.084 INFO  o.s.b.c.e.AnnotationConfigEmbeddedWebApplicationContext - Refreshing org.springframework.boot.context.embedded.AnnotationConfigEmbeddedWebApplicationContext@4ce7fffa: startup date [Sun Mar 11 22:10:15 CST 2018]; root of context hierarchy
22:10:17.046 INFO  o.s.b.f.s.DefaultListableBeanFactory - Overriding bean definition for bean 'propertySourcesPlaceholderConfigurer' with a different definition: replacing [Root bean: class [org.springframework.boot.autoconfigure.context.PropertyPlaceholderAutoConfiguration]; scope=; abstract=false; lazyInit=false; autowireMode=3; dependencyCheck=0; autowireCandidate=true; primary=false; factoryBeanName=null; factoryMethodName=propertySourcesPlaceholderConfigurer; initMethodName=null; destroyMethodName=(inferred); defined in class path resource [org/springframework/boot/autoconfigure/context/PropertyPlaceholderAutoConfiguration.class]] with [Root bean: class [org.springframework.boot.autoconfigure.session.RedisSessionConfiguration$SpringBootRedisHttpSessionConfiguration]; scope=; abstract=false; lazyInit=false; autowireMode=3; dependencyCheck=0; autowireCandidate=true; primary=false; factoryBeanName=null; factoryMethodName=propertySourcesPlaceholderConfigurer; initMethodName=null; destroyMethodName=(inferred); defined in class path resource [org/springframework/boot/autoconfigure/session/RedisSessionConfiguration$SpringBootRedisHttpSessionConfiguration.class]]
22:10:18.631 INFO  c.w.custom.config.DataSourceConfig - 【配置事务】
22:10:18.636 INFO  c.w.custom.config.DataSourceConfig - 【配置数据源】
22:10:20.018 INFO  org.xnio - XNIO version 3.3.8.Final
22:10:20.039 INFO  org.xnio.nio - XNIO NIO Implementation Version 3.3.8.Final
22:10:20.181 INFO  io.undertow.servlet - Initializing Spring embedded WebApplicationContext
22:10:20.181 INFO  o.s.web.context.ContextLoader - Root WebApplicationContext: initialization completed in 5097 ms
22:10:23.853 INFO  o.s.b.w.s.FilterRegistrationBean - Mapping filter: 'metricsFilter' to: [/*]
22:10:23.854 INFO  o.s.b.w.s.FilterRegistrationBean - Mapping filter: 'characterEncodingFilter' to: [/*]
22:10:23.855 INFO  o.s.b.w.s.FilterRegistrationBean - Mapping filter: 'springSessionRepositoryFilter' to: [/*]
22:10:23.855 INFO  o.s.b.w.s.FilterRegistrationBean - Mapping filter: 'hiddenHttpMethodFilter' to: [/*]
22:10:23.855 INFO  o.s.b.w.s.FilterRegistrationBean - Mapping filter: 'httpPutFormContentFilter' to: [/*]
22:10:23.855 INFO  o.s.b.w.s.FilterRegistrationBean - Mapping filter: 'requestContextFilter' to: [/*]
22:10:23.858 INFO  o.s.b.w.s.DelegatingFilterProxyRegistrationBean - Mapping filter: 'springSecurityFilterChain' to: [/*]
22:10:23.858 INFO  o.s.b.w.s.FilterRegistrationBean - Mapping filter: 'webRequestLoggingFilter' to: [/*]
22:10:23.858 INFO  o.s.b.w.s.FilterRegistrationBean - Mapping filter: 'jwtAuthenticationTokenFilter' to: [/*]
22:10:23.858 INFO  o.s.b.w.s.FilterRegistrationBean - Mapping filter: 'applicationContextIdFilter' to: [/*]
22:10:23.859 INFO  o.s.b.w.s.ServletRegistrationBean - Mapping servlet: 'dispatcherServlet' to [/]
22:10:24.036 INFO  c.w.custom.config.DataSourceConfig - 【配置sqlSessionFactory】
22:10:27.190 INFO  o.s.s.web.DefaultSecurityFilterChain - Creating filter chain: org.springframework.security.web.util.matcher.AnyRequestMatcher@1, [org.springframework.security.web.context.request.async.WebAsyncManagerIntegrationFilter@195cbf5e, org.springframework.security.web.context.SecurityContextPersistenceFilter@18b45500, org.springframework.security.web.header.HeaderWriterFilter@58068b40, org.springframework.security.web.authentication.logout.LogoutFilter@3fe24670, com.wmeimob.custom.system.security.JwtAuthenticationTokenFilter@577f9dfd, org.springframework.security.web.savedrequest.RequestCacheAwareFilter@13a9cdae, org.springframework.security.web.servletapi.SecurityContextHolderAwareRequestFilter@4f7ef948, org.springframework.security.web.authentication.AnonymousAuthenticationFilter@4cb82b09, org.springframework.security.web.session.SessionManagementFilter@16c0be3b, org.springframework.security.web.access.ExceptionTranslationFilter@71469e01, org.springframework.security.web.access.intercept.FilterSecurityInterceptor@39004e4f]
22:10:27.471 INFO  o.s.w.s.m.m.a.RequestMappingHandlerMapping - Mapped "{[/file-name],methods=[GET]}" onto public com.alibaba.fastjson.JSONObject com.wmeimob.custom.system.controller.CommonController.getFileName(java.lang.String,java.lang.String,java.lang.String,java.lang.String...)
22:10:27.472 INFO  o.s.w.s.m.m.a.RequestMappingHandlerMapping - Mapped "{[/jssdk],methods=[GET]}" onto public com.alibaba.fastjson.JSONObject com.wmeimob.custom.system.controller.CommonController.getJssdk(java.lang.String,java.lang.String,java.lang.String)
22:10:27.473 INFO  o.s.w.s.m.m.a.RequestMappingHandlerMapping - Mapped "{[/data-dictionary],methods=[GET]}" onto public com.alibaba.fastjson.JSONObject com.wmeimob.custom.system.controller.CommonController.getDataDict(javax.servlet.http.HttpServletRequest)
22:10:27.474 INFO  o.s.w.s.m.m.a.RequestMappingHandlerMapping - Mapped "{[/qiniu-token],methods=[GET]}" onto public com.alibaba.fastjson.JSONObject com.wmeimob.custom.system.controller.CommonController.getQiniuToken(javax.servlet.http.HttpServletRequest)
22:10:27.476 INFO  o.s.w.s.m.m.a.RequestMappingHandlerMapping - Mapped "{[/core/token],methods=[GET]}" onto public java.util.Map<java.lang.String, java.lang.Object> com.wmeimob.custom.system.controller.WechatController.getToken(javax.servlet.http.HttpServletRequest,java.lang.String,java.lang.String)
22:10:27.486 INFO  o.s.w.s.m.m.a.RequestMappingHandlerMapping - Mapped "{[/city/treeinfo],methods=[GET]}" onto public com.alibaba.fastjson.JSONObject com.wmeimob.kexiang.wechat.controller.CityController.treeinfo(javax.servlet.http.HttpServletRequest)
22:10:27.486 INFO  o.s.w.s.m.m.a.RequestMappingHandlerMapping - Mapped "{[/city/info],methods=[GET]}" onto public com.alibaba.fastjson.JSONObject com.wmeimob.kexiang.wechat.controller.CityController.treeinfo(javax.servlet.http.HttpServletRequest,java.lang.Integer,java.lang.Integer)
22:10:27.487 INFO  o.s.w.s.m.m.a.RequestMappingHandlerMapping - Mapped "{[/company/info]}" onto public com.alibaba.fastjson.JSONObject com.wmeimob.kexiang.wechat.controller.CompanyController.info(javax.servlet.http.HttpServletRequest)
22:10:27.489 INFO  o.s.w.s.m.m.a.RequestMappingHandlerMapping - Mapped "{[/member/info]}" onto public com.alibaba.fastjson.JSONObject com.wmeimob.kexiang.wechat.controller.MemberController.info(javax.servlet.http.HttpServletRequest)
22:10:27.489 INFO  o.s.w.s.m.m.a.RequestMappingHandlerMapping - Mapped "{[/member/bingding],methods=[POST]}" onto public com.alibaba.fastjson.JSONObject com.wmeimob.kexiang.wechat.controller.MemberController.bingding(javax.servlet.http.HttpServletRequest,java.lang.String,java.lang.String)
22:10:27.489 INFO  o.s.w.s.m.m.a.RequestMappingHandlerMapping - Mapped "{[/member/auth]}" onto public com.alibaba.fastjson.JSONObject com.wmeimob.kexiang.wechat.controller.MemberController.auth(javax.servlet.http.HttpServletRequest)
22:10:27.493 INFO  o.s.w.s.m.m.a.RequestMappingHandlerMapping - Mapped "{[/order/order],methods=[POST]}" onto public com.alibaba.fastjson.JSONObject com.wmeimob.kexiang.wechat.controller.OrderController.order(javax.servlet.http.HttpServletRequest,java.util.Map<java.lang.String, java.lang.Object>)
22:10:27.494 INFO  o.s.w.s.m.m.a.RequestMappingHandlerMapping - Mapped "{[/order/order],methods=[DELETE]}" onto public com.alibaba.fastjson.JSONObject com.wmeimob.kexiang.wechat.controller.OrderController.order(javax.servlet.http.HttpServletRequest,java.lang.Integer)
22:10:27.494 INFO  o.s.w.s.m.m.a.RequestMappingHandlerMapping - Mapped "{[/order/info]}" onto public com.alibaba.fastjson.JSONObject com.wmeimob.kexiang.wechat.controller.OrderController.info(javax.servlet.http.HttpServletRequest,java.lang.String)
22:10:27.494 INFO  o.s.w.s.m.m.a.RequestMappingHandlerMapping - Mapped "{[/order/{id}],methods=[PUT]}" onto public com.alibaba.fastjson.JSONObject com.wmeimob.kexiang.wechat.controller.OrderController.submitOrder(java.lang.Integer)
22:10:27.495 INFO  o.s.w.s.m.m.a.RequestMappingHandlerMapping - Mapped "{[/order/edittwiceorder],methods=[POST]}" onto public com.alibaba.fastjson.JSONObject com.wmeimob.kexiang.wechat.controller.OrderController.edittwiceorder(javax.servlet.http.HttpServletRequest,java.util.Map<java.lang.String, java.lang.Object>)
22:10:27.495 INFO  o.s.w.s.m.m.a.RequestMappingHandlerMapping - Mapped "{[/order/detailbase]}" onto public com.alibaba.fastjson.JSONObject com.wmeimob.kexiang.wechat.controller.OrderController.detailbase(javax.servlet.http.HttpServletRequest,java.lang.Integer)
22:10:27.495 INFO  o.s.w.s.m.m.a.RequestMappingHandlerMapping - Mapped "{[/order/infobase]}" onto public com.alibaba.fastjson.JSONObject com.wmeimob.kexiang.wechat.controller.OrderController.infobase(javax.servlet.http.HttpServletRequest,java.lang.Integer)
22:10:27.495 INFO  o.s.w.s.m.m.a.RequestMappingHandlerMapping - Mapped "{[/order/editorder],methods=[POST]}" onto public com.alibaba.fastjson.JSONObject com.wmeimob.kexiang.wechat.controller.OrderController.editorder(javax.servlet.http.HttpServletRequest,java.util.Map<java.lang.String, java.lang.Object>)
22:10:27.496 INFO  o.s.w.s.m.m.a.RequestMappingHandlerMapping - Mapped "{[/tecent/sendCode]}" onto public com.alibaba.fastjson.JSONObject com.wmeimob.kexiang.wechat.controller.TecentController.sendCode(javax.servlet.http.HttpServletRequest,java.lang.String)
22:10:27.496 INFO  o.s.w.s.m.m.a.RequestMappingHandlerMapping - Mapped "{[/restError]}" onto public com.alibaba.fastjson.JSONObject com.wmeimob.custom.exception.ExceptionController.restError(javax.servlet.http.HttpServletRequest)
22:10:27.502 INFO  o.s.w.s.m.m.a.RequestMappingHandlerMapping - Mapped "{[/error]}" onto public org.springframework.http.ResponseEntity<java.util.Map<java.lang.String, java.lang.Object>> org.springframework.boot.autoconfigure.web.BasicErrorController.error(javax.servlet.http.HttpServletRequest)
22:10:27.503 INFO  o.s.w.s.m.m.a.RequestMappingHandlerMapping - Mapped "{[/error],produces=[text/html]}" onto public org.springframework.web.servlet.ModelAndView org.springframework.boot.autoconfigure.web.BasicErrorController.errorHtml(javax.servlet.http.HttpServletRequest,javax.servlet.http.HttpServletResponse)
22:10:27.846 INFO  o.s.w.s.h.SimpleUrlHandlerMapping - Mapped URL path [/webjars/**] onto handler of type [class org.springframework.web.servlet.resource.ResourceHttpRequestHandler]
22:10:27.847 INFO  o.s.w.s.h.SimpleUrlHandlerMapping - Mapped URL path [/**] onto handler of type [class org.springframework.web.servlet.resource.ResourceHttpRequestHandler]
22:10:28.021 INFO  o.s.w.s.h.SimpleUrlHandlerMapping - Mapped URL path [/**/favicon.ico] onto handler of type [class org.springframework.web.servlet.resource.ResourceHttpRequestHandler]
22:10:29.128 INFO  o.s.b.a.e.mvc.EndpointHandlerMapping - Mapped "{[/mappings || /mappings.json],methods=[GET],produces=[application/vnd.spring-boot.actuator.v1+json || application/json]}" onto public java.lang.Object org.springframework.boot.actuate.endpoint.mvc.EndpointMvcAdapter.invoke()
22:10:29.130 INFO  o.s.b.a.e.mvc.EndpointHandlerMapping - Mapped "{[/dump || /dump.json],methods=[GET],produces=[application/vnd.spring-boot.actuator.v1+json || application/json]}" onto public java.lang.Object org.springframework.boot.actuate.endpoint.mvc.EndpointMvcAdapter.invoke()
22:10:29.139 INFO  o.s.b.a.e.mvc.EndpointHandlerMapping - Mapped "{[/metrics/{name:.*}],methods=[GET],produces=[application/vnd.spring-boot.actuator.v1+json || application/json]}" onto public java.lang.Object org.springframework.boot.actuate.endpoint.mvc.MetricsMvcEndpoint.value(java.lang.String)
22:10:29.139 INFO  o.s.b.a.e.mvc.EndpointHandlerMapping - Mapped "{[/metrics || /metrics.json],methods=[GET],produces=[application/vnd.spring-boot.actuator.v1+json || application/json]}" onto public java.lang.Object org.springframework.boot.actuate.endpoint.mvc.EndpointMvcAdapter.invoke()
22:10:29.142 INFO  o.s.b.a.e.mvc.EndpointHandlerMapping - Mapped "{[/health || /health.json],methods=[GET],produces=[application/vnd.spring-boot.actuator.v1+json || application/json]}" onto public java.lang.Object org.springframework.boot.actuate.endpoint.mvc.HealthMvcEndpoint.invoke(javax.servlet.http.HttpServletRequest,java.security.Principal)
22:10:29.144 INFO  o.s.b.a.e.mvc.EndpointHandlerMapping - Mapped "{[/heapdump || /heapdump.json],methods=[GET],produces=[application/octet-stream]}" onto public void org.springframework.boot.actuate.endpoint.mvc.HeapdumpMvcEndpoint.invoke(boolean,javax.servlet.http.HttpServletRequest,javax.servlet.http.HttpServletResponse) throws java.io.IOException,javax.servlet.ServletException
22:10:29.145 INFO  o.s.b.a.e.mvc.EndpointHandlerMapping - Mapped "{[/beans || /beans.json],methods=[GET],produces=[application/vnd.spring-boot.actuator.v1+json || application/json]}" onto public java.lang.Object org.springframework.boot.actuate.endpoint.mvc.EndpointMvcAdapter.invoke()
22:10:29.145 INFO  o.s.b.a.e.mvc.EndpointHandlerMapping - Mapped "{[/configprops || /configprops.json],methods=[GET],produces=[application/vnd.spring-boot.actuator.v1+json || application/json]}" onto public java.lang.Object org.springframework.boot.actuate.endpoint.mvc.EndpointMvcAdapter.invoke()
22:10:29.147 INFO  o.s.b.a.e.mvc.EndpointHandlerMapping - Mapped "{[/auditevents || /auditevents.json],methods=[GET],produces=[application/vnd.spring-boot.actuator.v1+json || application/json]}" onto public org.springframework.http.ResponseEntity<?> org.springframework.boot.actuate.endpoint.mvc.AuditEventsMvcEndpoint.findByPrincipalAndAfterAndType(java.lang.String,java.util.Date,java.lang.String)
22:10:29.149 INFO  o.s.b.a.e.mvc.EndpointHandlerMapping - Mapped "{[/loggers/{name:.*}],methods=[GET],produces=[application/vnd.spring-boot.actuator.v1+json || application/json]}" onto public java.lang.Object org.springframework.boot.actuate.endpoint.mvc.LoggersMvcEndpoint.get(java.lang.String)
22:10:29.150 INFO  o.s.b.a.e.mvc.EndpointHandlerMapping - Mapped "{[/loggers/{name:.*}],methods=[POST],consumes=[application/vnd.spring-boot.actuator.v1+json || application/json],produces=[application/vnd.spring-boot.actuator.v1+json || application/json]}" onto public java.lang.Object org.springframework.boot.actuate.endpoint.mvc.LoggersMvcEndpoint.set(java.lang.String,java.util.Map<java.lang.String, java.lang.String>)
22:10:29.150 INFO  o.s.b.a.e.mvc.EndpointHandlerMapping - Mapped "{[/loggers || /loggers.json],methods=[GET],produces=[application/vnd.spring-boot.actuator.v1+json || application/json]}" onto public java.lang.Object org.springframework.boot.actuate.endpoint.mvc.EndpointMvcAdapter.invoke()
22:10:29.154 INFO  o.s.b.a.e.mvc.EndpointHandlerMapping - Mapped "{[/autoconfig || /autoconfig.json],methods=[GET],produces=[application/vnd.spring-boot.actuator.v1+json || application/json]}" onto public java.lang.Object org.springframework.boot.actuate.endpoint.mvc.EndpointMvcAdapter.invoke()
22:10:29.156 INFO  o.s.b.a.e.mvc.EndpointHandlerMapping - Mapped "{[/env/{name:.*}],methods=[GET],produces=[application/vnd.spring-boot.actuator.v1+json || application/json]}" onto public java.lang.Object org.springframework.boot.actuate.endpoint.mvc.EnvironmentMvcEndpoint.value(java.lang.String)
22:10:29.156 INFO  o.s.b.a.e.mvc.EndpointHandlerMapping - Mapped "{[/env || /env.json],methods=[GET],produces=[application/vnd.spring-boot.actuator.v1+json || application/json]}" onto public java.lang.Object org.springframework.boot.actuate.endpoint.mvc.EndpointMvcAdapter.invoke()
22:10:29.156 INFO  o.s.b.a.e.mvc.EndpointHandlerMapping - Mapped "{[/info || /info.json],methods=[GET],produces=[application/vnd.spring-boot.actuator.v1+json || application/json]}" onto public java.lang.Object org.springframework.boot.actuate.endpoint.mvc.EndpointMvcAdapter.invoke()
22:10:29.157 INFO  o.s.b.a.e.mvc.EndpointHandlerMapping - Mapped "{[/trace || /trace.json],methods=[GET],produces=[application/vnd.spring-boot.actuator.v1+json || application/json]}" onto public java.lang.Object org.springframework.boot.actuate.endpoint.mvc.EndpointMvcAdapter.invoke()
22:10:29.399 INFO  o.s.s.web.DefaultSecurityFilterChain - Creating filter chain: org.springframework.boot.actuate.autoconfigure.ManagementWebSecurityAutoConfiguration$LazyEndpointPathRequestMatcher@1317ac2c, [org.springframework.security.web.context.request.async.WebAsyncManagerIntegrationFilter@416c1b0, org.springframework.security.web.context.SecurityContextPersistenceFilter@2b15ba1a, org.springframework.security.web.header.HeaderWriterFilter@4f2d8175, org.springframework.web.filter.CorsFilter@363ba634, org.springframework.security.web.authentication.logout.LogoutFilter@1f72fbd1, org.springframework.security.web.authentication.www.BasicAuthenticationFilter@30a791a6, org.springframework.security.web.savedrequest.RequestCacheAwareFilter@796fe2b5, org.springframework.security.web.servletapi.SecurityContextHolderAwareRequestFilter@5a6af2c4, org.springframework.security.web.authentication.AnonymousAuthenticationFilter@60fe75f7, org.springframework.security.web.session.SessionManagementFilter@44618fe6, org.springframework.security.web.access.ExceptionTranslationFilter@7b0525a8, org.springframework.security.web.access.intercept.FilterSecurityInterceptor@3bf26810]
22:10:29.571 INFO  c.w.custom.config.DataSourceConfig - 【配置sqlSessionTemplate】
22:10:30.779 INFO  o.s.w.s.m.m.a.RequestMappingHandlerAdapter - Looking for @ControllerAdvice: org.springframework.boot.context.embedded.AnnotationConfigEmbeddedWebApplicationContext@4ce7fffa: startup date [Sun Mar 11 22:10:15 CST 2018]; root of context hierarchy
22:10:31.122 INFO  o.s.w.s.m.m.a.ExceptionHandlerExceptionResolver - Detected @ExceptionHandler methods in exceptionController
22:10:34.266 INFO  o.s.j.e.a.AnnotationMBeanExporter - Registering beans for JMX exposure on startup
22:10:34.315 INFO  o.s.b.a.e.jmx.EndpointMBeanExporter - Registering beans for JMX exposure on startup
22:10:34.346 INFO  o.s.c.s.DefaultLifecycleProcessor - Starting beans in phase 0
22:10:34.361 INFO  o.s.b.a.e.jmx.EndpointMBeanExporter - Located managed bean 'auditEventsEndpoint': registering with JMX server as MBean [org.springframework.boot:type=Endpoint,name=auditEventsEndpoint]
22:10:34.382 INFO  o.s.b.a.e.jmx.EndpointMBeanExporter - Located managed bean 'requestMappingEndpoint': registering with JMX server as MBean [org.springframework.boot:type=Endpoint,name=requestMappingEndpoint]
22:10:34.398 INFO  o.s.b.a.e.jmx.EndpointMBeanExporter - Located managed bean 'environmentEndpoint': registering with JMX server as MBean [org.springframework.boot:type=Endpoint,name=environmentEndpoint]
22:10:34.404 INFO  o.s.b.a.e.jmx.EndpointMBeanExporter - Located managed bean 'healthEndpoint': registering with JMX server as MBean [org.springframework.boot:type=Endpoint,name=healthEndpoint]
22:10:34.409 INFO  o.s.b.a.e.jmx.EndpointMBeanExporter - Located managed bean 'beansEndpoint': registering with JMX server as MBean [org.springframework.boot:type=Endpoint,name=beansEndpoint]
22:10:34.414 INFO  o.s.b.a.e.jmx.EndpointMBeanExporter - Located managed bean 'infoEndpoint': registering with JMX server as MBean [org.springframework.boot:type=Endpoint,name=infoEndpoint]
22:10:34.425 INFO  o.s.b.a.e.jmx.EndpointMBeanExporter - Located managed bean 'loggersEndpoint': registering with JMX server as MBean [org.springframework.boot:type=Endpoint,name=loggersEndpoint]
22:10:34.443 INFO  o.s.b.a.e.jmx.EndpointMBeanExporter - Located managed bean 'metricsEndpoint': registering with JMX server as MBean [org.springframework.boot:type=Endpoint,name=metricsEndpoint]
22:10:34.458 INFO  o.s.b.a.e.jmx.EndpointMBeanExporter - Located managed bean 'traceEndpoint': registering with JMX server as MBean [org.springframework.boot:type=Endpoint,name=traceEndpoint]
22:10:34.461 INFO  o.s.b.a.e.jmx.EndpointMBeanExporter - Located managed bean 'dumpEndpoint': registering with JMX server as MBean [org.springframework.boot:type=Endpoint,name=dumpEndpoint]
22:10:34.465 INFO  o.s.b.a.e.jmx.EndpointMBeanExporter - Located managed bean 'autoConfigurationReportEndpoint': registering with JMX server as MBean [org.springframework.boot:type=Endpoint,name=autoConfigurationReportEndpoint]
22:10:34.470 INFO  o.s.b.a.e.jmx.EndpointMBeanExporter - Located managed bean 'configurationPropertiesReportEndpoint': registering with JMX server as MBean [org.springframework.boot:type=Endpoint,name=configurationPropertiesReportEndpoint]
22:10:34.474 INFO  o.s.c.s.DefaultLifecycleProcessor - Starting beans in phase 2147483647
22:10:34.534 INFO  o.s.s.a.ScheduledAnnotationBeanPostProcessor - No TaskScheduler/ScheduledExecutorService bean found for scheduled processing
22:10:34.740 INFO  o.s.b.c.e.u.UndertowEmbeddedServletContainer - Undertow started on port(s) 52001 (http)
22:10:34.745 INFO  com.wmeimob.KexiangWechatApplication - Started KexiangWechatApplication in 20.391 seconds (JVM running for 21.321)
