01:06:15.240 INFO  io.undertow.servlet - Initializing Spring FrameworkServlet 'dispatcherServlet'
01:06:15.251 INFO  o.s.web.servlet.DispatcherServlet - FrameworkServlet 'dispatcherServlet': initialization started
01:06:15.381 INFO  o.s.web.servlet.DispatcherServlet - FrameworkServlet 'dispatcherServlet': initialization completed in 130 ms
01:13:18.982 INFO  c.w.c.s.controller.WechatController - token：eyJhbGciOiJIUzUxMiJ9.eyJzdWJzY3JpYmUiOm51bGwsImNyZWF0ZWQiOjE1MjA3ODgzOTg5NDEsImFwcGlkIjoid3gxZDA5ZDUwMzE1OTE0ZjUzIiwibmlja25hbWUiOiLlu5bpm6rlhrAiLCJoZWFkaW1ndXJsIjoiaHR0cDovL3RoaXJkd3gucWxvZ28uY24vbW1vcGVuL3ZpXzMyL3ZPV3AzajVwc3JObkQ4b1ppYjNPWFNWMGdWeDRuQlNGQ2lhZ0tpYzQyZDNHU0ZyV2JtbTZCUUpKTVhUWTl6QktxbjNFMDJlaWFHNFhJcWlhWUpRNzk3NzUwNHcvMTMyIiwiaWQiOjEsImV4cCI6MTUyMTM5MzE5OCwidXNlciI6Im9FekZFMUpzMWNISXpGbXlLWU9VRlY3Vk1leXcifQ.z_QQUdCbthzM8jEhI7to2CA2wxsjrRN8WA0S6dcruHtU0qoFQo_GVUogPF3cO_UBsgwYhCruOqAlXoTKJlwsmg
01:41:58.697 INFO  c.wmeimob.tools.web.IpAddressHelper - request ip 0:127.0.0.1
01:42:34.278 INFO  com.wmeimob.KexiangWechatApplication - Starting KexiangWechatApplication on SC-201712081240 with PID 23580 (G:\MeiMeng\kexiang-project\KeXiang\kexiang-wechat-base\target\classes started by Administrator in G:\MeiMeng\kexiang-project\KeXiang\kexiang-wechat-base)
01:42:34.294 INFO  com.wmeimob.KexiangWechatApplication - The following profiles are active: local
01:42:34.412 INFO  o.s.b.c.e.AnnotationConfigEmbeddedWebApplicationContext - Refreshing org.springframework.boot.context.embedded.AnnotationConfigEmbeddedWebApplicationContext@4ce7fffa: startup date [Mon Mar 12 01:42:34 CST 2018]; root of context hierarchy
01:42:36.735 INFO  o.s.b.f.s.DefaultListableBeanFactory - Overriding bean definition for bean 'propertySourcesPlaceholderConfigurer' with a different definition: replacing [Root bean: class [org.springframework.boot.autoconfigure.context.PropertyPlaceholderAutoConfiguration]; scope=; abstract=false; lazyInit=false; autowireMode=3; dependencyCheck=0; autowireCandidate=true; primary=false; factoryBeanName=null; factoryMethodName=propertySourcesPlaceholderConfigurer; initMethodName=null; destroyMethodName=(inferred); defined in class path resource [org/springframework/boot/autoconfigure/context/PropertyPlaceholderAutoConfiguration.class]] with [Root bean: class [org.springframework.boot.autoconfigure.session.RedisSessionConfiguration$SpringBootRedisHttpSessionConfiguration]; scope=; abstract=false; lazyInit=false; autowireMode=3; dependencyCheck=0; autowireCandidate=true; primary=false; factoryBeanName=null; factoryMethodName=propertySourcesPlaceholderConfigurer; initMethodName=null; destroyMethodName=(inferred); defined in class path resource [org/springframework/boot/autoconfigure/session/RedisSessionConfiguration$SpringBootRedisHttpSessionConfiguration.class]]
01:42:38.291 INFO  c.w.custom.config.DataSourceConfig - 【配置事务】
01:42:38.298 INFO  c.w.custom.config.DataSourceConfig - 【配置数据源】
01:42:39.630 INFO  org.xnio - XNIO version 3.3.8.Final
01:42:39.658 INFO  org.xnio.nio - XNIO NIO Implementation Version 3.3.8.Final
01:42:39.900 INFO  io.undertow.servlet - Initializing Spring embedded WebApplicationContext
01:42:39.900 INFO  o.s.web.context.ContextLoader - Root WebApplicationContext: initialization completed in 5488 ms
01:42:42.488 INFO  o.s.b.w.s.FilterRegistrationBean - Mapping filter: 'metricsFilter' to: [/*]
01:42:42.490 INFO  o.s.b.w.s.FilterRegistrationBean - Mapping filter: 'characterEncodingFilter' to: [/*]
01:42:42.490 INFO  o.s.b.w.s.FilterRegistrationBean - Mapping filter: 'springSessionRepositoryFilter' to: [/*]
01:42:42.490 INFO  o.s.b.w.s.FilterRegistrationBean - Mapping filter: 'hiddenHttpMethodFilter' to: [/*]
01:42:42.490 INFO  o.s.b.w.s.FilterRegistrationBean - Mapping filter: 'httpPutFormContentFilter' to: [/*]
01:42:42.490 INFO  o.s.b.w.s.FilterRegistrationBean - Mapping filter: 'requestContextFilter' to: [/*]
01:42:42.492 INFO  o.s.b.w.s.DelegatingFilterProxyRegistrationBean - Mapping filter: 'springSecurityFilterChain' to: [/*]
01:42:42.492 INFO  o.s.b.w.s.FilterRegistrationBean - Mapping filter: 'webRequestLoggingFilter' to: [/*]
01:42:42.492 INFO  o.s.b.w.s.FilterRegistrationBean - Mapping filter: 'jwtAuthenticationTokenFilter' to: [/*]
01:42:42.492 INFO  o.s.b.w.s.FilterRegistrationBean - Mapping filter: 'applicationContextIdFilter' to: [/*]
01:42:42.492 INFO  o.s.b.w.s.ServletRegistrationBean - Mapping servlet: 'dispatcherServlet' to [/]
01:42:42.595 INFO  c.w.custom.config.DataSourceConfig - 【配置sqlSessionFactory】
01:42:45.399 INFO  o.s.s.web.DefaultSecurityFilterChain - Creating filter chain: org.springframework.security.web.util.matcher.AnyRequestMatcher@1, [org.springframework.security.web.context.request.async.WebAsyncManagerIntegrationFilter@4c9cce17, org.springframework.security.web.context.SecurityContextPersistenceFilter@62dc1203, org.springframework.security.web.header.HeaderWriterFilter@53432aef, org.springframework.security.web.authentication.logout.LogoutFilter@4682882a, com.wmeimob.custom.system.security.JwtAuthenticationTokenFilter@7530090a, org.springframework.security.web.savedrequest.RequestCacheAwareFilter@595184d8, org.springframework.security.web.servletapi.SecurityContextHolderAwareRequestFilter@2e62e227, org.springframework.security.web.authentication.AnonymousAuthenticationFilter@73316a0a, org.springframework.security.web.session.SessionManagementFilter@be083e1, org.springframework.security.web.access.ExceptionTranslationFilter@7f41d979, org.springframework.security.web.access.intercept.FilterSecurityInterceptor@3e55d844]
01:42:45.632 INFO  o.s.w.s.m.m.a.RequestMappingHandlerMapping - Mapped "{[/file-name],methods=[GET]}" onto public com.alibaba.fastjson.JSONObject com.wmeimob.custom.system.controller.CommonController.getFileName(java.lang.String,java.lang.String,java.lang.String,java.lang.String...)
01:42:45.635 INFO  o.s.w.s.m.m.a.RequestMappingHandlerMapping - Mapped "{[/qiniu-token],methods=[GET]}" onto public com.alibaba.fastjson.JSONObject com.wmeimob.custom.system.controller.CommonController.getQiniuToken(javax.servlet.http.HttpServletRequest)
01:42:45.636 INFO  o.s.w.s.m.m.a.RequestMappingHandlerMapping - Mapped "{[/data-dictionary],methods=[GET]}" onto public com.alibaba.fastjson.JSONObject com.wmeimob.custom.system.controller.CommonController.getDataDict(javax.servlet.http.HttpServletRequest)
01:42:45.637 INFO  o.s.w.s.m.m.a.RequestMappingHandlerMapping - Mapped "{[/jssdk],methods=[GET]}" onto public com.alibaba.fastjson.JSONObject com.wmeimob.custom.system.controller.CommonController.getJssdk(java.lang.String,java.lang.String,java.lang.String)
01:42:45.639 INFO  o.s.w.s.m.m.a.RequestMappingHandlerMapping - Mapped "{[/core/token],methods=[GET]}" onto public java.util.Map<java.lang.String, java.lang.Object> com.wmeimob.custom.system.controller.WechatController.getToken(javax.servlet.http.HttpServletRequest,java.lang.String,java.lang.String)
01:42:45.642 INFO  o.s.w.s.m.m.a.RequestMappingHandlerMapping - Mapped "{[/city/treeinfo],methods=[GET]}" onto public com.alibaba.fastjson.JSONObject com.wmeimob.kexiang.wechat.controller.CityController.treeinfo(javax.servlet.http.HttpServletRequest)
01:42:45.643 INFO  o.s.w.s.m.m.a.RequestMappingHandlerMapping - Mapped "{[/city/info],methods=[GET]}" onto public com.alibaba.fastjson.JSONObject com.wmeimob.kexiang.wechat.controller.CityController.treeinfo(javax.servlet.http.HttpServletRequest,java.lang.Integer,java.lang.Integer)
01:42:45.643 INFO  o.s.w.s.m.m.a.RequestMappingHandlerMapping - Mapped "{[/company/info]}" onto public com.alibaba.fastjson.JSONObject com.wmeimob.kexiang.wechat.controller.CompanyController.info(javax.servlet.http.HttpServletRequest)
01:42:45.645 INFO  o.s.w.s.m.m.a.RequestMappingHandlerMapping - Mapped "{[/member/info]}" onto public com.alibaba.fastjson.JSONObject com.wmeimob.kexiang.wechat.controller.MemberController.info(javax.servlet.http.HttpServletRequest)
01:42:45.646 INFO  o.s.w.s.m.m.a.RequestMappingHandlerMapping - Mapped "{[/member/bingding],methods=[POST]}" onto public com.alibaba.fastjson.JSONObject com.wmeimob.kexiang.wechat.controller.MemberController.bingding(javax.servlet.http.HttpServletRequest,java.lang.String,java.lang.String)
01:42:45.646 INFO  o.s.w.s.m.m.a.RequestMappingHandlerMapping - Mapped "{[/member/auth]}" onto public com.alibaba.fastjson.JSONObject com.wmeimob.kexiang.wechat.controller.MemberController.auth(javax.servlet.http.HttpServletRequest)
01:42:45.651 INFO  o.s.w.s.m.m.a.RequestMappingHandlerMapping - Mapped "{[/order/order],methods=[DELETE]}" onto public com.alibaba.fastjson.JSONObject com.wmeimob.kexiang.wechat.controller.OrderController.order(javax.servlet.http.HttpServletRequest,java.lang.Integer)
01:42:45.654 INFO  o.s.w.s.m.m.a.RequestMappingHandlerMapping - Mapped "{[/order/order],methods=[POST]}" onto public com.alibaba.fastjson.JSONObject com.wmeimob.kexiang.wechat.controller.OrderController.order(javax.servlet.http.HttpServletRequest,java.util.Map<java.lang.String, java.lang.Object>)
01:42:45.654 INFO  o.s.w.s.m.m.a.RequestMappingHandlerMapping - Mapped "{[/order/info]}" onto public com.alibaba.fastjson.JSONObject com.wmeimob.kexiang.wechat.controller.OrderController.info(javax.servlet.http.HttpServletRequest,java.lang.String)
01:42:45.654 INFO  o.s.w.s.m.m.a.RequestMappingHandlerMapping - Mapped "{[/order/{id}],methods=[PUT]}" onto public com.alibaba.fastjson.JSONObject com.wmeimob.kexiang.wechat.controller.OrderController.submitOrder(java.lang.Integer)
01:42:45.654 INFO  o.s.w.s.m.m.a.RequestMappingHandlerMapping - Mapped "{[/order/infobase]}" onto public com.alibaba.fastjson.JSONObject com.wmeimob.kexiang.wechat.controller.OrderController.infobase(javax.servlet.http.HttpServletRequest,java.lang.Integer)
01:42:45.655 INFO  o.s.w.s.m.m.a.RequestMappingHandlerMapping - Mapped "{[/order/detailbase]}" onto public com.alibaba.fastjson.JSONObject com.wmeimob.kexiang.wechat.controller.OrderController.detailbase(javax.servlet.http.HttpServletRequest,java.lang.Integer)
01:42:45.655 INFO  o.s.w.s.m.m.a.RequestMappingHandlerMapping - Mapped "{[/order/editorder],methods=[POST]}" onto public com.alibaba.fastjson.JSONObject com.wmeimob.kexiang.wechat.controller.OrderController.editorder(javax.servlet.http.HttpServletRequest,java.util.Map<java.lang.String, java.lang.Object>)
01:42:45.655 INFO  o.s.w.s.m.m.a.RequestMappingHandlerMapping - Mapped "{[/order/edittwiceorder],methods=[POST]}" onto public com.alibaba.fastjson.JSONObject com.wmeimob.kexiang.wechat.controller.OrderController.edittwiceorder(javax.servlet.http.HttpServletRequest,java.util.Map<java.lang.String, java.lang.Object>)
01:42:45.656 INFO  o.s.w.s.m.m.a.RequestMappingHandlerMapping - Mapped "{[/tecent/sendCode]}" onto public com.alibaba.fastjson.JSONObject com.wmeimob.kexiang.wechat.controller.TecentController.sendCode(javax.servlet.http.HttpServletRequest,java.lang.String)
01:42:45.656 INFO  o.s.w.s.m.m.a.RequestMappingHandlerMapping - Mapped "{[/restError]}" onto public com.alibaba.fastjson.JSONObject com.wmeimob.custom.exception.ExceptionController.restError(javax.servlet.http.HttpServletRequest)
01:42:45.658 INFO  o.s.w.s.m.m.a.RequestMappingHandlerMapping - Mapped "{[/error]}" onto public org.springframework.http.ResponseEntity<java.util.Map<java.lang.String, java.lang.Object>> org.springframework.boot.autoconfigure.web.BasicErrorController.error(javax.servlet.http.HttpServletRequest)
01:42:45.659 INFO  o.s.w.s.m.m.a.RequestMappingHandlerMapping - Mapped "{[/error],produces=[text/html]}" onto public org.springframework.web.servlet.ModelAndView org.springframework.boot.autoconfigure.web.BasicErrorController.errorHtml(javax.servlet.http.HttpServletRequest,javax.servlet.http.HttpServletResponse)
01:42:45.984 INFO  o.s.w.s.h.SimpleUrlHandlerMapping - Mapped URL path [/webjars/**] onto handler of type [class org.springframework.web.servlet.resource.ResourceHttpRequestHandler]
01:42:45.985 INFO  o.s.w.s.h.SimpleUrlHandlerMapping - Mapped URL path [/**] onto handler of type [class org.springframework.web.servlet.resource.ResourceHttpRequestHandler]
01:42:46.118 INFO  o.s.w.s.h.SimpleUrlHandlerMapping - Mapped URL path [/**/favicon.ico] onto handler of type [class org.springframework.web.servlet.resource.ResourceHttpRequestHandler]
01:42:47.162 INFO  o.s.b.a.e.mvc.EndpointHandlerMapping - Mapped "{[/env/{name:.*}],methods=[GET],produces=[application/vnd.spring-boot.actuator.v1+json || application/json]}" onto public java.lang.Object org.springframework.boot.actuate.endpoint.mvc.EnvironmentMvcEndpoint.value(java.lang.String)
01:42:47.163 INFO  o.s.b.a.e.mvc.EndpointHandlerMapping - Mapped "{[/env || /env.json],methods=[GET],produces=[application/vnd.spring-boot.actuator.v1+json || application/json]}" onto public java.lang.Object org.springframework.boot.actuate.endpoint.mvc.EndpointMvcAdapter.invoke()
01:42:47.164 INFO  o.s.b.a.e.mvc.EndpointHandlerMapping - Mapped "{[/trace || /trace.json],methods=[GET],produces=[application/vnd.spring-boot.actuator.v1+json || application/json]}" onto public java.lang.Object org.springframework.boot.actuate.endpoint.mvc.EndpointMvcAdapter.invoke()
01:42:47.165 INFO  o.s.b.a.e.mvc.EndpointHandlerMapping - Mapped "{[/auditevents || /auditevents.json],methods=[GET],produces=[application/vnd.spring-boot.actuator.v1+json || application/json]}" onto public org.springframework.http.ResponseEntity<?> org.springframework.boot.actuate.endpoint.mvc.AuditEventsMvcEndpoint.findByPrincipalAndAfterAndType(java.lang.String,java.util.Date,java.lang.String)
01:42:47.166 INFO  o.s.b.a.e.mvc.EndpointHandlerMapping - Mapped "{[/dump || /dump.json],methods=[GET],produces=[application/vnd.spring-boot.actuator.v1+json || application/json]}" onto public java.lang.Object org.springframework.boot.actuate.endpoint.mvc.EndpointMvcAdapter.invoke()
01:42:47.167 INFO  o.s.b.a.e.mvc.EndpointHandlerMapping - Mapped "{[/mappings || /mappings.json],methods=[GET],produces=[application/vnd.spring-boot.actuator.v1+json || application/json]}" onto public java.lang.Object org.springframework.boot.actuate.endpoint.mvc.EndpointMvcAdapter.invoke()
01:42:47.167 INFO  o.s.b.a.e.mvc.EndpointHandlerMapping - Mapped "{[/beans || /beans.json],methods=[GET],produces=[application/vnd.spring-boot.actuator.v1+json || application/json]}" onto public java.lang.Object org.springframework.boot.actuate.endpoint.mvc.EndpointMvcAdapter.invoke()
01:42:47.170 INFO  o.s.b.a.e.mvc.EndpointHandlerMapping - Mapped "{[/configprops || /configprops.json],methods=[GET],produces=[application/vnd.spring-boot.actuator.v1+json || application/json]}" onto public java.lang.Object org.springframework.boot.actuate.endpoint.mvc.EndpointMvcAdapter.invoke()
01:42:47.173 INFO  o.s.b.a.e.mvc.EndpointHandlerMapping - Mapped "{[/info || /info.json],methods=[GET],produces=[application/vnd.spring-boot.actuator.v1+json || application/json]}" onto public java.lang.Object org.springframework.boot.actuate.endpoint.mvc.EndpointMvcAdapter.invoke()
01:42:47.174 INFO  o.s.b.a.e.mvc.EndpointHandlerMapping - Mapped "{[/autoconfig || /autoconfig.json],methods=[GET],produces=[application/vnd.spring-boot.actuator.v1+json || application/json]}" onto public java.lang.Object org.springframework.boot.actuate.endpoint.mvc.EndpointMvcAdapter.invoke()
01:42:47.175 INFO  o.s.b.a.e.mvc.EndpointHandlerMapping - Mapped "{[/metrics/{name:.*}],methods=[GET],produces=[application/vnd.spring-boot.actuator.v1+json || application/json]}" onto public java.lang.Object org.springframework.boot.actuate.endpoint.mvc.MetricsMvcEndpoint.value(java.lang.String)
01:42:47.175 INFO  o.s.b.a.e.mvc.EndpointHandlerMapping - Mapped "{[/metrics || /metrics.json],methods=[GET],produces=[application/vnd.spring-boot.actuator.v1+json || application/json]}" onto public java.lang.Object org.springframework.boot.actuate.endpoint.mvc.EndpointMvcAdapter.invoke()
01:42:47.178 INFO  o.s.b.a.e.mvc.EndpointHandlerMapping - Mapped "{[/health || /health.json],methods=[GET],produces=[application/vnd.spring-boot.actuator.v1+json || application/json]}" onto public java.lang.Object org.springframework.boot.actuate.endpoint.mvc.HealthMvcEndpoint.invoke(javax.servlet.http.HttpServletRequest,java.security.Principal)
01:42:47.188 INFO  o.s.b.a.e.mvc.EndpointHandlerMapping - Mapped "{[/loggers/{name:.*}],methods=[GET],produces=[application/vnd.spring-boot.actuator.v1+json || application/json]}" onto public java.lang.Object org.springframework.boot.actuate.endpoint.mvc.LoggersMvcEndpoint.get(java.lang.String)
01:42:47.189 INFO  o.s.b.a.e.mvc.EndpointHandlerMapping - Mapped "{[/loggers/{name:.*}],methods=[POST],consumes=[application/vnd.spring-boot.actuator.v1+json || application/json],produces=[application/vnd.spring-boot.actuator.v1+json || application/json]}" onto public java.lang.Object org.springframework.boot.actuate.endpoint.mvc.LoggersMvcEndpoint.set(java.lang.String,java.util.Map<java.lang.String, java.lang.String>)
01:42:47.189 INFO  o.s.b.a.e.mvc.EndpointHandlerMapping - Mapped "{[/loggers || /loggers.json],methods=[GET],produces=[application/vnd.spring-boot.actuator.v1+json || application/json]}" onto public java.lang.Object org.springframework.boot.actuate.endpoint.mvc.EndpointMvcAdapter.invoke()
01:42:47.191 INFO  o.s.b.a.e.mvc.EndpointHandlerMapping - Mapped "{[/heapdump || /heapdump.json],methods=[GET],produces=[application/octet-stream]}" onto public void org.springframework.boot.actuate.endpoint.mvc.HeapdumpMvcEndpoint.invoke(boolean,javax.servlet.http.HttpServletRequest,javax.servlet.http.HttpServletResponse) throws java.io.IOException,javax.servlet.ServletException
01:42:47.390 INFO  o.s.s.web.DefaultSecurityFilterChain - Creating filter chain: org.springframework.boot.actuate.autoconfigure.ManagementWebSecurityAutoConfiguration$LazyEndpointPathRequestMatcher@331ad6eb, [org.springframework.security.web.context.request.async.WebAsyncManagerIntegrationFilter@6cd6698b, org.springframework.security.web.context.SecurityContextPersistenceFilter@37753b69, org.springframework.security.web.header.HeaderWriterFilter@1ab1d93d, org.springframework.web.filter.CorsFilter@5ac7550a, org.springframework.security.web.authentication.logout.LogoutFilter@78d61f17, org.springframework.security.web.authentication.www.BasicAuthenticationFilter@b3042ed, org.springframework.security.web.savedrequest.RequestCacheAwareFilter@602c167e, org.springframework.security.web.servletapi.SecurityContextHolderAwareRequestFilter@74c04377, org.springframework.security.web.authentication.AnonymousAuthenticationFilter@44dcc0e4, org.springframework.security.web.session.SessionManagementFilter@57167ccb, org.springframework.security.web.access.ExceptionTranslationFilter@55a055cc, org.springframework.security.web.access.intercept.FilterSecurityInterceptor@60f3239f]
01:42:47.455 INFO  c.w.custom.config.DataSourceConfig - 【配置sqlSessionTemplate】
01:42:48.578 INFO  o.s.w.s.m.m.a.RequestMappingHandlerAdapter - Looking for @ControllerAdvice: org.springframework.boot.context.embedded.AnnotationConfigEmbeddedWebApplicationContext@4ce7fffa: startup date [Mon Mar 12 01:42:34 CST 2018]; root of context hierarchy
01:42:48.798 INFO  o.s.w.s.m.m.a.ExceptionHandlerExceptionResolver - Detected @ExceptionHandler methods in exceptionController
01:42:51.219 INFO  o.s.j.e.a.AnnotationMBeanExporter - Registering beans for JMX exposure on startup
01:42:51.224 INFO  o.s.b.a.e.jmx.EndpointMBeanExporter - Registering beans for JMX exposure on startup
01:42:51.228 INFO  o.s.c.s.DefaultLifecycleProcessor - Starting beans in phase 0
01:42:51.230 INFO  o.s.b.a.e.jmx.EndpointMBeanExporter - Located managed bean 'auditEventsEndpoint': registering with JMX server as MBean [org.springframework.boot:type=Endpoint,name=auditEventsEndpoint]
01:42:51.265 INFO  o.s.b.a.e.jmx.EndpointMBeanExporter - Located managed bean 'requestMappingEndpoint': registering with JMX server as MBean [org.springframework.boot:type=Endpoint,name=requestMappingEndpoint]
01:42:51.282 INFO  o.s.b.a.e.jmx.EndpointMBeanExporter - Located managed bean 'environmentEndpoint': registering with JMX server as MBean [org.springframework.boot:type=Endpoint,name=environmentEndpoint]
01:42:51.286 INFO  o.s.b.a.e.jmx.EndpointMBeanExporter - Located managed bean 'healthEndpoint': registering with JMX server as MBean [org.springframework.boot:type=Endpoint,name=healthEndpoint]
01:42:51.289 INFO  o.s.b.a.e.jmx.EndpointMBeanExporter - Located managed bean 'beansEndpoint': registering with JMX server as MBean [org.springframework.boot:type=Endpoint,name=beansEndpoint]
01:42:51.302 INFO  o.s.b.a.e.jmx.EndpointMBeanExporter - Located managed bean 'infoEndpoint': registering with JMX server as MBean [org.springframework.boot:type=Endpoint,name=infoEndpoint]
01:42:51.309 INFO  o.s.b.a.e.jmx.EndpointMBeanExporter - Located managed bean 'loggersEndpoint': registering with JMX server as MBean [org.springframework.boot:type=Endpoint,name=loggersEndpoint]
01:42:51.321 INFO  o.s.b.a.e.jmx.EndpointMBeanExporter - Located managed bean 'metricsEndpoint': registering with JMX server as MBean [org.springframework.boot:type=Endpoint,name=metricsEndpoint]
01:42:51.326 INFO  o.s.b.a.e.jmx.EndpointMBeanExporter - Located managed bean 'traceEndpoint': registering with JMX server as MBean [org.springframework.boot:type=Endpoint,name=traceEndpoint]
01:42:51.333 INFO  o.s.b.a.e.jmx.EndpointMBeanExporter - Located managed bean 'dumpEndpoint': registering with JMX server as MBean [org.springframework.boot:type=Endpoint,name=dumpEndpoint]
01:42:51.337 INFO  o.s.b.a.e.jmx.EndpointMBeanExporter - Located managed bean 'autoConfigurationReportEndpoint': registering with JMX server as MBean [org.springframework.boot:type=Endpoint,name=autoConfigurationReportEndpoint]
01:42:51.346 INFO  o.s.b.a.e.jmx.EndpointMBeanExporter - Located managed bean 'configurationPropertiesReportEndpoint': registering with JMX server as MBean [org.springframework.boot:type=Endpoint,name=configurationPropertiesReportEndpoint]
01:42:51.348 INFO  o.s.c.s.DefaultLifecycleProcessor - Starting beans in phase 2147483647
01:42:51.511 INFO  o.s.s.a.ScheduledAnnotationBeanPostProcessor - No TaskScheduler/ScheduledExecutorService bean found for scheduled processing
01:42:51.655 INFO  o.s.b.c.e.u.UndertowEmbeddedServletContainer - Undertow started on port(s) 52001 (http)
01:42:51.662 INFO  com.wmeimob.KexiangWechatApplication - Started KexiangWechatApplication in 18.01 seconds (JVM running for 19.12)
01:43:09.238 INFO  io.undertow.servlet - Initializing Spring FrameworkServlet 'dispatcherServlet'
01:43:09.238 INFO  o.s.web.servlet.DispatcherServlet - FrameworkServlet 'dispatcherServlet': initialization started
01:43:09.273 INFO  o.s.web.servlet.DispatcherServlet - FrameworkServlet 'dispatcherServlet': initialization completed in 35 ms
01:43:17.713 INFO  c.wmeimob.tools.web.IpAddressHelper - request ip 0:127.0.0.1
01:44:10.307 INFO  c.wmeimob.tools.web.IpAddressHelper - request ip 0:127.0.0.1
01:44:36.105 INFO  c.wmeimob.tools.web.IpAddressHelper - request ip 0:127.0.0.1
01:44:51.033 INFO  c.wmeimob.tools.web.IpAddressHelper - request ip 0:127.0.0.1
01:53:10.882 INFO  c.wmeimob.tools.web.IpAddressHelper - request ip 0:127.0.0.1
01:53:23.840 INFO  c.wmeimob.tools.web.IpAddressHelper - request ip 0:127.0.0.1
02:04:20.894 INFO  c.wmeimob.tools.web.IpAddressHelper - request ip 0:127.0.0.1
02:06:03.976 INFO  c.wmeimob.tools.web.IpAddressHelper - request ip 0:127.0.0.1
02:07:51.220 INFO  c.wmeimob.tools.web.IpAddressHelper - request ip 0:127.0.0.1
02:09:04.209 INFO  c.wmeimob.tools.web.IpAddressHelper - request ip 0:127.0.0.1
02:09:55.797 INFO  c.wmeimob.tools.web.IpAddressHelper - request ip 0:127.0.0.1
02:10:29.375 INFO  c.wmeimob.tools.web.IpAddressHelper - request ip 0:127.0.0.1
02:12:21.814 INFO  c.wmeimob.tools.web.IpAddressHelper - request ip 0:127.0.0.1
02:12:34.017 INFO  c.wmeimob.tools.web.IpAddressHelper - request ip 0:127.0.0.1
02:12:49.483 INFO  c.wmeimob.tools.web.IpAddressHelper - request ip 0:127.0.0.1
02:13:25.613 INFO  c.wmeimob.tools.web.IpAddressHelper - request ip 0:127.0.0.1
02:16:06.617 INFO  c.wmeimob.tools.web.IpAddressHelper - request ip 0:127.0.0.1
02:17:13.062 INFO  c.wmeimob.tools.web.IpAddressHelper - request ip 0:127.0.0.1
02:18:26.140 INFO  c.wmeimob.tools.web.IpAddressHelper - request ip 0:127.0.0.1
02:53:38.814 INFO  c.wmeimob.tools.web.IpAddressHelper - request ip 0:127.0.0.1
02:55:55.370 INFO  c.wmeimob.tools.web.IpAddressHelper - request ip 0:127.0.0.1
02:57:25.016 INFO  com.wmeimob.KexiangWechatApplication - Starting KexiangWechatApplication on SC-201712081240 with PID 19436 (G:\MeiMeng\kexiang-project\KeXiang\kexiang-wechat-base\target\classes started by Administrator in G:\MeiMeng\kexiang-project\KeXiang\kexiang-wechat-base)
02:57:25.023 INFO  com.wmeimob.KexiangWechatApplication - The following profiles are active: local
02:57:25.107 INFO  o.s.b.c.e.AnnotationConfigEmbeddedWebApplicationContext - Refreshing org.springframework.boot.context.embedded.AnnotationConfigEmbeddedWebApplicationContext@4ce7fffa: startup date [Mon Mar 12 02:57:25 CST 2018]; root of context hierarchy
02:57:27.205 INFO  o.s.b.f.s.DefaultListableBeanFactory - Overriding bean definition for bean 'propertySourcesPlaceholderConfigurer' with a different definition: replacing [Root bean: class [org.springframework.boot.autoconfigure.context.PropertyPlaceholderAutoConfiguration]; scope=; abstract=false; lazyInit=false; autowireMode=3; dependencyCheck=0; autowireCandidate=true; primary=false; factoryBeanName=null; factoryMethodName=propertySourcesPlaceholderConfigurer; initMethodName=null; destroyMethodName=(inferred); defined in class path resource [org/springframework/boot/autoconfigure/context/PropertyPlaceholderAutoConfiguration.class]] with [Root bean: class [org.springframework.boot.autoconfigure.session.RedisSessionConfiguration$SpringBootRedisHttpSessionConfiguration]; scope=; abstract=false; lazyInit=false; autowireMode=3; dependencyCheck=0; autowireCandidate=true; primary=false; factoryBeanName=null; factoryMethodName=propertySourcesPlaceholderConfigurer; initMethodName=null; destroyMethodName=(inferred); defined in class path resource [org/springframework/boot/autoconfigure/session/RedisSessionConfiguration$SpringBootRedisHttpSessionConfiguration.class]]
02:57:28.601 INFO  c.w.custom.config.DataSourceConfig - 【配置事务】
02:57:28.609 INFO  c.w.custom.config.DataSourceConfig - 【配置数据源】
02:57:29.790 INFO  org.xnio - XNIO version 3.3.8.Final
02:57:29.816 INFO  org.xnio.nio - XNIO NIO Implementation Version 3.3.8.Final
02:57:30.038 INFO  io.undertow.servlet - Initializing Spring embedded WebApplicationContext
02:57:30.038 INFO  o.s.web.context.ContextLoader - Root WebApplicationContext: initialization completed in 4931 ms
02:57:32.228 INFO  o.s.b.w.s.FilterRegistrationBean - Mapping filter: 'metricsFilter' to: [/*]
02:57:32.231 INFO  o.s.b.w.s.FilterRegistrationBean - Mapping filter: 'characterEncodingFilter' to: [/*]
02:57:32.232 INFO  o.s.b.w.s.FilterRegistrationBean - Mapping filter: 'springSessionRepositoryFilter' to: [/*]
02:57:32.232 INFO  o.s.b.w.s.FilterRegistrationBean - Mapping filter: 'hiddenHttpMethodFilter' to: [/*]
02:57:32.232 INFO  o.s.b.w.s.FilterRegistrationBean - Mapping filter: 'httpPutFormContentFilter' to: [/*]
02:57:32.232 INFO  o.s.b.w.s.FilterRegistrationBean - Mapping filter: 'requestContextFilter' to: [/*]
02:57:32.233 INFO  o.s.b.w.s.DelegatingFilterProxyRegistrationBean - Mapping filter: 'springSecurityFilterChain' to: [/*]
02:57:32.234 INFO  o.s.b.w.s.FilterRegistrationBean - Mapping filter: 'webRequestLoggingFilter' to: [/*]
02:57:32.234 INFO  o.s.b.w.s.FilterRegistrationBean - Mapping filter: 'jwtAuthenticationTokenFilter' to: [/*]
02:57:32.234 INFO  o.s.b.w.s.FilterRegistrationBean - Mapping filter: 'applicationContextIdFilter' to: [/*]
02:57:32.234 INFO  o.s.b.w.s.ServletRegistrationBean - Mapping servlet: 'dispatcherServlet' to [/]
02:57:32.329 INFO  c.w.custom.config.DataSourceConfig - 【配置sqlSessionFactory】
02:57:34.335 INFO  o.s.s.web.DefaultSecurityFilterChain - Creating filter chain: org.springframework.security.web.util.matcher.AnyRequestMatcher@1, [org.springframework.security.web.context.request.async.WebAsyncManagerIntegrationFilter@60ee7a51, org.springframework.security.web.context.SecurityContextPersistenceFilter@17e6b7e4, org.springframework.security.web.header.HeaderWriterFilter@3a116ca6, org.springframework.security.web.authentication.logout.LogoutFilter@467a2584, com.wmeimob.custom.system.security.JwtAuthenticationTokenFilter@1d77746b, org.springframework.security.web.savedrequest.RequestCacheAwareFilter@4a6ef712, org.springframework.security.web.servletapi.SecurityContextHolderAwareRequestFilter@61be6051, org.springframework.security.web.authentication.AnonymousAuthenticationFilter@70e1aa20, org.springframework.security.web.session.SessionManagementFilter@30b9728f, org.springframework.security.web.access.ExceptionTranslationFilter@3d9c8c3c, org.springframework.security.web.access.intercept.FilterSecurityInterceptor@3c1908c8]
02:57:34.542 INFO  o.s.w.s.m.m.a.RequestMappingHandlerMapping - Mapped "{[/file-name],methods=[GET]}" onto public com.alibaba.fastjson.JSONObject com.wmeimob.custom.system.controller.CommonController.getFileName(java.lang.String,java.lang.String,java.lang.String,java.lang.String...)
02:57:34.543 INFO  o.s.w.s.m.m.a.RequestMappingHandlerMapping - Mapped "{[/jssdk],methods=[GET]}" onto public com.alibaba.fastjson.JSONObject com.wmeimob.custom.system.controller.CommonController.getJssdk(java.lang.String,java.lang.String,java.lang.String)
02:57:34.544 INFO  o.s.w.s.m.m.a.RequestMappingHandlerMapping - Mapped "{[/qiniu-token],methods=[GET]}" onto public com.alibaba.fastjson.JSONObject com.wmeimob.custom.system.controller.CommonController.getQiniuToken(javax.servlet.http.HttpServletRequest)
02:57:34.544 INFO  o.s.w.s.m.m.a.RequestMappingHandlerMapping - Mapped "{[/data-dictionary],methods=[GET]}" onto public com.alibaba.fastjson.JSONObject com.wmeimob.custom.system.controller.CommonController.getDataDict(javax.servlet.http.HttpServletRequest)
02:57:34.548 INFO  o.s.w.s.m.m.a.RequestMappingHandlerMapping - Mapped "{[/core/token],methods=[GET]}" onto public java.util.Map<java.lang.String, java.lang.Object> com.wmeimob.custom.system.controller.WechatController.getToken(javax.servlet.http.HttpServletRequest,java.lang.String,java.lang.String)
02:57:34.551 INFO  o.s.w.s.m.m.a.RequestMappingHandlerMapping - Mapped "{[/city/treeinfo],methods=[GET]}" onto public com.alibaba.fastjson.JSONObject com.wmeimob.kexiang.wechat.controller.CityController.treeinfo(javax.servlet.http.HttpServletRequest)
02:57:34.552 INFO  o.s.w.s.m.m.a.RequestMappingHandlerMapping - Mapped "{[/city/info],methods=[GET]}" onto public com.alibaba.fastjson.JSONObject com.wmeimob.kexiang.wechat.controller.CityController.treeinfo(javax.servlet.http.HttpServletRequest,java.lang.Integer,java.lang.Integer)
02:57:34.552 INFO  o.s.w.s.m.m.a.RequestMappingHandlerMapping - Mapped "{[/company/info]}" onto public com.alibaba.fastjson.JSONObject com.wmeimob.kexiang.wechat.controller.CompanyController.info(javax.servlet.http.HttpServletRequest)
02:57:34.565 INFO  o.s.w.s.m.m.a.RequestMappingHandlerMapping - Mapped "{[/member/info]}" onto public com.alibaba.fastjson.JSONObject com.wmeimob.kexiang.wechat.controller.MemberController.info(javax.servlet.http.HttpServletRequest)
02:57:34.565 INFO  o.s.w.s.m.m.a.RequestMappingHandlerMapping - Mapped "{[/member/auth]}" onto public com.alibaba.fastjson.JSONObject com.wmeimob.kexiang.wechat.controller.MemberController.auth(javax.servlet.http.HttpServletRequest)
02:57:34.565 INFO  o.s.w.s.m.m.a.RequestMappingHandlerMapping - Mapped "{[/member/bingding],methods=[POST]}" onto public com.alibaba.fastjson.JSONObject com.wmeimob.kexiang.wechat.controller.MemberController.bingding(javax.servlet.http.HttpServletRequest,java.lang.String,java.lang.String)
02:57:34.570 INFO  o.s.w.s.m.m.a.RequestMappingHandlerMapping - Mapped "{[/order/order],methods=[DELETE]}" onto public com.alibaba.fastjson.JSONObject com.wmeimob.kexiang.wechat.controller.OrderController.order(javax.servlet.http.HttpServletRequest,java.lang.Integer)
02:57:34.571 INFO  o.s.w.s.m.m.a.RequestMappingHandlerMapping - Mapped "{[/order/order],methods=[POST]}" onto public com.alibaba.fastjson.JSONObject com.wmeimob.kexiang.wechat.controller.OrderController.order(javax.servlet.http.HttpServletRequest,java.util.Map<java.lang.String, java.lang.Object>)
02:57:34.571 INFO  o.s.w.s.m.m.a.RequestMappingHandlerMapping - Mapped "{[/order/info]}" onto public com.alibaba.fastjson.JSONObject com.wmeimob.kexiang.wechat.controller.OrderController.info(javax.servlet.http.HttpServletRequest,java.lang.String)
02:57:34.571 INFO  o.s.w.s.m.m.a.RequestMappingHandlerMapping - Mapped "{[/order/editorder],methods=[POST]}" onto public com.alibaba.fastjson.JSONObject com.wmeimob.kexiang.wechat.controller.OrderController.editorder(javax.servlet.http.HttpServletRequest,java.util.Map<java.lang.String, java.lang.Object>)
02:57:34.572 INFO  o.s.w.s.m.m.a.RequestMappingHandlerMapping - Mapped "{[/order/edittwiceorder],methods=[POST]}" onto public com.alibaba.fastjson.JSONObject com.wmeimob.kexiang.wechat.controller.OrderController.edittwiceorder(javax.servlet.http.HttpServletRequest,java.util.Map<java.lang.String, java.lang.Object>)
02:57:34.572 INFO  o.s.w.s.m.m.a.RequestMappingHandlerMapping - Mapped "{[/order/{id}],methods=[PUT]}" onto public com.alibaba.fastjson.JSONObject com.wmeimob.kexiang.wechat.controller.OrderController.submitOrder(java.lang.Integer)
02:57:34.573 INFO  o.s.w.s.m.m.a.RequestMappingHandlerMapping - Mapped "{[/order/infobase]}" onto public com.alibaba.fastjson.JSONObject com.wmeimob.kexiang.wechat.controller.OrderController.infobase(javax.servlet.http.HttpServletRequest,java.lang.Integer)
02:57:34.573 INFO  o.s.w.s.m.m.a.RequestMappingHandlerMapping - Mapped "{[/order/detailbase]}" onto public com.alibaba.fastjson.JSONObject com.wmeimob.kexiang.wechat.controller.OrderController.detailbase(javax.servlet.http.HttpServletRequest,java.lang.Integer)
02:57:34.574 INFO  o.s.w.s.m.m.a.RequestMappingHandlerMapping - Mapped "{[/tecent/sendCode]}" onto public com.alibaba.fastjson.JSONObject com.wmeimob.kexiang.wechat.controller.TecentController.sendCode(javax.servlet.http.HttpServletRequest,java.lang.String)
02:57:34.575 INFO  o.s.w.s.m.m.a.RequestMappingHandlerMapping - Mapped "{[/restError]}" onto public com.alibaba.fastjson.JSONObject com.wmeimob.custom.exception.ExceptionController.restError(javax.servlet.http.HttpServletRequest)
02:57:34.577 INFO  o.s.w.s.m.m.a.RequestMappingHandlerMapping - Mapped "{[/error]}" onto public org.springframework.http.ResponseEntity<java.util.Map<java.lang.String, java.lang.Object>> org.springframework.boot.autoconfigure.web.BasicErrorController.error(javax.servlet.http.HttpServletRequest)
02:57:34.578 INFO  o.s.w.s.m.m.a.RequestMappingHandlerMapping - Mapped "{[/error],produces=[text/html]}" onto public org.springframework.web.servlet.ModelAndView org.springframework.boot.autoconfigure.web.BasicErrorController.errorHtml(javax.servlet.http.HttpServletRequest,javax.servlet.http.HttpServletResponse)
02:57:34.807 INFO  o.s.w.s.h.SimpleUrlHandlerMapping - Mapped URL path [/webjars/**] onto handler of type [class org.springframework.web.servlet.resource.ResourceHttpRequestHandler]
02:57:34.807 INFO  o.s.w.s.h.SimpleUrlHandlerMapping - Mapped URL path [/**] onto handler of type [class org.springframework.web.servlet.resource.ResourceHttpRequestHandler]
02:57:34.955 INFO  o.s.w.s.h.SimpleUrlHandlerMapping - Mapped URL path [/**/favicon.ico] onto handler of type [class org.springframework.web.servlet.resource.ResourceHttpRequestHandler]
02:57:35.935 INFO  o.s.b.a.e.mvc.EndpointHandlerMapping - Mapped "{[/health || /health.json],methods=[GET],produces=[application/vnd.spring-boot.actuator.v1+json || application/json]}" onto public java.lang.Object org.springframework.boot.actuate.endpoint.mvc.HealthMvcEndpoint.invoke(javax.servlet.http.HttpServletRequest,java.security.Principal)
02:57:35.937 INFO  o.s.b.a.e.mvc.EndpointHandlerMapping - Mapped "{[/loggers/{name:.*}],methods=[GET],produces=[application/vnd.spring-boot.actuator.v1+json || application/json]}" onto public java.lang.Object org.springframework.boot.actuate.endpoint.mvc.LoggersMvcEndpoint.get(java.lang.String)
02:57:35.938 INFO  o.s.b.a.e.mvc.EndpointHandlerMapping - Mapped "{[/loggers/{name:.*}],methods=[POST],consumes=[application/vnd.spring-boot.actuator.v1+json || application/json],produces=[application/vnd.spring-boot.actuator.v1+json || application/json]}" onto public java.lang.Object org.springframework.boot.actuate.endpoint.mvc.LoggersMvcEndpoint.set(java.lang.String,java.util.Map<java.lang.String, java.lang.String>)
02:57:35.938 INFO  o.s.b.a.e.mvc.EndpointHandlerMapping - Mapped "{[/loggers || /loggers.json],methods=[GET],produces=[application/vnd.spring-boot.actuator.v1+json || application/json]}" onto public java.lang.Object org.springframework.boot.actuate.endpoint.mvc.EndpointMvcAdapter.invoke()
02:57:35.939 INFO  o.s.b.a.e.mvc.EndpointHandlerMapping - Mapped "{[/info || /info.json],methods=[GET],produces=[application/vnd.spring-boot.actuator.v1+json || application/json]}" onto public java.lang.Object org.springframework.boot.actuate.endpoint.mvc.EndpointMvcAdapter.invoke()
02:57:35.940 INFO  o.s.b.a.e.mvc.EndpointHandlerMapping - Mapped "{[/configprops || /configprops.json],methods=[GET],produces=[application/vnd.spring-boot.actuator.v1+json || application/json]}" onto public java.lang.Object org.springframework.boot.actuate.endpoint.mvc.EndpointMvcAdapter.invoke()
02:57:35.941 INFO  o.s.b.a.e.mvc.EndpointHandlerMapping - Mapped "{[/metrics/{name:.*}],methods=[GET],produces=[application/vnd.spring-boot.actuator.v1+json || application/json]}" onto public java.lang.Object org.springframework.boot.actuate.endpoint.mvc.MetricsMvcEndpoint.value(java.lang.String)
02:57:35.941 INFO  o.s.b.a.e.mvc.EndpointHandlerMapping - Mapped "{[/metrics || /metrics.json],methods=[GET],produces=[application/vnd.spring-boot.actuator.v1+json || application/json]}" onto public java.lang.Object org.springframework.boot.actuate.endpoint.mvc.EndpointMvcAdapter.invoke()
02:57:35.941 INFO  o.s.b.a.e.mvc.EndpointHandlerMapping - Mapped "{[/dump || /dump.json],methods=[GET],produces=[application/vnd.spring-boot.actuator.v1+json || application/json]}" onto public java.lang.Object org.springframework.boot.actuate.endpoint.mvc.EndpointMvcAdapter.invoke()
02:57:35.942 INFO  o.s.b.a.e.mvc.EndpointHandlerMapping - Mapped "{[/autoconfig || /autoconfig.json],methods=[GET],produces=[application/vnd.spring-boot.actuator.v1+json || application/json]}" onto public java.lang.Object org.springframework.boot.actuate.endpoint.mvc.EndpointMvcAdapter.invoke()
02:57:35.943 INFO  o.s.b.a.e.mvc.EndpointHandlerMapping - Mapped "{[/auditevents || /auditevents.json],methods=[GET],produces=[application/vnd.spring-boot.actuator.v1+json || application/json]}" onto public org.springframework.http.ResponseEntity<?> org.springframework.boot.actuate.endpoint.mvc.AuditEventsMvcEndpoint.findByPrincipalAndAfterAndType(java.lang.String,java.util.Date,java.lang.String)
02:57:35.943 INFO  o.s.b.a.e.mvc.EndpointHandlerMapping - Mapped "{[/beans || /beans.json],methods=[GET],produces=[application/vnd.spring-boot.actuator.v1+json || application/json]}" onto public java.lang.Object org.springframework.boot.actuate.endpoint.mvc.EndpointMvcAdapter.invoke()
02:57:35.945 INFO  o.s.b.a.e.mvc.EndpointHandlerMapping - Mapped "{[/heapdump || /heapdump.json],methods=[GET],produces=[application/octet-stream]}" onto public void org.springframework.boot.actuate.endpoint.mvc.HeapdumpMvcEndpoint.invoke(boolean,javax.servlet.http.HttpServletRequest,javax.servlet.http.HttpServletResponse) throws java.io.IOException,javax.servlet.ServletException
02:57:35.945 INFO  o.s.b.a.e.mvc.EndpointHandlerMapping - Mapped "{[/mappings || /mappings.json],methods=[GET],produces=[application/vnd.spring-boot.actuator.v1+json || application/json]}" onto public java.lang.Object org.springframework.boot.actuate.endpoint.mvc.EndpointMvcAdapter.invoke()
02:57:35.946 INFO  o.s.b.a.e.mvc.EndpointHandlerMapping - Mapped "{[/env/{name:.*}],methods=[GET],produces=[application/vnd.spring-boot.actuator.v1+json || application/json]}" onto public java.lang.Object org.springframework.boot.actuate.endpoint.mvc.EnvironmentMvcEndpoint.value(java.lang.String)
02:57:35.946 INFO  o.s.b.a.e.mvc.EndpointHandlerMapping - Mapped "{[/env || /env.json],methods=[GET],produces=[application/vnd.spring-boot.actuator.v1+json || application/json]}" onto public java.lang.Object org.springframework.boot.actuate.endpoint.mvc.EndpointMvcAdapter.invoke()
02:57:35.947 INFO  o.s.b.a.e.mvc.EndpointHandlerMapping - Mapped "{[/trace || /trace.json],methods=[GET],produces=[application/vnd.spring-boot.actuator.v1+json || application/json]}" onto public java.lang.Object org.springframework.boot.actuate.endpoint.mvc.EndpointMvcAdapter.invoke()
02:57:36.077 INFO  o.s.s.web.DefaultSecurityFilterChain - Creating filter chain: org.springframework.boot.actuate.autoconfigure.ManagementWebSecurityAutoConfiguration$LazyEndpointPathRequestMatcher@560be8c0, [org.springframework.security.web.context.request.async.WebAsyncManagerIntegrationFilter@14d36bb2, org.springframework.security.web.context.SecurityContextPersistenceFilter@15bb8ed5, org.springframework.security.web.header.HeaderWriterFilter@3dcbbbc, org.springframework.web.filter.CorsFilter@432448, org.springframework.security.web.authentication.logout.LogoutFilter@2d8c729f, org.springframework.security.web.authentication.www.BasicAuthenticationFilter@3e61cffd, org.springframework.security.web.savedrequest.RequestCacheAwareFilter@18f8ebd4, org.springframework.security.web.servletapi.SecurityContextHolderAwareRequestFilter@7e1fb22c, org.springframework.security.web.authentication.AnonymousAuthenticationFilter@4452e13c, org.springframework.security.web.session.SessionManagementFilter@4040ccae, org.springframework.security.web.access.ExceptionTranslationFilter@3bc6c10f, org.springframework.security.web.access.intercept.FilterSecurityInterceptor@511d568f]
02:57:36.202 INFO  c.w.custom.config.DataSourceConfig - 【配置sqlSessionTemplate】
02:57:37.118 INFO  o.s.w.s.m.m.a.RequestMappingHandlerAdapter - Looking for @ControllerAdvice: org.springframework.boot.context.embedded.AnnotationConfigEmbeddedWebApplicationContext@4ce7fffa: startup date [Mon Mar 12 02:57:25 CST 2018]; root of context hierarchy
02:57:37.330 INFO  o.s.w.s.m.m.a.ExceptionHandlerExceptionResolver - Detected @ExceptionHandler methods in exceptionController
02:57:39.265 INFO  o.s.j.e.a.AnnotationMBeanExporter - Registering beans for JMX exposure on startup
02:57:39.272 INFO  o.s.b.a.e.jmx.EndpointMBeanExporter - Registering beans for JMX exposure on startup
02:57:39.280 INFO  o.s.c.s.DefaultLifecycleProcessor - Starting beans in phase 0
02:57:39.283 INFO  o.s.b.a.e.jmx.EndpointMBeanExporter - Located managed bean 'auditEventsEndpoint': registering with JMX server as MBean [org.springframework.boot:type=Endpoint,name=auditEventsEndpoint]
02:57:39.304 INFO  o.s.b.a.e.jmx.EndpointMBeanExporter - Located managed bean 'requestMappingEndpoint': registering with JMX server as MBean [org.springframework.boot:type=Endpoint,name=requestMappingEndpoint]
02:57:39.317 INFO  o.s.b.a.e.jmx.EndpointMBeanExporter - Located managed bean 'environmentEndpoint': registering with JMX server as MBean [org.springframework.boot:type=Endpoint,name=environmentEndpoint]
02:57:39.321 INFO  o.s.b.a.e.jmx.EndpointMBeanExporter - Located managed bean 'healthEndpoint': registering with JMX server as MBean [org.springframework.boot:type=Endpoint,name=healthEndpoint]
02:57:39.327 INFO  o.s.b.a.e.jmx.EndpointMBeanExporter - Located managed bean 'beansEndpoint': registering with JMX server as MBean [org.springframework.boot:type=Endpoint,name=beansEndpoint]
02:57:39.330 INFO  o.s.b.a.e.jmx.EndpointMBeanExporter - Located managed bean 'infoEndpoint': registering with JMX server as MBean [org.springframework.boot:type=Endpoint,name=infoEndpoint]
02:57:39.333 INFO  o.s.b.a.e.jmx.EndpointMBeanExporter - Located managed bean 'loggersEndpoint': registering with JMX server as MBean [org.springframework.boot:type=Endpoint,name=loggersEndpoint]
02:57:39.351 INFO  o.s.b.a.e.jmx.EndpointMBeanExporter - Located managed bean 'metricsEndpoint': registering with JMX server as MBean [org.springframework.boot:type=Endpoint,name=metricsEndpoint]
02:57:39.353 INFO  o.s.b.a.e.jmx.EndpointMBeanExporter - Located managed bean 'traceEndpoint': registering with JMX server as MBean [org.springframework.boot:type=Endpoint,name=traceEndpoint]
02:57:39.358 INFO  o.s.b.a.e.jmx.EndpointMBeanExporter - Located managed bean 'dumpEndpoint': registering with JMX server as MBean [org.springframework.boot:type=Endpoint,name=dumpEndpoint]
02:57:39.361 INFO  o.s.b.a.e.jmx.EndpointMBeanExporter - Located managed bean 'autoConfigurationReportEndpoint': registering with JMX server as MBean [org.springframework.boot:type=Endpoint,name=autoConfigurationReportEndpoint]
02:57:39.363 INFO  o.s.b.a.e.jmx.EndpointMBeanExporter - Located managed bean 'configurationPropertiesReportEndpoint': registering with JMX server as MBean [org.springframework.boot:type=Endpoint,name=configurationPropertiesReportEndpoint]
02:57:39.364 INFO  o.s.c.s.DefaultLifecycleProcessor - Starting beans in phase 2147483647
02:57:39.395 INFO  o.s.s.a.ScheduledAnnotationBeanPostProcessor - No TaskScheduler/ScheduledExecutorService bean found for scheduled processing
02:57:39.511 INFO  o.s.b.c.e.u.UndertowEmbeddedServletContainer - Undertow started on port(s) 52001 (http)
02:57:39.524 INFO  com.wmeimob.KexiangWechatApplication - Started KexiangWechatApplication in 15.05 seconds (JVM running for 15.896)
02:58:13.419 INFO  io.undertow.servlet - Initializing Spring FrameworkServlet 'dispatcherServlet'
02:58:13.419 INFO  o.s.web.servlet.DispatcherServlet - FrameworkServlet 'dispatcherServlet': initialization started
02:58:13.455 INFO  o.s.web.servlet.DispatcherServlet - FrameworkServlet 'dispatcherServlet': initialization completed in 36 ms
02:58:19.394 INFO  c.wmeimob.tools.web.IpAddressHelper - request ip 0:127.0.0.1
02:59:27.720 INFO  c.wmeimob.tools.web.IpAddressHelper - request ip 0:127.0.0.1
03:04:56.572 INFO  c.wmeimob.tools.web.IpAddressHelper - request ip 0:127.0.0.1
03:13:16.026 INFO  c.wmeimob.tools.web.IpAddressHelper - request ip 0:127.0.0.1
03:13:43.328 INFO  c.wmeimob.tools.web.IpAddressHelper - request ip 0:127.0.0.1
03:16:29.753 INFO  c.wmeimob.tools.web.IpAddressHelper - request ip 0:127.0.0.1
03:16:46.608 INFO  com.wmeimob.KexiangWechatApplication - Starting KexiangWechatApplication on SC-201712081240 with PID 24264 (G:\MeiMeng\kexiang-project\KeXiang\kexiang-wechat-base\target\classes started by Administrator in G:\MeiMeng\kexiang-project\KeXiang\kexiang-wechat-base)
03:16:46.612 INFO  com.wmeimob.KexiangWechatApplication - The following profiles are active: local
03:16:46.671 INFO  o.s.b.c.e.AnnotationConfigEmbeddedWebApplicationContext - Refreshing org.springframework.boot.context.embedded.AnnotationConfigEmbeddedWebApplicationContext@4ce7fffa: startup date [Mon Mar 12 03:16:46 CST 2018]; root of context hierarchy
03:16:48.996 INFO  o.s.b.f.s.DefaultListableBeanFactory - Overriding bean definition for bean 'propertySourcesPlaceholderConfigurer' with a different definition: replacing [Root bean: class [org.springframework.boot.autoconfigure.context.PropertyPlaceholderAutoConfiguration]; scope=; abstract=false; lazyInit=false; autowireMode=3; dependencyCheck=0; autowireCandidate=true; primary=false; factoryBeanName=null; factoryMethodName=propertySourcesPlaceholderConfigurer; initMethodName=null; destroyMethodName=(inferred); defined in class path resource [org/springframework/boot/autoconfigure/context/PropertyPlaceholderAutoConfiguration.class]] with [Root bean: class [org.springframework.boot.autoconfigure.session.RedisSessionConfiguration$SpringBootRedisHttpSessionConfiguration]; scope=; abstract=false; lazyInit=false; autowireMode=3; dependencyCheck=0; autowireCandidate=true; primary=false; factoryBeanName=null; factoryMethodName=propertySourcesPlaceholderConfigurer; initMethodName=null; destroyMethodName=(inferred); defined in class path resource [org/springframework/boot/autoconfigure/session/RedisSessionConfiguration$SpringBootRedisHttpSessionConfiguration.class]]
03:16:50.774 INFO  c.w.custom.config.DataSourceConfig - 【配置事务】
03:16:50.782 INFO  c.w.custom.config.DataSourceConfig - 【配置数据源】
03:16:52.390 INFO  org.xnio - XNIO version 3.3.8.Final
03:16:52.415 INFO  org.xnio.nio - XNIO NIO Implementation Version 3.3.8.Final
03:16:52.575 INFO  io.undertow.servlet - Initializing Spring embedded WebApplicationContext
03:16:52.576 INFO  o.s.web.context.ContextLoader - Root WebApplicationContext: initialization completed in 5905 ms
03:16:55.609 INFO  o.s.b.w.s.FilterRegistrationBean - Mapping filter: 'metricsFilter' to: [/*]
03:16:55.612 INFO  o.s.b.w.s.FilterRegistrationBean - Mapping filter: 'characterEncodingFilter' to: [/*]
03:16:55.612 INFO  o.s.b.w.s.FilterRegistrationBean - Mapping filter: 'springSessionRepositoryFilter' to: [/*]
03:16:55.612 INFO  o.s.b.w.s.FilterRegistrationBean - Mapping filter: 'hiddenHttpMethodFilter' to: [/*]
03:16:55.612 INFO  o.s.b.w.s.FilterRegistrationBean - Mapping filter: 'httpPutFormContentFilter' to: [/*]
03:16:55.613 INFO  o.s.b.w.s.FilterRegistrationBean - Mapping filter: 'requestContextFilter' to: [/*]
03:16:55.614 INFO  o.s.b.w.s.DelegatingFilterProxyRegistrationBean - Mapping filter: 'springSecurityFilterChain' to: [/*]
03:16:55.614 INFO  o.s.b.w.s.FilterRegistrationBean - Mapping filter: 'webRequestLoggingFilter' to: [/*]
03:16:55.614 INFO  o.s.b.w.s.FilterRegistrationBean - Mapping filter: 'jwtAuthenticationTokenFilter' to: [/*]
03:16:55.614 INFO  o.s.b.w.s.FilterRegistrationBean - Mapping filter: 'applicationContextIdFilter' to: [/*]
03:16:55.614 INFO  o.s.b.w.s.ServletRegistrationBean - Mapping servlet: 'dispatcherServlet' to [/]
03:16:55.742 INFO  c.w.custom.config.DataSourceConfig - 【配置sqlSessionFactory】
03:16:58.304 INFO  o.s.s.web.DefaultSecurityFilterChain - Creating filter chain: org.springframework.security.web.util.matcher.AnyRequestMatcher@1, [org.springframework.security.web.context.request.async.WebAsyncManagerIntegrationFilter@237cd264, org.springframework.security.web.context.SecurityContextPersistenceFilter@3b8b4846, org.springframework.security.web.header.HeaderWriterFilter@aa23f11, org.springframework.security.web.authentication.logout.LogoutFilter@17e6b7e4, com.wmeimob.custom.system.security.JwtAuthenticationTokenFilter@74eec640, org.springframework.security.web.savedrequest.RequestCacheAwareFilter@4ebed2b3, org.springframework.security.web.servletapi.SecurityContextHolderAwareRequestFilter@77ec9fdb, org.springframework.security.web.authentication.AnonymousAuthenticationFilter@51cd2d2, org.springframework.security.web.session.SessionManagementFilter@4db568e1, org.springframework.security.web.access.ExceptionTranslationFilter@2f262474, org.springframework.security.web.access.intercept.FilterSecurityInterceptor@1ab1d93d]
03:16:58.758 INFO  o.s.w.s.m.m.a.RequestMappingHandlerMapping - Mapped "{[/file-name],methods=[GET]}" onto public com.alibaba.fastjson.JSONObject com.wmeimob.custom.system.controller.CommonController.getFileName(java.lang.String,java.lang.String,java.lang.String,java.lang.String...)
03:16:58.759 INFO  o.s.w.s.m.m.a.RequestMappingHandlerMapping - Mapped "{[/data-dictionary],methods=[GET]}" onto public com.alibaba.fastjson.JSONObject com.wmeimob.custom.system.controller.CommonController.getDataDict(javax.servlet.http.HttpServletRequest)
03:16:58.761 INFO  o.s.w.s.m.m.a.RequestMappingHandlerMapping - Mapped "{[/jssdk],methods=[GET]}" onto public com.alibaba.fastjson.JSONObject com.wmeimob.custom.system.controller.CommonController.getJssdk(java.lang.String,java.lang.String,java.lang.String)
03:16:58.762 INFO  o.s.w.s.m.m.a.RequestMappingHandlerMapping - Mapped "{[/qiniu-token],methods=[GET]}" onto public com.alibaba.fastjson.JSONObject com.wmeimob.custom.system.controller.CommonController.getQiniuToken(javax.servlet.http.HttpServletRequest)
03:16:58.762 INFO  o.s.w.s.m.m.a.RequestMappingHandlerMapping - Mapped "{[/core/token],methods=[GET]}" onto public java.util.Map<java.lang.String, java.lang.Object> com.wmeimob.custom.system.controller.WechatController.getToken(javax.servlet.http.HttpServletRequest,java.lang.String,java.lang.String)
03:16:58.765 INFO  o.s.w.s.m.m.a.RequestMappingHandlerMapping - Mapped "{[/city/treeinfo],methods=[GET]}" onto public com.alibaba.fastjson.JSONObject com.wmeimob.kexiang.wechat.controller.CityController.treeinfo(javax.servlet.http.HttpServletRequest)
03:16:58.765 INFO  o.s.w.s.m.m.a.RequestMappingHandlerMapping - Mapped "{[/city/info],methods=[GET]}" onto public com.alibaba.fastjson.JSONObject com.wmeimob.kexiang.wechat.controller.CityController.treeinfo(javax.servlet.http.HttpServletRequest,java.lang.Integer,java.lang.Integer)
03:16:58.766 INFO  o.s.w.s.m.m.a.RequestMappingHandlerMapping - Mapped "{[/company/info]}" onto public com.alibaba.fastjson.JSONObject com.wmeimob.kexiang.wechat.controller.CompanyController.info(javax.servlet.http.HttpServletRequest)
03:16:58.767 INFO  o.s.w.s.m.m.a.RequestMappingHandlerMapping - Mapped "{[/member/info]}" onto public com.alibaba.fastjson.JSONObject com.wmeimob.kexiang.wechat.controller.MemberController.info(javax.servlet.http.HttpServletRequest)
03:16:58.768 INFO  o.s.w.s.m.m.a.RequestMappingHandlerMapping - Mapped "{[/member/auth]}" onto public com.alibaba.fastjson.JSONObject com.wmeimob.kexiang.wechat.controller.MemberController.auth(javax.servlet.http.HttpServletRequest)
03:16:58.768 INFO  o.s.w.s.m.m.a.RequestMappingHandlerMapping - Mapped "{[/member/bingding],methods=[POST]}" onto public com.alibaba.fastjson.JSONObject com.wmeimob.kexiang.wechat.controller.MemberController.bingding(javax.servlet.http.HttpServletRequest,java.lang.String,java.lang.String)
03:16:58.772 INFO  o.s.w.s.m.m.a.RequestMappingHandlerMapping - Mapped "{[/order/order],methods=[DELETE]}" onto public com.alibaba.fastjson.JSONObject com.wmeimob.kexiang.wechat.controller.OrderController.order(javax.servlet.http.HttpServletRequest,java.lang.Integer)
03:16:58.773 INFO  o.s.w.s.m.m.a.RequestMappingHandlerMapping - Mapped "{[/order/order],methods=[POST]}" onto public com.alibaba.fastjson.JSONObject com.wmeimob.kexiang.wechat.controller.OrderController.order(javax.servlet.http.HttpServletRequest,java.util.Map<java.lang.String, java.lang.Object>)
03:16:58.773 INFO  o.s.w.s.m.m.a.RequestMappingHandlerMapping - Mapped "{[/order/info]}" onto public com.alibaba.fastjson.JSONObject com.wmeimob.kexiang.wechat.controller.OrderController.info(javax.servlet.http.HttpServletRequest,java.lang.String)
03:16:58.773 INFO  o.s.w.s.m.m.a.RequestMappingHandlerMapping - Mapped "{[/order/infobase]}" onto public com.alibaba.fastjson.JSONObject com.wmeimob.kexiang.wechat.controller.OrderController.infobase(javax.servlet.http.HttpServletRequest,java.lang.Integer)
03:16:58.773 INFO  o.s.w.s.m.m.a.RequestMappingHandlerMapping - Mapped "{[/order/detailbase]}" onto public com.alibaba.fastjson.JSONObject com.wmeimob.kexiang.wechat.controller.OrderController.detailbase(javax.servlet.http.HttpServletRequest,java.lang.Integer)
03:16:58.774 INFO  o.s.w.s.m.m.a.RequestMappingHandlerMapping - Mapped "{[/order/editorder],methods=[POST]}" onto public com.alibaba.fastjson.JSONObject com.wmeimob.kexiang.wechat.controller.OrderController.editorder(javax.servlet.http.HttpServletRequest,java.util.Map<java.lang.String, java.lang.Object>)
03:16:58.774 INFO  o.s.w.s.m.m.a.RequestMappingHandlerMapping - Mapped "{[/order/edittwiceorder],methods=[POST]}" onto public com.alibaba.fastjson.JSONObject com.wmeimob.kexiang.wechat.controller.OrderController.edittwiceorder(javax.servlet.http.HttpServletRequest,java.util.Map<java.lang.String, java.lang.Object>)
03:16:58.774 INFO  o.s.w.s.m.m.a.RequestMappingHandlerMapping - Mapped "{[/order/{id}],methods=[PUT]}" onto public com.alibaba.fastjson.JSONObject com.wmeimob.kexiang.wechat.controller.OrderController.submitOrder(java.lang.Integer)
03:16:58.775 INFO  o.s.w.s.m.m.a.RequestMappingHandlerMapping - Mapped "{[/tecent/sendCode]}" onto public com.alibaba.fastjson.JSONObject com.wmeimob.kexiang.wechat.controller.TecentController.sendCode(javax.servlet.http.HttpServletRequest,java.lang.String)
03:16:58.775 INFO  o.s.w.s.m.m.a.RequestMappingHandlerMapping - Mapped "{[/restError]}" onto public com.alibaba.fastjson.JSONObject com.wmeimob.custom.exception.ExceptionController.restError(javax.servlet.http.HttpServletRequest)
03:16:58.779 INFO  o.s.w.s.m.m.a.RequestMappingHandlerMapping - Mapped "{[/error]}" onto public org.springframework.http.ResponseEntity<java.util.Map<java.lang.String, java.lang.Object>> org.springframework.boot.autoconfigure.web.BasicErrorController.error(javax.servlet.http.HttpServletRequest)
03:16:58.780 INFO  o.s.w.s.m.m.a.RequestMappingHandlerMapping - Mapped "{[/error],produces=[text/html]}" onto public org.springframework.web.servlet.ModelAndView org.springframework.boot.autoconfigure.web.BasicErrorController.errorHtml(javax.servlet.http.HttpServletRequest,javax.servlet.http.HttpServletResponse)
03:16:59.188 INFO  o.s.w.s.h.SimpleUrlHandlerMapping - Mapped URL path [/webjars/**] onto handler of type [class org.springframework.web.servlet.resource.ResourceHttpRequestHandler]
03:16:59.188 INFO  o.s.w.s.h.SimpleUrlHandlerMapping - Mapped URL path [/**] onto handler of type [class org.springframework.web.servlet.resource.ResourceHttpRequestHandler]
03:16:59.301 INFO  o.s.w.s.h.SimpleUrlHandlerMapping - Mapped URL path [/**/favicon.ico] onto handler of type [class org.springframework.web.servlet.resource.ResourceHttpRequestHandler]
03:17:00.428 INFO  o.s.b.a.e.mvc.EndpointHandlerMapping - Mapped "{[/beans || /beans.json],methods=[GET],produces=[application/vnd.spring-boot.actuator.v1+json || application/json]}" onto public java.lang.Object org.springframework.boot.actuate.endpoint.mvc.EndpointMvcAdapter.invoke()
03:17:00.430 INFO  o.s.b.a.e.mvc.EndpointHandlerMapping - Mapped "{[/dump || /dump.json],methods=[GET],produces=[application/vnd.spring-boot.actuator.v1+json || application/json]}" onto public java.lang.Object org.springframework.boot.actuate.endpoint.mvc.EndpointMvcAdapter.invoke()
03:17:00.431 INFO  o.s.b.a.e.mvc.EndpointHandlerMapping - Mapped "{[/env/{name:.*}],methods=[GET],produces=[application/vnd.spring-boot.actuator.v1+json || application/json]}" onto public java.lang.Object org.springframework.boot.actuate.endpoint.mvc.EnvironmentMvcEndpoint.value(java.lang.String)
03:17:00.431 INFO  o.s.b.a.e.mvc.EndpointHandlerMapping - Mapped "{[/env || /env.json],methods=[GET],produces=[application/vnd.spring-boot.actuator.v1+json || application/json]}" onto public java.lang.Object org.springframework.boot.actuate.endpoint.mvc.EndpointMvcAdapter.invoke()
03:17:00.432 INFO  o.s.b.a.e.mvc.EndpointHandlerMapping - Mapped "{[/mappings || /mappings.json],methods=[GET],produces=[application/vnd.spring-boot.actuator.v1+json || application/json]}" onto public java.lang.Object org.springframework.boot.actuate.endpoint.mvc.EndpointMvcAdapter.invoke()
03:17:00.434 INFO  o.s.b.a.e.mvc.EndpointHandlerMapping - Mapped "{[/trace || /trace.json],methods=[GET],produces=[application/vnd.spring-boot.actuator.v1+json || application/json]}" onto public java.lang.Object org.springframework.boot.actuate.endpoint.mvc.EndpointMvcAdapter.invoke()
03:17:00.435 INFO  o.s.b.a.e.mvc.EndpointHandlerMapping - Mapped "{[/configprops || /configprops.json],methods=[GET],produces=[application/vnd.spring-boot.actuator.v1+json || application/json]}" onto public java.lang.Object org.springframework.boot.actuate.endpoint.mvc.EndpointMvcAdapter.invoke()
03:17:00.439 INFO  o.s.b.a.e.mvc.EndpointHandlerMapping - Mapped "{[/health || /health.json],methods=[GET],produces=[application/vnd.spring-boot.actuator.v1+json || application/json]}" onto public java.lang.Object org.springframework.boot.actuate.endpoint.mvc.HealthMvcEndpoint.invoke(javax.servlet.http.HttpServletRequest,java.security.Principal)
03:17:00.440 INFO  o.s.b.a.e.mvc.EndpointHandlerMapping - Mapped "{[/metrics/{name:.*}],methods=[GET],produces=[application/vnd.spring-boot.actuator.v1+json || application/json]}" onto public java.lang.Object org.springframework.boot.actuate.endpoint.mvc.MetricsMvcEndpoint.value(java.lang.String)
03:17:00.440 INFO  o.s.b.a.e.mvc.EndpointHandlerMapping - Mapped "{[/metrics || /metrics.json],methods=[GET],produces=[application/vnd.spring-boot.actuator.v1+json || application/json]}" onto public java.lang.Object org.springframework.boot.actuate.endpoint.mvc.EndpointMvcAdapter.invoke()
03:17:00.444 INFO  o.s.b.a.e.mvc.EndpointHandlerMapping - Mapped "{[/heapdump || /heapdump.json],methods=[GET],produces=[application/octet-stream]}" onto public void org.springframework.boot.actuate.endpoint.mvc.HeapdumpMvcEndpoint.invoke(boolean,javax.servlet.http.HttpServletRequest,javax.servlet.http.HttpServletResponse) throws java.io.IOException,javax.servlet.ServletException
03:17:00.451 INFO  o.s.b.a.e.mvc.EndpointHandlerMapping - Mapped "{[/loggers/{name:.*}],methods=[GET],produces=[application/vnd.spring-boot.actuator.v1+json || application/json]}" onto public java.lang.Object org.springframework.boot.actuate.endpoint.mvc.LoggersMvcEndpoint.get(java.lang.String)
03:17:00.452 INFO  o.s.b.a.e.mvc.EndpointHandlerMapping - Mapped "{[/loggers/{name:.*}],methods=[POST],consumes=[application/vnd.spring-boot.actuator.v1+json || application/json],produces=[application/vnd.spring-boot.actuator.v1+json || application/json]}" onto public java.lang.Object org.springframework.boot.actuate.endpoint.mvc.LoggersMvcEndpoint.set(java.lang.String,java.util.Map<java.lang.String, java.lang.String>)
03:17:00.452 INFO  o.s.b.a.e.mvc.EndpointHandlerMapping - Mapped "{[/loggers || /loggers.json],methods=[GET],produces=[application/vnd.spring-boot.actuator.v1+json || application/json]}" onto public java.lang.Object org.springframework.boot.actuate.endpoint.mvc.EndpointMvcAdapter.invoke()
03:17:00.455 INFO  o.s.b.a.e.mvc.EndpointHandlerMapping - Mapped "{[/auditevents || /auditevents.json],methods=[GET],produces=[application/vnd.spring-boot.actuator.v1+json || application/json]}" onto public org.springframework.http.ResponseEntity<?> org.springframework.boot.actuate.endpoint.mvc.AuditEventsMvcEndpoint.findByPrincipalAndAfterAndType(java.lang.String,java.util.Date,java.lang.String)
03:17:00.456 INFO  o.s.b.a.e.mvc.EndpointHandlerMapping - Mapped "{[/info || /info.json],methods=[GET],produces=[application/vnd.spring-boot.actuator.v1+json || application/json]}" onto public java.lang.Object org.springframework.boot.actuate.endpoint.mvc.EndpointMvcAdapter.invoke()
03:17:00.456 INFO  o.s.b.a.e.mvc.EndpointHandlerMapping - Mapped "{[/autoconfig || /autoconfig.json],methods=[GET],produces=[application/vnd.spring-boot.actuator.v1+json || application/json]}" onto public java.lang.Object org.springframework.boot.actuate.endpoint.mvc.EndpointMvcAdapter.invoke()
03:17:00.580 INFO  o.s.s.web.DefaultSecurityFilterChain - Creating filter chain: org.springframework.boot.actuate.autoconfigure.ManagementWebSecurityAutoConfiguration$LazyEndpointPathRequestMatcher@4fbbd98c, [org.springframework.security.web.context.request.async.WebAsyncManagerIntegrationFilter@5dd227b7, org.springframework.security.web.context.SecurityContextPersistenceFilter@37dec463, org.springframework.security.web.header.HeaderWriterFilter@4f2d8175, org.springframework.web.filter.CorsFilter@3d3b852e, org.springframework.security.web.authentication.logout.LogoutFilter@69944a90, org.springframework.security.web.authentication.www.BasicAuthenticationFilter@663cf5d7, org.springframework.security.web.savedrequest.RequestCacheAwareFilter@45451333, org.springframework.security.web.servletapi.SecurityContextHolderAwareRequestFilter@59b1edab, org.springframework.security.web.authentication.AnonymousAuthenticationFilter@14ba7f15, org.springframework.security.web.session.SessionManagementFilter@1203d787, org.springframework.security.web.access.ExceptionTranslationFilter@6109d880, org.springframework.security.web.access.intercept.FilterSecurityInterceptor@11a67420]
03:17:00.650 INFO  c.w.custom.config.DataSourceConfig - 【配置sqlSessionTemplate】
03:17:01.769 INFO  o.s.w.s.m.m.a.RequestMappingHandlerAdapter - Looking for @ControllerAdvice: org.springframework.boot.context.embedded.AnnotationConfigEmbeddedWebApplicationContext@4ce7fffa: startup date [Mon Mar 12 03:16:46 CST 2018]; root of context hierarchy
03:17:01.925 INFO  o.s.w.s.m.m.a.ExceptionHandlerExceptionResolver - Detected @ExceptionHandler methods in exceptionController
03:17:04.450 INFO  o.s.j.e.a.AnnotationMBeanExporter - Registering beans for JMX exposure on startup
03:17:04.455 INFO  o.s.b.a.e.jmx.EndpointMBeanExporter - Registering beans for JMX exposure on startup
03:17:04.459 INFO  o.s.c.s.DefaultLifecycleProcessor - Starting beans in phase 0
03:17:04.461 INFO  o.s.b.a.e.jmx.EndpointMBeanExporter - Located managed bean 'auditEventsEndpoint': registering with JMX server as MBean [org.springframework.boot:type=Endpoint,name=auditEventsEndpoint]
03:17:04.478 INFO  o.s.b.a.e.jmx.EndpointMBeanExporter - Located managed bean 'requestMappingEndpoint': registering with JMX server as MBean [org.springframework.boot:type=Endpoint,name=requestMappingEndpoint]
03:17:04.496 INFO  o.s.b.a.e.jmx.EndpointMBeanExporter - Located managed bean 'environmentEndpoint': registering with JMX server as MBean [org.springframework.boot:type=Endpoint,name=environmentEndpoint]
03:17:04.502 INFO  o.s.b.a.e.jmx.EndpointMBeanExporter - Located managed bean 'healthEndpoint': registering with JMX server as MBean [org.springframework.boot:type=Endpoint,name=healthEndpoint]
03:17:04.504 INFO  o.s.b.a.e.jmx.EndpointMBeanExporter - Located managed bean 'beansEndpoint': registering with JMX server as MBean [org.springframework.boot:type=Endpoint,name=beansEndpoint]
03:17:04.507 INFO  o.s.b.a.e.jmx.EndpointMBeanExporter - Located managed bean 'infoEndpoint': registering with JMX server as MBean [org.springframework.boot:type=Endpoint,name=infoEndpoint]
03:17:04.510 INFO  o.s.b.a.e.jmx.EndpointMBeanExporter - Located managed bean 'loggersEndpoint': registering with JMX server as MBean [org.springframework.boot:type=Endpoint,name=loggersEndpoint]
03:17:04.521 INFO  o.s.b.a.e.jmx.EndpointMBeanExporter - Located managed bean 'metricsEndpoint': registering with JMX server as MBean [org.springframework.boot:type=Endpoint,name=metricsEndpoint]
03:17:04.525 INFO  o.s.b.a.e.jmx.EndpointMBeanExporter - Located managed bean 'traceEndpoint': registering with JMX server as MBean [org.springframework.boot:type=Endpoint,name=traceEndpoint]
03:17:04.528 INFO  o.s.b.a.e.jmx.EndpointMBeanExporter - Located managed bean 'dumpEndpoint': registering with JMX server as MBean [org.springframework.boot:type=Endpoint,name=dumpEndpoint]
03:17:04.531 INFO  o.s.b.a.e.jmx.EndpointMBeanExporter - Located managed bean 'autoConfigurationReportEndpoint': registering with JMX server as MBean [org.springframework.boot:type=Endpoint,name=autoConfigurationReportEndpoint]
03:17:04.546 INFO  o.s.b.a.e.jmx.EndpointMBeanExporter - Located managed bean 'configurationPropertiesReportEndpoint': registering with JMX server as MBean [org.springframework.boot:type=Endpoint,name=configurationPropertiesReportEndpoint]
03:17:04.548 INFO  o.s.c.s.DefaultLifecycleProcessor - Starting beans in phase 2147483647
03:17:04.575 INFO  o.s.s.a.ScheduledAnnotationBeanPostProcessor - No TaskScheduler/ScheduledExecutorService bean found for scheduled processing
03:17:04.721 INFO  o.s.b.c.e.u.UndertowEmbeddedServletContainer - Undertow started on port(s) 52001 (http)
03:17:04.726 INFO  com.wmeimob.KexiangWechatApplication - Started KexiangWechatApplication in 18.808 seconds (JVM running for 19.633)
03:17:11.474 INFO  io.undertow.servlet - Initializing Spring FrameworkServlet 'dispatcherServlet'
03:17:11.474 INFO  o.s.web.servlet.DispatcherServlet - FrameworkServlet 'dispatcherServlet': initialization started
03:17:11.552 INFO  o.s.web.servlet.DispatcherServlet - FrameworkServlet 'dispatcherServlet': initialization completed in 77 ms
03:17:34.453 INFO  c.wmeimob.tools.web.IpAddressHelper - request ip 0:127.0.0.1
03:29:28.761 INFO  com.wmeimob.KexiangWechatApplication - Starting KexiangWechatApplication on SC-201712081240 with PID 21656 (G:\MeiMeng\kexiang-project\KeXiang\kexiang-wechat-base\target\classes started by Administrator in G:\MeiMeng\kexiang-project\KeXiang\kexiang-wechat-base)
03:29:28.765 INFO  com.wmeimob.KexiangWechatApplication - The following profiles are active: local
03:29:28.845 INFO  o.s.b.c.e.AnnotationConfigEmbeddedWebApplicationContext - Refreshing org.springframework.boot.context.embedded.AnnotationConfigEmbeddedWebApplicationContext@4ce7fffa: startup date [Mon Mar 12 03:29:28 CST 2018]; root of context hierarchy
03:29:30.502 INFO  o.s.b.f.s.DefaultListableBeanFactory - Overriding bean definition for bean 'propertySourcesPlaceholderConfigurer' with a different definition: replacing [Root bean: class [org.springframework.boot.autoconfigure.context.PropertyPlaceholderAutoConfiguration]; scope=; abstract=false; lazyInit=false; autowireMode=3; dependencyCheck=0; autowireCandidate=true; primary=false; factoryBeanName=null; factoryMethodName=propertySourcesPlaceholderConfigurer; initMethodName=null; destroyMethodName=(inferred); defined in class path resource [org/springframework/boot/autoconfigure/context/PropertyPlaceholderAutoConfiguration.class]] with [Root bean: class [org.springframework.boot.autoconfigure.session.RedisSessionConfiguration$SpringBootRedisHttpSessionConfiguration]; scope=; abstract=false; lazyInit=false; autowireMode=3; dependencyCheck=0; autowireCandidate=true; primary=false; factoryBeanName=null; factoryMethodName=propertySourcesPlaceholderConfigurer; initMethodName=null; destroyMethodName=(inferred); defined in class path resource [org/springframework/boot/autoconfigure/session/RedisSessionConfiguration$SpringBootRedisHttpSessionConfiguration.class]]
03:29:31.931 INFO  c.w.custom.config.DataSourceConfig - 【配置事务】
03:29:31.939 INFO  c.w.custom.config.DataSourceConfig - 【配置数据源】
03:29:33.107 INFO  org.xnio - XNIO version 3.3.8.Final
03:29:33.134 INFO  org.xnio.nio - XNIO NIO Implementation Version 3.3.8.Final
03:29:33.342 INFO  io.undertow.servlet - Initializing Spring embedded WebApplicationContext
03:29:33.342 INFO  o.s.web.context.ContextLoader - Root WebApplicationContext: initialization completed in 4497 ms
03:29:35.799 INFO  o.s.b.w.s.FilterRegistrationBean - Mapping filter: 'metricsFilter' to: [/*]
03:29:35.800 INFO  o.s.b.w.s.FilterRegistrationBean - Mapping filter: 'characterEncodingFilter' to: [/*]
03:29:35.801 INFO  o.s.b.w.s.FilterRegistrationBean - Mapping filter: 'springSessionRepositoryFilter' to: [/*]
03:29:35.802 INFO  o.s.b.w.s.FilterRegistrationBean - Mapping filter: 'hiddenHttpMethodFilter' to: [/*]
03:29:35.802 INFO  o.s.b.w.s.FilterRegistrationBean - Mapping filter: 'httpPutFormContentFilter' to: [/*]
03:29:35.802 INFO  o.s.b.w.s.FilterRegistrationBean - Mapping filter: 'requestContextFilter' to: [/*]
03:29:35.805 INFO  o.s.b.w.s.DelegatingFilterProxyRegistrationBean - Mapping filter: 'springSecurityFilterChain' to: [/*]
03:29:35.805 INFO  o.s.b.w.s.FilterRegistrationBean - Mapping filter: 'webRequestLoggingFilter' to: [/*]
03:29:35.805 INFO  o.s.b.w.s.FilterRegistrationBean - Mapping filter: 'jwtAuthenticationTokenFilter' to: [/*]
03:29:35.805 INFO  o.s.b.w.s.FilterRegistrationBean - Mapping filter: 'applicationContextIdFilter' to: [/*]
03:29:35.813 INFO  o.s.b.w.s.ServletRegistrationBean - Mapping servlet: 'dispatcherServlet' to [/]
03:29:36.035 INFO  c.w.custom.config.DataSourceConfig - 【配置sqlSessionFactory】
03:29:38.616 INFO  o.s.s.web.DefaultSecurityFilterChain - Creating filter chain: org.springframework.security.web.util.matcher.AnyRequestMatcher@1, [org.springframework.security.web.context.request.async.WebAsyncManagerIntegrationFilter@470f0637, org.springframework.security.web.context.SecurityContextPersistenceFilter@6c19769c, org.springframework.security.web.header.HeaderWriterFilter@6a07e6ca, org.springframework.security.web.authentication.logout.LogoutFilter@758d4aa9, com.wmeimob.custom.system.security.JwtAuthenticationTokenFilter@45297e7, org.springframework.security.web.savedrequest.RequestCacheAwareFilter@62de20d3, org.springframework.security.web.servletapi.SecurityContextHolderAwareRequestFilter@1203d787, org.springframework.security.web.authentication.AnonymousAuthenticationFilter@6b278b17, org.springframework.security.web.session.SessionManagementFilter@13ebccd, org.springframework.security.web.access.ExceptionTranslationFilter@5521407f, org.springframework.security.web.access.intercept.FilterSecurityInterceptor@7b423f90]
03:29:38.825 INFO  o.s.w.s.m.m.a.RequestMappingHandlerMapping - Mapped "{[/file-name],methods=[GET]}" onto public com.alibaba.fastjson.JSONObject com.wmeimob.custom.system.controller.CommonController.getFileName(java.lang.String,java.lang.String,java.lang.String,java.lang.String...)
03:29:38.827 INFO  o.s.w.s.m.m.a.RequestMappingHandlerMapping - Mapped "{[/data-dictionary],methods=[GET]}" onto public com.alibaba.fastjson.JSONObject com.wmeimob.custom.system.controller.CommonController.getDataDict(javax.servlet.http.HttpServletRequest)
03:29:38.827 INFO  o.s.w.s.m.m.a.RequestMappingHandlerMapping - Mapped "{[/qiniu-token],methods=[GET]}" onto public com.alibaba.fastjson.JSONObject com.wmeimob.custom.system.controller.CommonController.getQiniuToken(javax.servlet.http.HttpServletRequest)
03:29:38.827 INFO  o.s.w.s.m.m.a.RequestMappingHandlerMapping - Mapped "{[/jssdk],methods=[GET]}" onto public com.alibaba.fastjson.JSONObject com.wmeimob.custom.system.controller.CommonController.getJssdk(java.lang.String,java.lang.String,java.lang.String)
03:29:38.828 INFO  o.s.w.s.m.m.a.RequestMappingHandlerMapping - Mapped "{[/core/token],methods=[GET]}" onto public java.util.Map<java.lang.String, java.lang.Object> com.wmeimob.custom.system.controller.WechatController.getToken(javax.servlet.http.HttpServletRequest,java.lang.String,java.lang.String)
03:29:38.830 INFO  o.s.w.s.m.m.a.RequestMappingHandlerMapping - Mapped "{[/city/treeinfo],methods=[GET]}" onto public com.alibaba.fastjson.JSONObject com.wmeimob.kexiang.wechat.controller.CityController.treeinfo(javax.servlet.http.HttpServletRequest)
03:29:38.831 INFO  o.s.w.s.m.m.a.RequestMappingHandlerMapping - Mapped "{[/city/info],methods=[GET]}" onto public com.alibaba.fastjson.JSONObject com.wmeimob.kexiang.wechat.controller.CityController.treeinfo(javax.servlet.http.HttpServletRequest,java.lang.Integer,java.lang.Integer)
03:29:38.831 INFO  o.s.w.s.m.m.a.RequestMappingHandlerMapping - Mapped "{[/company/info]}" onto public com.alibaba.fastjson.JSONObject com.wmeimob.kexiang.wechat.controller.CompanyController.info(javax.servlet.http.HttpServletRequest)
03:29:38.839 INFO  o.s.w.s.m.m.a.RequestMappingHandlerMapping - Mapped "{[/member/info]}" onto public com.alibaba.fastjson.JSONObject com.wmeimob.kexiang.wechat.controller.MemberController.info(javax.servlet.http.HttpServletRequest)
03:29:38.839 INFO  o.s.w.s.m.m.a.RequestMappingHandlerMapping - Mapped "{[/member/auth]}" onto public com.alibaba.fastjson.JSONObject com.wmeimob.kexiang.wechat.controller.MemberController.auth(javax.servlet.http.HttpServletRequest)
03:29:38.839 INFO  o.s.w.s.m.m.a.RequestMappingHandlerMapping - Mapped "{[/member/bingding],methods=[POST]}" onto public com.alibaba.fastjson.JSONObject com.wmeimob.kexiang.wechat.controller.MemberController.bingding(javax.servlet.http.HttpServletRequest,java.lang.String,java.lang.String)
03:29:38.846 INFO  o.s.w.s.m.m.a.RequestMappingHandlerMapping - Mapped "{[/order/order],methods=[POST]}" onto public com.alibaba.fastjson.JSONObject com.wmeimob.kexiang.wechat.controller.OrderController.order(javax.servlet.http.HttpServletRequest,java.util.Map<java.lang.String, java.lang.Object>)
03:29:38.846 INFO  o.s.w.s.m.m.a.RequestMappingHandlerMapping - Mapped "{[/order/order],methods=[DELETE]}" onto public com.alibaba.fastjson.JSONObject com.wmeimob.kexiang.wechat.controller.OrderController.order(javax.servlet.http.HttpServletRequest,java.lang.Integer)
03:29:38.847 INFO  o.s.w.s.m.m.a.RequestMappingHandlerMapping - Mapped "{[/order/info]}" onto public com.alibaba.fastjson.JSONObject com.wmeimob.kexiang.wechat.controller.OrderController.info(javax.servlet.http.HttpServletRequest,java.lang.String)
03:29:38.847 INFO  o.s.w.s.m.m.a.RequestMappingHandlerMapping - Mapped "{[/order/infobase]}" onto public com.alibaba.fastjson.JSONObject com.wmeimob.kexiang.wechat.controller.OrderController.infobase(javax.servlet.http.HttpServletRequest,java.lang.Integer)
03:29:38.847 INFO  o.s.w.s.m.m.a.RequestMappingHandlerMapping - Mapped "{[/order/editorder],methods=[POST]}" onto public com.alibaba.fastjson.JSONObject com.wmeimob.kexiang.wechat.controller.OrderController.editorder(javax.servlet.http.HttpServletRequest,java.util.Map<java.lang.String, java.lang.Object>)
03:29:38.848 INFO  o.s.w.s.m.m.a.RequestMappingHandlerMapping - Mapped "{[/order/detailbase]}" onto public com.alibaba.fastjson.JSONObject com.wmeimob.kexiang.wechat.controller.OrderController.detailbase(javax.servlet.http.HttpServletRequest,java.lang.Integer)
03:29:38.848 INFO  o.s.w.s.m.m.a.RequestMappingHandlerMapping - Mapped "{[/order/edittwiceorder],methods=[POST]}" onto public com.alibaba.fastjson.JSONObject com.wmeimob.kexiang.wechat.controller.OrderController.edittwiceorder(javax.servlet.http.HttpServletRequest,java.util.Map<java.lang.String, java.lang.Object>)
03:29:38.848 INFO  o.s.w.s.m.m.a.RequestMappingHandlerMapping - Mapped "{[/order/{id}],methods=[PUT]}" onto public com.alibaba.fastjson.JSONObject com.wmeimob.kexiang.wechat.controller.OrderController.submitOrder(java.lang.Integer)
03:29:38.849 INFO  o.s.w.s.m.m.a.RequestMappingHandlerMapping - Mapped "{[/tecent/sendCode]}" onto public com.alibaba.fastjson.JSONObject com.wmeimob.kexiang.wechat.controller.TecentController.sendCode(javax.servlet.http.HttpServletRequest,java.lang.String)
03:29:38.849 INFO  o.s.w.s.m.m.a.RequestMappingHandlerMapping - Mapped "{[/restError]}" onto public com.alibaba.fastjson.JSONObject com.wmeimob.custom.exception.ExceptionController.restError(javax.servlet.http.HttpServletRequest)
03:29:38.851 INFO  o.s.w.s.m.m.a.RequestMappingHandlerMapping - Mapped "{[/error]}" onto public org.springframework.http.ResponseEntity<java.util.Map<java.lang.String, java.lang.Object>> org.springframework.boot.autoconfigure.web.BasicErrorController.error(javax.servlet.http.HttpServletRequest)
03:29:38.852 INFO  o.s.w.s.m.m.a.RequestMappingHandlerMapping - Mapped "{[/error],produces=[text/html]}" onto public org.springframework.web.servlet.ModelAndView org.springframework.boot.autoconfigure.web.BasicErrorController.errorHtml(javax.servlet.http.HttpServletRequest,javax.servlet.http.HttpServletResponse)
03:29:39.137 INFO  o.s.w.s.h.SimpleUrlHandlerMapping - Mapped URL path [/webjars/**] onto handler of type [class org.springframework.web.servlet.resource.ResourceHttpRequestHandler]
03:29:39.142 INFO  o.s.w.s.h.SimpleUrlHandlerMapping - Mapped URL path [/**] onto handler of type [class org.springframework.web.servlet.resource.ResourceHttpRequestHandler]
03:29:39.274 INFO  o.s.w.s.h.SimpleUrlHandlerMapping - Mapped URL path [/**/favicon.ico] onto handler of type [class org.springframework.web.servlet.resource.ResourceHttpRequestHandler]
03:29:40.305 INFO  o.s.b.a.e.mvc.EndpointHandlerMapping - Mapped "{[/autoconfig || /autoconfig.json],methods=[GET],produces=[application/vnd.spring-boot.actuator.v1+json || application/json]}" onto public java.lang.Object org.springframework.boot.actuate.endpoint.mvc.EndpointMvcAdapter.invoke()
03:29:40.306 INFO  o.s.b.a.e.mvc.EndpointHandlerMapping - Mapped "{[/mappings || /mappings.json],methods=[GET],produces=[application/vnd.spring-boot.actuator.v1+json || application/json]}" onto public java.lang.Object org.springframework.boot.actuate.endpoint.mvc.EndpointMvcAdapter.invoke()
03:29:40.306 INFO  o.s.b.a.e.mvc.EndpointHandlerMapping - Mapped "{[/beans || /beans.json],methods=[GET],produces=[application/vnd.spring-boot.actuator.v1+json || application/json]}" onto public java.lang.Object org.springframework.boot.actuate.endpoint.mvc.EndpointMvcAdapter.invoke()
03:29:40.309 INFO  o.s.b.a.e.mvc.EndpointHandlerMapping - Mapped "{[/health || /health.json],methods=[GET],produces=[application/vnd.spring-boot.actuator.v1+json || application/json]}" onto public java.lang.Object org.springframework.boot.actuate.endpoint.mvc.HealthMvcEndpoint.invoke(javax.servlet.http.HttpServletRequest,java.security.Principal)
03:29:40.311 INFO  o.s.b.a.e.mvc.EndpointHandlerMapping - Mapped "{[/env/{name:.*}],methods=[GET],produces=[application/vnd.spring-boot.actuator.v1+json || application/json]}" onto public java.lang.Object org.springframework.boot.actuate.endpoint.mvc.EnvironmentMvcEndpoint.value(java.lang.String)
03:29:40.311 INFO  o.s.b.a.e.mvc.EndpointHandlerMapping - Mapped "{[/env || /env.json],methods=[GET],produces=[application/vnd.spring-boot.actuator.v1+json || application/json]}" onto public java.lang.Object org.springframework.boot.actuate.endpoint.mvc.EndpointMvcAdapter.invoke()
03:29:40.312 INFO  o.s.b.a.e.mvc.EndpointHandlerMapping - Mapped "{[/auditevents || /auditevents.json],methods=[GET],produces=[application/vnd.spring-boot.actuator.v1+json || application/json]}" onto public org.springframework.http.ResponseEntity<?> org.springframework.boot.actuate.endpoint.mvc.AuditEventsMvcEndpoint.findByPrincipalAndAfterAndType(java.lang.String,java.util.Date,java.lang.String)
03:29:40.314 INFO  o.s.b.a.e.mvc.EndpointHandlerMapping - Mapped "{[/heapdump || /heapdump.json],methods=[GET],produces=[application/octet-stream]}" onto public void org.springframework.boot.actuate.endpoint.mvc.HeapdumpMvcEndpoint.invoke(boolean,javax.servlet.http.HttpServletRequest,javax.servlet.http.HttpServletResponse) throws java.io.IOException,javax.servlet.ServletException
03:29:40.316 INFO  o.s.b.a.e.mvc.EndpointHandlerMapping - Mapped "{[/loggers/{name:.*}],methods=[GET],produces=[application/vnd.spring-boot.actuator.v1+json || application/json]}" onto public java.lang.Object org.springframework.boot.actuate.endpoint.mvc.LoggersMvcEndpoint.get(java.lang.String)
03:29:40.317 INFO  o.s.b.a.e.mvc.EndpointHandlerMapping - Mapped "{[/loggers/{name:.*}],methods=[POST],consumes=[application/vnd.spring-boot.actuator.v1+json || application/json],produces=[application/vnd.spring-boot.actuator.v1+json || application/json]}" onto public java.lang.Object org.springframework.boot.actuate.endpoint.mvc.LoggersMvcEndpoint.set(java.lang.String,java.util.Map<java.lang.String, java.lang.String>)
03:29:40.317 INFO  o.s.b.a.e.mvc.EndpointHandlerMapping - Mapped "{[/loggers || /loggers.json],methods=[GET],produces=[application/vnd.spring-boot.actuator.v1+json || application/json]}" onto public java.lang.Object org.springframework.boot.actuate.endpoint.mvc.EndpointMvcAdapter.invoke()
03:29:40.319 INFO  o.s.b.a.e.mvc.EndpointHandlerMapping - Mapped "{[/info || /info.json],methods=[GET],produces=[application/vnd.spring-boot.actuator.v1+json || application/json]}" onto public java.lang.Object org.springframework.boot.actuate.endpoint.mvc.EndpointMvcAdapter.invoke()
03:29:40.324 INFO  o.s.b.a.e.mvc.EndpointHandlerMapping - Mapped "{[/trace || /trace.json],methods=[GET],produces=[application/vnd.spring-boot.actuator.v1+json || application/json]}" onto public java.lang.Object org.springframework.boot.actuate.endpoint.mvc.EndpointMvcAdapter.invoke()
03:29:40.332 INFO  o.s.b.a.e.mvc.EndpointHandlerMapping - Mapped "{[/configprops || /configprops.json],methods=[GET],produces=[application/vnd.spring-boot.actuator.v1+json || application/json]}" onto public java.lang.Object org.springframework.boot.actuate.endpoint.mvc.EndpointMvcAdapter.invoke()
03:29:40.333 INFO  o.s.b.a.e.mvc.EndpointHandlerMapping - Mapped "{[/metrics/{name:.*}],methods=[GET],produces=[application/vnd.spring-boot.actuator.v1+json || application/json]}" onto public java.lang.Object org.springframework.boot.actuate.endpoint.mvc.MetricsMvcEndpoint.value(java.lang.String)
03:29:40.333 INFO  o.s.b.a.e.mvc.EndpointHandlerMapping - Mapped "{[/metrics || /metrics.json],methods=[GET],produces=[application/vnd.spring-boot.actuator.v1+json || application/json]}" onto public java.lang.Object org.springframework.boot.actuate.endpoint.mvc.EndpointMvcAdapter.invoke()
03:29:40.334 INFO  o.s.b.a.e.mvc.EndpointHandlerMapping - Mapped "{[/dump || /dump.json],methods=[GET],produces=[application/vnd.spring-boot.actuator.v1+json || application/json]}" onto public java.lang.Object org.springframework.boot.actuate.endpoint.mvc.EndpointMvcAdapter.invoke()
03:29:40.444 INFO  o.s.s.web.DefaultSecurityFilterChain - Creating filter chain: org.springframework.boot.actuate.autoconfigure.ManagementWebSecurityAutoConfiguration$LazyEndpointPathRequestMatcher@44a98a23, [org.springframework.security.web.context.request.async.WebAsyncManagerIntegrationFilter@107ebdad, org.springframework.security.web.context.SecurityContextPersistenceFilter@4d770bcd, org.springframework.security.web.header.HeaderWriterFilter@5cba890e, org.springframework.web.filter.CorsFilter@e3275d3, org.springframework.security.web.authentication.logout.LogoutFilter@7582a16b, org.springframework.security.web.authentication.www.BasicAuthenticationFilter@288b73c1, org.springframework.security.web.savedrequest.RequestCacheAwareFilter@fe156f4, org.springframework.security.web.servletapi.SecurityContextHolderAwareRequestFilter@79b4cff, org.springframework.security.web.authentication.AnonymousAuthenticationFilter@1bfafce1, org.springframework.security.web.session.SessionManagementFilter@3a4cb483, org.springframework.security.web.access.ExceptionTranslationFilter@4790b897, org.springframework.security.web.access.intercept.FilterSecurityInterceptor@5d94ac8a]
03:29:40.566 INFO  c.w.custom.config.DataSourceConfig - 【配置sqlSessionTemplate】
03:29:41.475 INFO  o.s.w.s.m.m.a.RequestMappingHandlerAdapter - Looking for @ControllerAdvice: org.springframework.boot.context.embedded.AnnotationConfigEmbeddedWebApplicationContext@4ce7fffa: startup date [Mon Mar 12 03:29:28 CST 2018]; root of context hierarchy
03:29:41.625 INFO  o.s.w.s.m.m.a.ExceptionHandlerExceptionResolver - Detected @ExceptionHandler methods in exceptionController
03:29:43.751 INFO  o.s.j.e.a.AnnotationMBeanExporter - Registering beans for JMX exposure on startup
03:29:43.756 INFO  o.s.b.a.e.jmx.EndpointMBeanExporter - Registering beans for JMX exposure on startup
03:29:43.760 INFO  o.s.c.s.DefaultLifecycleProcessor - Starting beans in phase 0
03:29:43.763 INFO  o.s.b.a.e.jmx.EndpointMBeanExporter - Located managed bean 'auditEventsEndpoint': registering with JMX server as MBean [org.springframework.boot:type=Endpoint,name=auditEventsEndpoint]
03:29:43.792 INFO  o.s.b.a.e.jmx.EndpointMBeanExporter - Located managed bean 'requestMappingEndpoint': registering with JMX server as MBean [org.springframework.boot:type=Endpoint,name=requestMappingEndpoint]
03:29:43.805 INFO  o.s.b.a.e.jmx.EndpointMBeanExporter - Located managed bean 'environmentEndpoint': registering with JMX server as MBean [org.springframework.boot:type=Endpoint,name=environmentEndpoint]
03:29:43.812 INFO  o.s.b.a.e.jmx.EndpointMBeanExporter - Located managed bean 'healthEndpoint': registering with JMX server as MBean [org.springframework.boot:type=Endpoint,name=healthEndpoint]
03:29:43.828 INFO  o.s.b.a.e.jmx.EndpointMBeanExporter - Located managed bean 'beansEndpoint': registering with JMX server as MBean [org.springframework.boot:type=Endpoint,name=beansEndpoint]
03:29:43.830 INFO  o.s.b.a.e.jmx.EndpointMBeanExporter - Located managed bean 'infoEndpoint': registering with JMX server as MBean [org.springframework.boot:type=Endpoint,name=infoEndpoint]
03:29:43.832 INFO  o.s.b.a.e.jmx.EndpointMBeanExporter - Located managed bean 'loggersEndpoint': registering with JMX server as MBean [org.springframework.boot:type=Endpoint,name=loggersEndpoint]
03:29:43.837 INFO  o.s.b.a.e.jmx.EndpointMBeanExporter - Located managed bean 'metricsEndpoint': registering with JMX server as MBean [org.springframework.boot:type=Endpoint,name=metricsEndpoint]
03:29:43.839 INFO  o.s.b.a.e.jmx.EndpointMBeanExporter - Located managed bean 'traceEndpoint': registering with JMX server as MBean [org.springframework.boot:type=Endpoint,name=traceEndpoint]
03:29:43.842 INFO  o.s.b.a.e.jmx.EndpointMBeanExporter - Located managed bean 'dumpEndpoint': registering with JMX server as MBean [org.springframework.boot:type=Endpoint,name=dumpEndpoint]
03:29:43.846 INFO  o.s.b.a.e.jmx.EndpointMBeanExporter - Located managed bean 'autoConfigurationReportEndpoint': registering with JMX server as MBean [org.springframework.boot:type=Endpoint,name=autoConfigurationReportEndpoint]
03:29:43.848 INFO  o.s.b.a.e.jmx.EndpointMBeanExporter - Located managed bean 'configurationPropertiesReportEndpoint': registering with JMX server as MBean [org.springframework.boot:type=Endpoint,name=configurationPropertiesReportEndpoint]
03:29:43.849 INFO  o.s.c.s.DefaultLifecycleProcessor - Starting beans in phase 2147483647
03:29:43.868 INFO  o.s.s.a.ScheduledAnnotationBeanPostProcessor - No TaskScheduler/ScheduledExecutorService bean found for scheduled processing
03:29:43.970 INFO  o.s.b.c.e.u.UndertowEmbeddedServletContainer - Undertow started on port(s) 52001 (http)
03:29:43.975 INFO  com.wmeimob.KexiangWechatApplication - Started KexiangWechatApplication in 15.89 seconds (JVM running for 16.783)
03:29:58.453 INFO  io.undertow.servlet - Initializing Spring FrameworkServlet 'dispatcherServlet'
03:29:58.453 INFO  o.s.web.servlet.DispatcherServlet - FrameworkServlet 'dispatcherServlet': initialization started
03:29:58.494 INFO  o.s.web.servlet.DispatcherServlet - FrameworkServlet 'dispatcherServlet': initialization completed in 41 ms
03:30:13.964 INFO  c.wmeimob.tools.web.IpAddressHelper - request ip 0:127.0.0.1
