14:45:47.121 INFO  com.wmeimob.KexiangWechatApplication - Starting KexiangWechatApplication on SC-201712081240 with PID 22012 (G:\MeiMeng\kexiang-project\KeXiang\kexiang-wechat-base\target\classes started by Administrator in G:\MeiMeng\kexiang-project\KeXiang\kexiang-wechat-base)
14:45:47.127 INFO  com.wmeimob.KexiangWechatApplication - The following profiles are active: local
14:45:47.202 INFO  o.s.b.c.e.AnnotationConfigEmbeddedWebApplicationContext - Refreshing org.springframework.boot.context.embedded.AnnotationConfigEmbeddedWebApplicationContext@6986bbaf: startup date [Wed Mar 14 14:45:47 CST 2018]; root of context hierarchy
14:45:49.953 INFO  o.s.b.f.s.DefaultListableBeanFactory - Overriding bean definition for bean 'propertySourcesPlaceholderConfigurer' with a different definition: replacing [Root bean: class [org.springframework.boot.autoconfigure.context.PropertyPlaceholderAutoConfiguration]; scope=; abstract=false; lazyInit=false; autowireMode=3; dependencyCheck=0; autowireCandidate=true; primary=false; factoryBeanName=null; factoryMethodName=propertySourcesPlaceholderConfigurer; initMethodName=null; destroyMethodName=(inferred); defined in class path resource [org/springframework/boot/autoconfigure/context/PropertyPlaceholderAutoConfiguration.class]] with [Root bean: class [org.springframework.boot.autoconfigure.session.RedisSessionConfiguration$SpringBootRedisHttpSessionConfiguration]; scope=; abstract=false; lazyInit=false; autowireMode=3; dependencyCheck=0; autowireCandidate=true; primary=false; factoryBeanName=null; factoryMethodName=propertySourcesPlaceholderConfigurer; initMethodName=null; destroyMethodName=(inferred); defined in class path resource [org/springframework/boot/autoconfigure/session/RedisSessionConfiguration$SpringBootRedisHttpSessionConfiguration.class]]
14:45:51.195 INFO  c.w.custom.config.DataSourceConfig - 【配置事务】
14:45:51.201 INFO  c.w.custom.config.DataSourceConfig - 【配置数据源】
14:45:52.326 INFO  org.xnio - XNIO version 3.3.8.Final
14:45:52.365 INFO  org.xnio.nio - XNIO NIO Implementation Version 3.3.8.Final
14:45:52.590 INFO  io.undertow.servlet - Initializing Spring embedded WebApplicationContext
14:45:52.590 INFO  o.s.web.context.ContextLoader - Root WebApplicationContext: initialization completed in 5389 ms
14:45:54.919 INFO  o.s.b.w.s.FilterRegistrationBean - Mapping filter: 'metricsFilter' to: [/*]
14:45:54.922 INFO  o.s.b.w.s.FilterRegistrationBean - Mapping filter: 'characterEncodingFilter' to: [/*]
14:45:54.922 INFO  o.s.b.w.s.FilterRegistrationBean - Mapping filter: 'springSessionRepositoryFilter' to: [/*]
14:45:54.922 INFO  o.s.b.w.s.FilterRegistrationBean - Mapping filter: 'hiddenHttpMethodFilter' to: [/*]
14:45:54.922 INFO  o.s.b.w.s.FilterRegistrationBean - Mapping filter: 'httpPutFormContentFilter' to: [/*]
14:45:54.922 INFO  o.s.b.w.s.FilterRegistrationBean - Mapping filter: 'requestContextFilter' to: [/*]
14:45:54.924 INFO  o.s.b.w.s.DelegatingFilterProxyRegistrationBean - Mapping filter: 'springSecurityFilterChain' to: [/*]
14:45:54.924 INFO  o.s.b.w.s.FilterRegistrationBean - Mapping filter: 'webRequestLoggingFilter' to: [/*]
14:45:54.924 INFO  o.s.b.w.s.FilterRegistrationBean - Mapping filter: 'jwtAuthenticationTokenFilter' to: [/*]
14:45:54.924 INFO  o.s.b.w.s.FilterRegistrationBean - Mapping filter: 'applicationContextIdFilter' to: [/*]
14:45:54.924 INFO  o.s.b.w.s.ServletRegistrationBean - Mapping servlet: 'dispatcherServlet' to [/]
14:45:55.037 INFO  c.w.custom.config.DataSourceConfig - 【配置sqlSessionFactory】
14:45:57.497 INFO  o.s.s.web.DefaultSecurityFilterChain - Creating filter chain: org.springframework.security.web.util.matcher.AnyRequestMatcher@1, [org.springframework.security.web.context.request.async.WebAsyncManagerIntegrationFilter@37d81587, org.springframework.security.web.context.SecurityContextPersistenceFilter@a1b7549, org.springframework.security.web.header.HeaderWriterFilter@2e62e227, org.springframework.security.web.authentication.logout.LogoutFilter@649009d6, com.wmeimob.custom.system.security.JwtAuthenticationTokenFilter@395a573c, org.springframework.security.web.savedrequest.RequestCacheAwareFilter@47f0e078, org.springframework.security.web.servletapi.SecurityContextHolderAwareRequestFilter@65b5b5ed, org.springframework.security.web.authentication.AnonymousAuthenticationFilter@7f3e9acc, org.springframework.security.web.session.SessionManagementFilter@b529d7e, org.springframework.security.web.access.ExceptionTranslationFilter@552088cc, org.springframework.security.web.access.intercept.FilterSecurityInterceptor@4822ab4d]
14:45:57.691 INFO  o.s.w.s.m.m.a.RequestMappingHandlerMapping - Mapped "{[/file-name],methods=[GET]}" onto public com.alibaba.fastjson.JSONObject com.wmeimob.custom.system.controller.CommonController.getFileName(java.lang.String,java.lang.String,java.lang.String,java.lang.String...)
14:45:57.692 INFO  o.s.w.s.m.m.a.RequestMappingHandlerMapping - Mapped "{[/jssdk],methods=[GET]}" onto public com.alibaba.fastjson.JSONObject com.wmeimob.custom.system.controller.CommonController.getJssdk(java.lang.String,java.lang.String,java.lang.String)
14:45:57.692 INFO  o.s.w.s.m.m.a.RequestMappingHandlerMapping - Mapped "{[/data-dictionary],methods=[GET]}" onto public com.alibaba.fastjson.JSONObject com.wmeimob.custom.system.controller.CommonController.getDataDict(javax.servlet.http.HttpServletRequest)
14:45:57.692 INFO  o.s.w.s.m.m.a.RequestMappingHandlerMapping - Mapped "{[/qiniu-token],methods=[GET]}" onto public com.alibaba.fastjson.JSONObject com.wmeimob.custom.system.controller.CommonController.getQiniuToken(javax.servlet.http.HttpServletRequest)
14:45:57.694 INFO  o.s.w.s.m.m.a.RequestMappingHandlerMapping - Mapped "{[/core/token],methods=[GET]}" onto public java.util.Map<java.lang.String, java.lang.Object> com.wmeimob.custom.system.controller.WechatController.getToken(javax.servlet.http.HttpServletRequest,java.lang.String,java.lang.String)
14:45:57.697 INFO  o.s.w.s.m.m.a.RequestMappingHandlerMapping - Mapped "{[/city/info],methods=[GET]}" onto public com.alibaba.fastjson.JSONObject com.wmeimob.kexiang.wechat.controller.CityController.treeinfo(javax.servlet.http.HttpServletRequest,java.lang.Integer,java.lang.Integer)
14:45:57.697 INFO  o.s.w.s.m.m.a.RequestMappingHandlerMapping - Mapped "{[/city/treeinfo],methods=[GET]}" onto public com.alibaba.fastjson.JSONObject com.wmeimob.kexiang.wechat.controller.CityController.treeinfo(javax.servlet.http.HttpServletRequest)
14:45:57.699 INFO  o.s.w.s.m.m.a.RequestMappingHandlerMapping - Mapped "{[/company/info]}" onto public com.alibaba.fastjson.JSONObject com.wmeimob.kexiang.wechat.controller.CompanyController.info(javax.servlet.http.HttpServletRequest)
14:45:57.702 INFO  o.s.w.s.m.m.a.RequestMappingHandlerMapping - Mapped "{[/member/info]}" onto public com.alibaba.fastjson.JSONObject com.wmeimob.kexiang.wechat.controller.MemberController.info(javax.servlet.http.HttpServletRequest)
14:45:57.702 INFO  o.s.w.s.m.m.a.RequestMappingHandlerMapping - Mapped "{[/member/auth]}" onto public com.alibaba.fastjson.JSONObject com.wmeimob.kexiang.wechat.controller.MemberController.auth(javax.servlet.http.HttpServletRequest)
14:45:57.703 INFO  o.s.w.s.m.m.a.RequestMappingHandlerMapping - Mapped "{[/member/bingding],methods=[POST]}" onto public com.alibaba.fastjson.JSONObject com.wmeimob.kexiang.wechat.controller.MemberController.bingding(javax.servlet.http.HttpServletRequest,java.lang.String,java.lang.String)
14:45:57.708 INFO  o.s.w.s.m.m.a.RequestMappingHandlerMapping - Mapped "{[/order/order],methods=[DELETE]}" onto public com.alibaba.fastjson.JSONObject com.wmeimob.kexiang.wechat.controller.OrderController.order(javax.servlet.http.HttpServletRequest,java.lang.Integer)
14:45:57.709 INFO  o.s.w.s.m.m.a.RequestMappingHandlerMapping - Mapped "{[/order/order],methods=[POST]}" onto public com.alibaba.fastjson.JSONObject com.wmeimob.kexiang.wechat.controller.OrderController.order(javax.servlet.http.HttpServletRequest,java.util.Map<java.lang.String, java.lang.Object>)
14:45:57.709 INFO  o.s.w.s.m.m.a.RequestMappingHandlerMapping - Mapped "{[/order/info]}" onto public com.alibaba.fastjson.JSONObject com.wmeimob.kexiang.wechat.controller.OrderController.info(javax.servlet.http.HttpServletRequest,java.lang.String)
14:45:57.710 INFO  o.s.w.s.m.m.a.RequestMappingHandlerMapping - Mapped "{[/order/detailbase]}" onto public com.alibaba.fastjson.JSONObject com.wmeimob.kexiang.wechat.controller.OrderController.detailbase(javax.servlet.http.HttpServletRequest,java.lang.Integer)
14:45:57.710 INFO  o.s.w.s.m.m.a.RequestMappingHandlerMapping - Mapped "{[/order/infobase]}" onto public com.alibaba.fastjson.JSONObject com.wmeimob.kexiang.wechat.controller.OrderController.infobase(javax.servlet.http.HttpServletRequest,java.lang.Integer)
14:45:57.711 INFO  o.s.w.s.m.m.a.RequestMappingHandlerMapping - Mapped "{[/order/editorder],methods=[POST]}" onto public com.alibaba.fastjson.JSONObject com.wmeimob.kexiang.wechat.controller.OrderController.editorder(javax.servlet.http.HttpServletRequest,java.util.Map<java.lang.String, java.lang.Object>)
14:45:57.711 INFO  o.s.w.s.m.m.a.RequestMappingHandlerMapping - Mapped "{[/order/edittwiceorder],methods=[POST]}" onto public com.alibaba.fastjson.JSONObject com.wmeimob.kexiang.wechat.controller.OrderController.edittwiceorder(javax.servlet.http.HttpServletRequest,java.util.Map<java.lang.String, java.lang.Object>)
14:45:57.711 INFO  o.s.w.s.m.m.a.RequestMappingHandlerMapping - Mapped "{[/order/{id}],methods=[PUT]}" onto public com.alibaba.fastjson.JSONObject com.wmeimob.kexiang.wechat.controller.OrderController.submitOrder(java.lang.Integer)
14:45:57.712 INFO  o.s.w.s.m.m.a.RequestMappingHandlerMapping - Mapped "{[/other/getOrderInfo]}" onto public com.alibaba.fastjson.JSONObject com.wmeimob.kexiang.wechat.controller.OtherInterfaceController.getOrderInfo(javax.servlet.http.HttpServletRequest,java.lang.String)
14:45:57.712 INFO  o.s.w.s.m.m.a.RequestMappingHandlerMapping - Mapped "{[/tecent/sendCode]}" onto public com.alibaba.fastjson.JSONObject com.wmeimob.kexiang.wechat.controller.TecentController.sendCode(javax.servlet.http.HttpServletRequest,java.lang.String)
14:45:57.712 INFO  o.s.w.s.m.m.a.RequestMappingHandlerMapping - Mapped "{[/restError]}" onto public com.alibaba.fastjson.JSONObject com.wmeimob.custom.exception.ExceptionController.restError(javax.servlet.http.HttpServletRequest)
14:45:57.717 INFO  o.s.w.s.m.m.a.RequestMappingHandlerMapping - Mapped "{[/error]}" onto public org.springframework.http.ResponseEntity<java.util.Map<java.lang.String, java.lang.Object>> org.springframework.boot.autoconfigure.web.BasicErrorController.error(javax.servlet.http.HttpServletRequest)
14:45:57.717 INFO  o.s.w.s.m.m.a.RequestMappingHandlerMapping - Mapped "{[/error],produces=[text/html]}" onto public org.springframework.web.servlet.ModelAndView org.springframework.boot.autoconfigure.web.BasicErrorController.errorHtml(javax.servlet.http.HttpServletRequest,javax.servlet.http.HttpServletResponse)
14:45:57.975 INFO  o.s.w.s.h.SimpleUrlHandlerMapping - Mapped URL path [/webjars/**] onto handler of type [class org.springframework.web.servlet.resource.ResourceHttpRequestHandler]
14:45:57.975 INFO  o.s.w.s.h.SimpleUrlHandlerMapping - Mapped URL path [/**] onto handler of type [class org.springframework.web.servlet.resource.ResourceHttpRequestHandler]
14:45:58.093 INFO  o.s.w.s.h.SimpleUrlHandlerMapping - Mapped URL path [/**/favicon.ico] onto handler of type [class org.springframework.web.servlet.resource.ResourceHttpRequestHandler]
14:45:59.039 INFO  o.s.b.a.e.mvc.EndpointHandlerMapping - Mapped "{[/health || /health.json],methods=[GET],produces=[application/vnd.spring-boot.actuator.v1+json || application/json]}" onto public java.lang.Object org.springframework.boot.actuate.endpoint.mvc.HealthMvcEndpoint.invoke(javax.servlet.http.HttpServletRequest,java.security.Principal)
14:45:59.040 INFO  o.s.b.a.e.mvc.EndpointHandlerMapping - Mapped "{[/auditevents || /auditevents.json],methods=[GET],produces=[application/vnd.spring-boot.actuator.v1+json || application/json]}" onto public org.springframework.http.ResponseEntity<?> org.springframework.boot.actuate.endpoint.mvc.AuditEventsMvcEndpoint.findByPrincipalAndAfterAndType(java.lang.String,java.util.Date,java.lang.String)
14:45:59.042 INFO  o.s.b.a.e.mvc.EndpointHandlerMapping - Mapped "{[/beans || /beans.json],methods=[GET],produces=[application/vnd.spring-boot.actuator.v1+json || application/json]}" onto public java.lang.Object org.springframework.boot.actuate.endpoint.mvc.EndpointMvcAdapter.invoke()
14:45:59.042 INFO  o.s.b.a.e.mvc.EndpointHandlerMapping - Mapped "{[/trace || /trace.json],methods=[GET],produces=[application/vnd.spring-boot.actuator.v1+json || application/json]}" onto public java.lang.Object org.springframework.boot.actuate.endpoint.mvc.EndpointMvcAdapter.invoke()
14:45:59.043 INFO  o.s.b.a.e.mvc.EndpointHandlerMapping - Mapped "{[/dump || /dump.json],methods=[GET],produces=[application/vnd.spring-boot.actuator.v1+json || application/json]}" onto public java.lang.Object org.springframework.boot.actuate.endpoint.mvc.EndpointMvcAdapter.invoke()
14:45:59.045 INFO  o.s.b.a.e.mvc.EndpointHandlerMapping - Mapped "{[/metrics/{name:.*}],methods=[GET],produces=[application/vnd.spring-boot.actuator.v1+json || application/json]}" onto public java.lang.Object org.springframework.boot.actuate.endpoint.mvc.MetricsMvcEndpoint.value(java.lang.String)
14:45:59.045 INFO  o.s.b.a.e.mvc.EndpointHandlerMapping - Mapped "{[/metrics || /metrics.json],methods=[GET],produces=[application/vnd.spring-boot.actuator.v1+json || application/json]}" onto public java.lang.Object org.springframework.boot.actuate.endpoint.mvc.EndpointMvcAdapter.invoke()
14:45:59.046 INFO  o.s.b.a.e.mvc.EndpointHandlerMapping - Mapped "{[/configprops || /configprops.json],methods=[GET],produces=[application/vnd.spring-boot.actuator.v1+json || application/json]}" onto public java.lang.Object org.springframework.boot.actuate.endpoint.mvc.EndpointMvcAdapter.invoke()
14:45:59.047 INFO  o.s.b.a.e.mvc.EndpointHandlerMapping - Mapped "{[/heapdump || /heapdump.json],methods=[GET],produces=[application/octet-stream]}" onto public void org.springframework.boot.actuate.endpoint.mvc.HeapdumpMvcEndpoint.invoke(boolean,javax.servlet.http.HttpServletRequest,javax.servlet.http.HttpServletResponse) throws java.io.IOException,javax.servlet.ServletException
14:45:59.047 INFO  o.s.b.a.e.mvc.EndpointHandlerMapping - Mapped "{[/mappings || /mappings.json],methods=[GET],produces=[application/vnd.spring-boot.actuator.v1+json || application/json]}" onto public java.lang.Object org.springframework.boot.actuate.endpoint.mvc.EndpointMvcAdapter.invoke()
14:45:59.049 INFO  o.s.b.a.e.mvc.EndpointHandlerMapping - Mapped "{[/autoconfig || /autoconfig.json],methods=[GET],produces=[application/vnd.spring-boot.actuator.v1+json || application/json]}" onto public java.lang.Object org.springframework.boot.actuate.endpoint.mvc.EndpointMvcAdapter.invoke()
14:45:59.050 INFO  o.s.b.a.e.mvc.EndpointHandlerMapping - Mapped "{[/info || /info.json],methods=[GET],produces=[application/vnd.spring-boot.actuator.v1+json || application/json]}" onto public java.lang.Object org.springframework.boot.actuate.endpoint.mvc.EndpointMvcAdapter.invoke()
14:45:59.052 INFO  o.s.b.a.e.mvc.EndpointHandlerMapping - Mapped "{[/env/{name:.*}],methods=[GET],produces=[application/vnd.spring-boot.actuator.v1+json || application/json]}" onto public java.lang.Object org.springframework.boot.actuate.endpoint.mvc.EnvironmentMvcEndpoint.value(java.lang.String)
14:45:59.052 INFO  o.s.b.a.e.mvc.EndpointHandlerMapping - Mapped "{[/env || /env.json],methods=[GET],produces=[application/vnd.spring-boot.actuator.v1+json || application/json]}" onto public java.lang.Object org.springframework.boot.actuate.endpoint.mvc.EndpointMvcAdapter.invoke()
14:45:59.054 INFO  o.s.b.a.e.mvc.EndpointHandlerMapping - Mapped "{[/loggers/{name:.*}],methods=[GET],produces=[application/vnd.spring-boot.actuator.v1+json || application/json]}" onto public java.lang.Object org.springframework.boot.actuate.endpoint.mvc.LoggersMvcEndpoint.get(java.lang.String)
14:45:59.055 INFO  o.s.b.a.e.mvc.EndpointHandlerMapping - Mapped "{[/loggers/{name:.*}],methods=[POST],consumes=[application/vnd.spring-boot.actuator.v1+json || application/json],produces=[application/vnd.spring-boot.actuator.v1+json || application/json]}" onto public java.lang.Object org.springframework.boot.actuate.endpoint.mvc.LoggersMvcEndpoint.set(java.lang.String,java.util.Map<java.lang.String, java.lang.String>)
14:45:59.055 INFO  o.s.b.a.e.mvc.EndpointHandlerMapping - Mapped "{[/loggers || /loggers.json],methods=[GET],produces=[application/vnd.spring-boot.actuator.v1+json || application/json]}" onto public java.lang.Object org.springframework.boot.actuate.endpoint.mvc.EndpointMvcAdapter.invoke()
14:45:59.182 INFO  o.s.s.web.DefaultSecurityFilterChain - Creating filter chain: org.springframework.boot.actuate.autoconfigure.ManagementWebSecurityAutoConfiguration$LazyEndpointPathRequestMatcher@2de96eba, [org.springframework.security.web.context.request.async.WebAsyncManagerIntegrationFilter@3ef914f5, org.springframework.security.web.context.SecurityContextPersistenceFilter@4067634b, org.springframework.security.web.header.HeaderWriterFilter@72d0196d, org.springframework.web.filter.CorsFilter@61e0f9b9, org.springframework.security.web.authentication.logout.LogoutFilter@565a6af, org.springframework.security.web.authentication.www.BasicAuthenticationFilter@43df1377, org.springframework.security.web.savedrequest.RequestCacheAwareFilter@3b64f131, org.springframework.security.web.servletapi.SecurityContextHolderAwareRequestFilter@490d9c41, org.springframework.security.web.authentication.AnonymousAuthenticationFilter@2c7c898a, org.springframework.security.web.session.SessionManagementFilter@77cf329d, org.springframework.security.web.access.ExceptionTranslationFilter@39685204, org.springframework.security.web.access.intercept.FilterSecurityInterceptor@6f921e32]
14:45:59.305 INFO  c.w.custom.config.DataSourceConfig - 【配置sqlSessionTemplate】
14:46:00.264 INFO  o.s.w.s.m.m.a.RequestMappingHandlerAdapter - Looking for @ControllerAdvice: org.springframework.boot.context.embedded.AnnotationConfigEmbeddedWebApplicationContext@6986bbaf: startup date [Wed Mar 14 14:45:47 CST 2018]; root of context hierarchy
14:46:00.438 INFO  o.s.w.s.m.m.a.ExceptionHandlerExceptionResolver - Detected @ExceptionHandler methods in exceptionController
14:46:02.852 INFO  o.s.j.e.a.AnnotationMBeanExporter - Registering beans for JMX exposure on startup
14:46:02.858 INFO  o.s.b.a.e.jmx.EndpointMBeanExporter - Registering beans for JMX exposure on startup
14:46:02.864 INFO  o.s.c.s.DefaultLifecycleProcessor - Starting beans in phase 0
14:46:02.867 INFO  o.s.b.a.e.jmx.EndpointMBeanExporter - Located managed bean 'auditEventsEndpoint': registering with JMX server as MBean [org.springframework.boot:type=Endpoint,name=auditEventsEndpoint]
14:46:02.885 INFO  o.s.b.a.e.jmx.EndpointMBeanExporter - Located managed bean 'requestMappingEndpoint': registering with JMX server as MBean [org.springframework.boot:type=Endpoint,name=requestMappingEndpoint]
14:46:02.903 INFO  o.s.b.a.e.jmx.EndpointMBeanExporter - Located managed bean 'environmentEndpoint': registering with JMX server as MBean [org.springframework.boot:type=Endpoint,name=environmentEndpoint]
14:46:02.906 INFO  o.s.b.a.e.jmx.EndpointMBeanExporter - Located managed bean 'healthEndpoint': registering with JMX server as MBean [org.springframework.boot:type=Endpoint,name=healthEndpoint]
14:46:02.910 INFO  o.s.b.a.e.jmx.EndpointMBeanExporter - Located managed bean 'beansEndpoint': registering with JMX server as MBean [org.springframework.boot:type=Endpoint,name=beansEndpoint]
14:46:02.913 INFO  o.s.b.a.e.jmx.EndpointMBeanExporter - Located managed bean 'infoEndpoint': registering with JMX server as MBean [org.springframework.boot:type=Endpoint,name=infoEndpoint]
14:46:02.916 INFO  o.s.b.a.e.jmx.EndpointMBeanExporter - Located managed bean 'loggersEndpoint': registering with JMX server as MBean [org.springframework.boot:type=Endpoint,name=loggersEndpoint]
14:46:02.934 INFO  o.s.b.a.e.jmx.EndpointMBeanExporter - Located managed bean 'metricsEndpoint': registering with JMX server as MBean [org.springframework.boot:type=Endpoint,name=metricsEndpoint]
14:46:02.938 INFO  o.s.b.a.e.jmx.EndpointMBeanExporter - Located managed bean 'traceEndpoint': registering with JMX server as MBean [org.springframework.boot:type=Endpoint,name=traceEndpoint]
14:46:02.941 INFO  o.s.b.a.e.jmx.EndpointMBeanExporter - Located managed bean 'dumpEndpoint': registering with JMX server as MBean [org.springframework.boot:type=Endpoint,name=dumpEndpoint]
14:46:02.943 INFO  o.s.b.a.e.jmx.EndpointMBeanExporter - Located managed bean 'autoConfigurationReportEndpoint': registering with JMX server as MBean [org.springframework.boot:type=Endpoint,name=autoConfigurationReportEndpoint]
14:46:02.946 INFO  o.s.b.a.e.jmx.EndpointMBeanExporter - Located managed bean 'configurationPropertiesReportEndpoint': registering with JMX server as MBean [org.springframework.boot:type=Endpoint,name=configurationPropertiesReportEndpoint]
14:46:02.949 INFO  o.s.c.s.DefaultLifecycleProcessor - Starting beans in phase 2147483647
14:46:02.971 INFO  o.s.s.a.ScheduledAnnotationBeanPostProcessor - No TaskScheduler/ScheduledExecutorService bean found for scheduled processing
14:46:03.186 INFO  o.s.b.c.e.u.UndertowEmbeddedServletContainer - Undertow started on port(s) 52001 (http)
14:46:03.190 INFO  com.wmeimob.KexiangWechatApplication - Started KexiangWechatApplication in 16.764 seconds (JVM running for 17.782)
14:48:34.639 INFO  io.undertow.servlet - Initializing Spring FrameworkServlet 'dispatcherServlet'
14:48:34.639 INFO  o.s.web.servlet.DispatcherServlet - FrameworkServlet 'dispatcherServlet': initialization started
14:48:34.671 INFO  o.s.web.servlet.DispatcherServlet - FrameworkServlet 'dispatcherServlet': initialization completed in 32 ms
