16:00:17.657 INFO  com.wmeimob.KexiangWechatApplication - Starting KexiangWechatApplication on SC-201712081240 with PID 9260 (G:\MeiMeng\kexiang-project\KeXiang\kexiang-wechat-base\target\classes started by Administrator in G:\MeiMeng\kexiang-project\KeXiang\kexiang-wechat-base)
16:00:17.662 INFO  com.wmeimob.KexiangWechatApplication - The following profiles are active: local
16:00:17.722 INFO  o.s.b.c.e.AnnotationConfigEmbeddedWebApplicationContext - Refreshing org.springframework.boot.context.embedded.AnnotationConfigEmbeddedWebApplicationContext@4ce7fffa: startup date [Mon Mar 05 16:00:17 CST 2018]; root of context hierarchy
16:00:19.329 INFO  o.s.b.f.s.DefaultListableBeanFactory - Overriding bean definition for bean 'propertySourcesPlaceholderConfigurer' with a different definition: replacing [Root bean: class [org.springframework.boot.autoconfigure.context.PropertyPlaceholderAutoConfiguration]; scope=; abstract=false; lazyInit=false; autowireMode=3; dependencyCheck=0; autowireCandidate=true; primary=false; factoryBeanName=null; factoryMethodName=propertySourcesPlaceholderConfigurer; initMethodName=null; destroyMethodName=(inferred); defined in class path resource [org/springframework/boot/autoconfigure/context/PropertyPlaceholderAutoConfiguration.class]] with [Root bean: class [org.springframework.boot.autoconfigure.session.RedisSessionConfiguration$SpringBootRedisHttpSessionConfiguration]; scope=; abstract=false; lazyInit=false; autowireMode=3; dependencyCheck=0; autowireCandidate=true; primary=false; factoryBeanName=null; factoryMethodName=propertySourcesPlaceholderConfigurer; initMethodName=null; destroyMethodName=(inferred); defined in class path resource [org/springframework/boot/autoconfigure/session/RedisSessionConfiguration$SpringBootRedisHttpSessionConfiguration.class]]
16:00:20.640 INFO  c.w.custom.config.DataSourceConfig - 【配置事务】
16:00:20.647 INFO  c.w.custom.config.DataSourceConfig - 【配置数据源】
16:00:21.851 INFO  org.xnio - XNIO version 3.3.8.Final
16:00:21.901 INFO  org.xnio.nio - XNIO NIO Implementation Version 3.3.8.Final
16:00:22.085 INFO  io.undertow.servlet - Initializing Spring embedded WebApplicationContext
16:00:22.086 INFO  o.s.web.context.ContextLoader - Root WebApplicationContext: initialization completed in 4364 ms
16:00:24.466 INFO  o.s.b.w.s.FilterRegistrationBean - Mapping filter: 'metricsFilter' to: [/*]
16:00:24.468 INFO  o.s.b.w.s.FilterRegistrationBean - Mapping filter: 'characterEncodingFilter' to: [/*]
16:00:24.468 INFO  o.s.b.w.s.FilterRegistrationBean - Mapping filter: 'springSessionRepositoryFilter' to: [/*]
16:00:24.468 INFO  o.s.b.w.s.FilterRegistrationBean - Mapping filter: 'hiddenHttpMethodFilter' to: [/*]
16:00:24.468 INFO  o.s.b.w.s.FilterRegistrationBean - Mapping filter: 'httpPutFormContentFilter' to: [/*]
16:00:24.468 INFO  o.s.b.w.s.FilterRegistrationBean - Mapping filter: 'requestContextFilter' to: [/*]
16:00:24.469 INFO  o.s.b.w.s.DelegatingFilterProxyRegistrationBean - Mapping filter: 'springSecurityFilterChain' to: [/*]
16:00:24.469 INFO  o.s.b.w.s.FilterRegistrationBean - Mapping filter: 'webRequestLoggingFilter' to: [/*]
16:00:24.470 INFO  o.s.b.w.s.FilterRegistrationBean - Mapping filter: 'jwtAuthenticationTokenFilter' to: [/*]
16:00:24.470 INFO  o.s.b.w.s.FilterRegistrationBean - Mapping filter: 'applicationContextIdFilter' to: [/*]
16:00:24.470 INFO  o.s.b.w.s.ServletRegistrationBean - Mapping servlet: 'dispatcherServlet' to [/]
16:00:24.602 INFO  c.w.custom.config.DataSourceConfig - 【配置sqlSessionFactory】
16:00:27.407 INFO  o.s.s.web.DefaultSecurityFilterChain - Creating filter chain: org.springframework.security.web.util.matcher.AnyRequestMatcher@1, [org.springframework.security.web.context.request.async.WebAsyncManagerIntegrationFilter@27210a3b, org.springframework.security.web.context.SecurityContextPersistenceFilter@5f369fc6, org.springframework.security.web.header.HeaderWriterFilter@642c5bb3, org.springframework.security.web.authentication.logout.LogoutFilter@5cf072ea, com.wmeimob.custom.system.security.JwtAuthenticationTokenFilter@3d033453, org.springframework.security.web.savedrequest.RequestCacheAwareFilter@983050b, org.springframework.security.web.servletapi.SecurityContextHolderAwareRequestFilter@3e595da3, org.springframework.security.web.authentication.AnonymousAuthenticationFilter@3a12f3e7, org.springframework.security.web.session.SessionManagementFilter@4a47bc9c, org.springframework.security.web.access.ExceptionTranslationFilter@26888c31, org.springframework.security.web.access.intercept.FilterSecurityInterceptor@31204303]
16:00:27.606 INFO  o.s.w.s.m.m.a.RequestMappingHandlerMapping - Mapped "{[/file-name],methods=[GET]}" onto public com.alibaba.fastjson.JSONObject com.wmeimob.custom.system.controller.CommonController.getFileName(java.lang.String,java.lang.String,java.lang.String,java.lang.String...)
16:00:27.607 INFO  o.s.w.s.m.m.a.RequestMappingHandlerMapping - Mapped "{[/data-dictionary],methods=[GET]}" onto public com.alibaba.fastjson.JSONObject com.wmeimob.custom.system.controller.CommonController.getDataDict(javax.servlet.http.HttpServletRequest)
16:00:27.608 INFO  o.s.w.s.m.m.a.RequestMappingHandlerMapping - Mapped "{[/jssdk],methods=[GET]}" onto public com.alibaba.fastjson.JSONObject com.wmeimob.custom.system.controller.CommonController.getJssdk(java.lang.String,java.lang.String,java.lang.String)
16:00:27.608 INFO  o.s.w.s.m.m.a.RequestMappingHandlerMapping - Mapped "{[/qiniu-token],methods=[GET]}" onto public com.alibaba.fastjson.JSONObject com.wmeimob.custom.system.controller.CommonController.getQiniuToken(javax.servlet.http.HttpServletRequest)
16:00:27.608 INFO  o.s.w.s.m.m.a.RequestMappingHandlerMapping - Mapped "{[/core/token],methods=[GET]}" onto public java.util.Map<java.lang.String, java.lang.Object> com.wmeimob.custom.system.controller.WechatController.getToken(javax.servlet.http.HttpServletRequest,java.lang.String,java.lang.String)
16:00:27.611 INFO  o.s.w.s.m.m.a.RequestMappingHandlerMapping - Mapped "{[/city/info],methods=[GET]}" onto public com.alibaba.fastjson.JSONObject com.wmeimob.kexiang.wechat.controller.CityController.treeinfo(javax.servlet.http.HttpServletRequest,java.lang.Integer,java.lang.Integer)
16:00:27.611 INFO  o.s.w.s.m.m.a.RequestMappingHandlerMapping - Mapped "{[/city/treeinfo],methods=[GET]}" onto public com.alibaba.fastjson.JSONObject com.wmeimob.kexiang.wechat.controller.CityController.treeinfo(javax.servlet.http.HttpServletRequest)
16:00:27.611 INFO  o.s.w.s.m.m.a.RequestMappingHandlerMapping - Mapped "{[/company/info]}" onto public com.alibaba.fastjson.JSONObject com.wmeimob.kexiang.wechat.controller.CompanyController.info(javax.servlet.http.HttpServletRequest)
16:00:27.614 INFO  o.s.w.s.m.m.a.RequestMappingHandlerMapping - Mapped "{[/member/info]}" onto public com.alibaba.fastjson.JSONObject com.wmeimob.kexiang.wechat.controller.MemberController.info(javax.servlet.http.HttpServletRequest)
16:00:27.614 INFO  o.s.w.s.m.m.a.RequestMappingHandlerMapping - Mapped "{[/member/auth]}" onto public com.alibaba.fastjson.JSONObject com.wmeimob.kexiang.wechat.controller.MemberController.auth(javax.servlet.http.HttpServletRequest)
16:00:27.614 INFO  o.s.w.s.m.m.a.RequestMappingHandlerMapping - Mapped "{[/member/bingding],methods=[POST]}" onto public com.alibaba.fastjson.JSONObject com.wmeimob.kexiang.wechat.controller.MemberController.bingding(javax.servlet.http.HttpServletRequest,java.lang.String,java.lang.String)
16:00:27.620 INFO  o.s.w.s.m.m.a.RequestMappingHandlerMapping - Mapped "{[/order/order],methods=[DELETE]}" onto public com.alibaba.fastjson.JSONObject com.wmeimob.kexiang.wechat.controller.OrderController.order(javax.servlet.http.HttpServletRequest,java.lang.Integer)
16:00:27.620 INFO  o.s.w.s.m.m.a.RequestMappingHandlerMapping - Mapped "{[/order/order],methods=[POST]}" onto public com.alibaba.fastjson.JSONObject com.wmeimob.kexiang.wechat.controller.OrderController.order(javax.servlet.http.HttpServletRequest,java.util.Map<java.lang.String, java.lang.Object>)
16:00:27.621 INFO  o.s.w.s.m.m.a.RequestMappingHandlerMapping - Mapped "{[/order/info]}" onto public com.alibaba.fastjson.JSONObject com.wmeimob.kexiang.wechat.controller.OrderController.info(javax.servlet.http.HttpServletRequest,java.lang.String)
16:00:27.622 INFO  o.s.w.s.m.m.a.RequestMappingHandlerMapping - Mapped "{[/order/detailbase]}" onto public com.alibaba.fastjson.JSONObject com.wmeimob.kexiang.wechat.controller.OrderController.detailbase(javax.servlet.http.HttpServletRequest,java.lang.Integer)
16:00:27.622 INFO  o.s.w.s.m.m.a.RequestMappingHandlerMapping - Mapped "{[/order/infobase]}" onto public com.alibaba.fastjson.JSONObject com.wmeimob.kexiang.wechat.controller.OrderController.infobase(javax.servlet.http.HttpServletRequest,java.lang.Integer)
16:00:27.623 INFO  o.s.w.s.m.m.a.RequestMappingHandlerMapping - Mapped "{[/order/editorder],methods=[POST]}" onto public com.alibaba.fastjson.JSONObject com.wmeimob.kexiang.wechat.controller.OrderController.editorder(javax.servlet.http.HttpServletRequest,java.util.Map<java.lang.String, java.lang.Object>)
16:00:27.623 INFO  o.s.w.s.m.m.a.RequestMappingHandlerMapping - Mapped "{[/order/edittwiceorder],methods=[POST]}" onto public com.alibaba.fastjson.JSONObject com.wmeimob.kexiang.wechat.controller.OrderController.edittwiceorder(javax.servlet.http.HttpServletRequest,java.util.Map<java.lang.String, java.lang.Object>)
16:00:27.623 INFO  o.s.w.s.m.m.a.RequestMappingHandlerMapping - Mapped "{[/order/{id}],methods=[PUT]}" onto public com.alibaba.fastjson.JSONObject com.wmeimob.kexiang.wechat.controller.OrderController.submitOrder(java.lang.Integer)
16:00:27.625 INFO  o.s.w.s.m.m.a.RequestMappingHandlerMapping - Mapped "{[/tecent/sendCode]}" onto public com.alibaba.fastjson.JSONObject com.wmeimob.kexiang.wechat.controller.TecentController.sendCode(javax.servlet.http.HttpServletRequest,java.lang.String)
16:00:27.626 INFO  o.s.w.s.m.m.a.RequestMappingHandlerMapping - Mapped "{[/restError]}" onto public com.alibaba.fastjson.JSONObject com.wmeimob.custom.exception.ExceptionController.restError(javax.servlet.http.HttpServletRequest)
16:00:27.628 INFO  o.s.w.s.m.m.a.RequestMappingHandlerMapping - Mapped "{[/error]}" onto public org.springframework.http.ResponseEntity<java.util.Map<java.lang.String, java.lang.Object>> org.springframework.boot.autoconfigure.web.BasicErrorController.error(javax.servlet.http.HttpServletRequest)
16:00:27.628 INFO  o.s.w.s.m.m.a.RequestMappingHandlerMapping - Mapped "{[/error],produces=[text/html]}" onto public org.springframework.web.servlet.ModelAndView org.springframework.boot.autoconfigure.web.BasicErrorController.errorHtml(javax.servlet.http.HttpServletRequest,javax.servlet.http.HttpServletResponse)
16:00:27.890 INFO  o.s.w.s.h.SimpleUrlHandlerMapping - Mapped URL path [/webjars/**] onto handler of type [class org.springframework.web.servlet.resource.ResourceHttpRequestHandler]
16:00:27.890 INFO  o.s.w.s.h.SimpleUrlHandlerMapping - Mapped URL path [/**] onto handler of type [class org.springframework.web.servlet.resource.ResourceHttpRequestHandler]
16:00:28.039 INFO  o.s.w.s.h.SimpleUrlHandlerMapping - Mapped URL path [/**/favicon.ico] onto handler of type [class org.springframework.web.servlet.resource.ResourceHttpRequestHandler]
16:00:29.274 INFO  o.s.b.a.e.mvc.EndpointHandlerMapping - Mapped "{[/trace || /trace.json],methods=[GET],produces=[application/vnd.spring-boot.actuator.v1+json || application/json]}" onto public java.lang.Object org.springframework.boot.actuate.endpoint.mvc.EndpointMvcAdapter.invoke()
16:00:29.295 INFO  o.s.b.a.e.mvc.EndpointHandlerMapping - Mapped "{[/auditevents || /auditevents.json],methods=[GET],produces=[application/vnd.spring-boot.actuator.v1+json || application/json]}" onto public org.springframework.http.ResponseEntity<?> org.springframework.boot.actuate.endpoint.mvc.AuditEventsMvcEndpoint.findByPrincipalAndAfterAndType(java.lang.String,java.util.Date,java.lang.String)
16:00:29.296 INFO  o.s.b.a.e.mvc.EndpointHandlerMapping - Mapped "{[/heapdump || /heapdump.json],methods=[GET],produces=[application/octet-stream]}" onto public void org.springframework.boot.actuate.endpoint.mvc.HeapdumpMvcEndpoint.invoke(boolean,javax.servlet.http.HttpServletRequest,javax.servlet.http.HttpServletResponse) throws java.io.IOException,javax.servlet.ServletException
16:00:29.297 INFO  o.s.b.a.e.mvc.EndpointHandlerMapping - Mapped "{[/dump || /dump.json],methods=[GET],produces=[application/vnd.spring-boot.actuator.v1+json || application/json]}" onto public java.lang.Object org.springframework.boot.actuate.endpoint.mvc.EndpointMvcAdapter.invoke()
16:00:29.298 INFO  o.s.b.a.e.mvc.EndpointHandlerMapping - Mapped "{[/configprops || /configprops.json],methods=[GET],produces=[application/vnd.spring-boot.actuator.v1+json || application/json]}" onto public java.lang.Object org.springframework.boot.actuate.endpoint.mvc.EndpointMvcAdapter.invoke()
16:00:29.298 INFO  o.s.b.a.e.mvc.EndpointHandlerMapping - Mapped "{[/info || /info.json],methods=[GET],produces=[application/vnd.spring-boot.actuator.v1+json || application/json]}" onto public java.lang.Object org.springframework.boot.actuate.endpoint.mvc.EndpointMvcAdapter.invoke()
16:00:29.299 INFO  o.s.b.a.e.mvc.EndpointHandlerMapping - Mapped "{[/health || /health.json],methods=[GET],produces=[application/vnd.spring-boot.actuator.v1+json || application/json]}" onto public java.lang.Object org.springframework.boot.actuate.endpoint.mvc.HealthMvcEndpoint.invoke(javax.servlet.http.HttpServletRequest,java.security.Principal)
16:00:29.301 INFO  o.s.b.a.e.mvc.EndpointHandlerMapping - Mapped "{[/loggers/{name:.*}],methods=[GET],produces=[application/vnd.spring-boot.actuator.v1+json || application/json]}" onto public java.lang.Object org.springframework.boot.actuate.endpoint.mvc.LoggersMvcEndpoint.get(java.lang.String)
16:00:29.301 INFO  o.s.b.a.e.mvc.EndpointHandlerMapping - Mapped "{[/loggers/{name:.*}],methods=[POST],consumes=[application/vnd.spring-boot.actuator.v1+json || application/json],produces=[application/vnd.spring-boot.actuator.v1+json || application/json]}" onto public java.lang.Object org.springframework.boot.actuate.endpoint.mvc.LoggersMvcEndpoint.set(java.lang.String,java.util.Map<java.lang.String, java.lang.String>)
16:00:29.302 INFO  o.s.b.a.e.mvc.EndpointHandlerMapping - Mapped "{[/loggers || /loggers.json],methods=[GET],produces=[application/vnd.spring-boot.actuator.v1+json || application/json]}" onto public java.lang.Object org.springframework.boot.actuate.endpoint.mvc.EndpointMvcAdapter.invoke()
16:00:29.303 INFO  o.s.b.a.e.mvc.EndpointHandlerMapping - Mapped "{[/metrics/{name:.*}],methods=[GET],produces=[application/vnd.spring-boot.actuator.v1+json || application/json]}" onto public java.lang.Object org.springframework.boot.actuate.endpoint.mvc.MetricsMvcEndpoint.value(java.lang.String)
16:00:29.303 INFO  o.s.b.a.e.mvc.EndpointHandlerMapping - Mapped "{[/metrics || /metrics.json],methods=[GET],produces=[application/vnd.spring-boot.actuator.v1+json || application/json]}" onto public java.lang.Object org.springframework.boot.actuate.endpoint.mvc.EndpointMvcAdapter.invoke()
16:00:29.304 INFO  o.s.b.a.e.mvc.EndpointHandlerMapping - Mapped "{[/env/{name:.*}],methods=[GET],produces=[application/vnd.spring-boot.actuator.v1+json || application/json]}" onto public java.lang.Object org.springframework.boot.actuate.endpoint.mvc.EnvironmentMvcEndpoint.value(java.lang.String)
16:00:29.305 INFO  o.s.b.a.e.mvc.EndpointHandlerMapping - Mapped "{[/env || /env.json],methods=[GET],produces=[application/vnd.spring-boot.actuator.v1+json || application/json]}" onto public java.lang.Object org.springframework.boot.actuate.endpoint.mvc.EndpointMvcAdapter.invoke()
16:00:29.305 INFO  o.s.b.a.e.mvc.EndpointHandlerMapping - Mapped "{[/autoconfig || /autoconfig.json],methods=[GET],produces=[application/vnd.spring-boot.actuator.v1+json || application/json]}" onto public java.lang.Object org.springframework.boot.actuate.endpoint.mvc.EndpointMvcAdapter.invoke()
16:00:29.305 INFO  o.s.b.a.e.mvc.EndpointHandlerMapping - Mapped "{[/beans || /beans.json],methods=[GET],produces=[application/vnd.spring-boot.actuator.v1+json || application/json]}" onto public java.lang.Object org.springframework.boot.actuate.endpoint.mvc.EndpointMvcAdapter.invoke()
16:00:29.306 INFO  o.s.b.a.e.mvc.EndpointHandlerMapping - Mapped "{[/mappings || /mappings.json],methods=[GET],produces=[application/vnd.spring-boot.actuator.v1+json || application/json]}" onto public java.lang.Object org.springframework.boot.actuate.endpoint.mvc.EndpointMvcAdapter.invoke()
16:00:29.443 INFO  o.s.s.web.DefaultSecurityFilterChain - Creating filter chain: org.springframework.boot.actuate.autoconfigure.ManagementWebSecurityAutoConfiguration$LazyEndpointPathRequestMatcher@51fa09c7, [org.springframework.security.web.context.request.async.WebAsyncManagerIntegrationFilter@73db7df0, org.springframework.security.web.context.SecurityContextPersistenceFilter@6bc62bb9, org.springframework.security.web.header.HeaderWriterFilter@55b74e6b, org.springframework.web.filter.CorsFilter@44a485bc, org.springframework.security.web.authentication.logout.LogoutFilter@37fffef3, org.springframework.security.web.authentication.www.BasicAuthenticationFilter@705d914f, org.springframework.security.web.savedrequest.RequestCacheAwareFilter@47f0e078, org.springframework.security.web.servletapi.SecurityContextHolderAwareRequestFilter@28db2afb, org.springframework.security.web.authentication.AnonymousAuthenticationFilter@1c66cd02, org.springframework.security.web.session.SessionManagementFilter@3c1908c8, org.springframework.security.web.access.ExceptionTranslationFilter@67396475, org.springframework.security.web.access.intercept.FilterSecurityInterceptor@4738131e]
16:00:29.567 INFO  c.w.custom.config.DataSourceConfig - 【配置sqlSessionTemplate】
16:00:30.532 INFO  o.s.w.s.m.m.a.RequestMappingHandlerAdapter - Looking for @ControllerAdvice: org.springframework.boot.context.embedded.AnnotationConfigEmbeddedWebApplicationContext@4ce7fffa: startup date [Mon Mar 05 16:00:17 CST 2018]; root of context hierarchy
16:00:30.673 INFO  o.s.w.s.m.m.a.ExceptionHandlerExceptionResolver - Detected @ExceptionHandler methods in exceptionController
16:00:32.762 INFO  o.s.j.e.a.AnnotationMBeanExporter - Registering beans for JMX exposure on startup
16:00:32.766 INFO  o.s.b.a.e.jmx.EndpointMBeanExporter - Registering beans for JMX exposure on startup
16:00:32.769 INFO  o.s.c.s.DefaultLifecycleProcessor - Starting beans in phase 0
16:00:32.771 INFO  o.s.b.a.e.jmx.EndpointMBeanExporter - Located managed bean 'auditEventsEndpoint': registering with JMX server as MBean [org.springframework.boot:type=Endpoint,name=auditEventsEndpoint]
16:00:32.788 INFO  o.s.b.a.e.jmx.EndpointMBeanExporter - Located managed bean 'requestMappingEndpoint': registering with JMX server as MBean [org.springframework.boot:type=Endpoint,name=requestMappingEndpoint]
16:00:32.799 INFO  o.s.b.a.e.jmx.EndpointMBeanExporter - Located managed bean 'environmentEndpoint': registering with JMX server as MBean [org.springframework.boot:type=Endpoint,name=environmentEndpoint]
16:00:32.803 INFO  o.s.b.a.e.jmx.EndpointMBeanExporter - Located managed bean 'healthEndpoint': registering with JMX server as MBean [org.springframework.boot:type=Endpoint,name=healthEndpoint]
16:00:32.806 INFO  o.s.b.a.e.jmx.EndpointMBeanExporter - Located managed bean 'beansEndpoint': registering with JMX server as MBean [org.springframework.boot:type=Endpoint,name=beansEndpoint]
16:00:32.809 INFO  o.s.b.a.e.jmx.EndpointMBeanExporter - Located managed bean 'infoEndpoint': registering with JMX server as MBean [org.springframework.boot:type=Endpoint,name=infoEndpoint]
16:00:32.811 INFO  o.s.b.a.e.jmx.EndpointMBeanExporter - Located managed bean 'loggersEndpoint': registering with JMX server as MBean [org.springframework.boot:type=Endpoint,name=loggersEndpoint]
16:00:32.826 INFO  o.s.b.a.e.jmx.EndpointMBeanExporter - Located managed bean 'metricsEndpoint': registering with JMX server as MBean [org.springframework.boot:type=Endpoint,name=metricsEndpoint]
16:00:32.829 INFO  o.s.b.a.e.jmx.EndpointMBeanExporter - Located managed bean 'traceEndpoint': registering with JMX server as MBean [org.springframework.boot:type=Endpoint,name=traceEndpoint]
16:00:32.831 INFO  o.s.b.a.e.jmx.EndpointMBeanExporter - Located managed bean 'dumpEndpoint': registering with JMX server as MBean [org.springframework.boot:type=Endpoint,name=dumpEndpoint]
16:00:32.840 INFO  o.s.b.a.e.jmx.EndpointMBeanExporter - Located managed bean 'autoConfigurationReportEndpoint': registering with JMX server as MBean [org.springframework.boot:type=Endpoint,name=autoConfigurationReportEndpoint]
16:00:32.843 INFO  o.s.b.a.e.jmx.EndpointMBeanExporter - Located managed bean 'configurationPropertiesReportEndpoint': registering with JMX server as MBean [org.springframework.boot:type=Endpoint,name=configurationPropertiesReportEndpoint]
16:00:32.845 INFO  o.s.c.s.DefaultLifecycleProcessor - Starting beans in phase 2147483647
16:00:32.872 INFO  o.s.s.a.ScheduledAnnotationBeanPostProcessor - No TaskScheduler/ScheduledExecutorService bean found for scheduled processing
16:00:33.086 INFO  o.s.b.c.e.u.UndertowEmbeddedServletContainer - Undertow started on port(s) 52002 (http)
16:00:33.091 INFO  com.wmeimob.KexiangWechatApplication - Started KexiangWechatApplication in 15.923 seconds (JVM running for 16.679)
