12:40:13.016 INFO  com.wmeimob.KexiangWechatApplication - Starting KexiangWechatApplication on SC-201712081240 with PID 18380 (G:\MeiMeng\kexiang-project\KeXiang\kexiang-wechat-base\target\classes started by Administrator in G:\MeiMeng\kexiang-project\KeXiang\kexiang-wechat-base)
12:40:13.082 INFO  com.wmeimob.KexiangWechatApplication - The following profiles are active: local
12:40:13.149 INFO  o.s.b.c.e.AnnotationConfigEmbeddedWebApplicationContext - Refreshing org.springframework.boot.context.embedded.AnnotationConfigEmbeddedWebApplicationContext@6986bbaf: startup date [Thu Mar 15 12:40:13 CST 2018]; root of context hierarchy
12:40:16.269 INFO  o.s.b.f.s.DefaultListableBeanFactory - Overriding bean definition for bean 'propertySourcesPlaceholderConfigurer' with a different definition: replacing [Root bean: class [org.springframework.boot.autoconfigure.context.PropertyPlaceholderAutoConfiguration]; scope=; abstract=false; lazyInit=false; autowireMode=3; dependencyCheck=0; autowireCandidate=true; primary=false; factoryBeanName=null; factoryMethodName=propertySourcesPlaceholderConfigurer; initMethodName=null; destroyMethodName=(inferred); defined in class path resource [org/springframework/boot/autoconfigure/context/PropertyPlaceholderAutoConfiguration.class]] with [Root bean: class [org.springframework.boot.autoconfigure.session.RedisSessionConfiguration$SpringBootRedisHttpSessionConfiguration]; scope=; abstract=false; lazyInit=false; autowireMode=3; dependencyCheck=0; autowireCandidate=true; primary=false; factoryBeanName=null; factoryMethodName=propertySourcesPlaceholderConfigurer; initMethodName=null; destroyMethodName=(inferred); defined in class path resource [org/springframework/boot/autoconfigure/session/RedisSessionConfiguration$SpringBootRedisHttpSessionConfiguration.class]]
12:40:17.953 INFO  c.w.custom.config.DataSourceConfig - 【配置事务】
12:40:17.957 INFO  c.w.custom.config.DataSourceConfig - 【配置数据源】
12:40:21.157 INFO  org.xnio - XNIO version 3.3.8.Final
12:40:21.187 INFO  org.xnio.nio - XNIO NIO Implementation Version 3.3.8.Final
12:40:22.626 INFO  io.undertow.servlet - Initializing Spring embedded WebApplicationContext
12:40:22.627 INFO  o.s.web.context.ContextLoader - Root WebApplicationContext: initialization completed in 9478 ms
12:40:25.677 INFO  o.s.b.w.s.FilterRegistrationBean - Mapping filter: 'metricsFilter' to: [/*]
12:40:25.679 INFO  o.s.b.w.s.FilterRegistrationBean - Mapping filter: 'characterEncodingFilter' to: [/*]
12:40:25.679 INFO  o.s.b.w.s.FilterRegistrationBean - Mapping filter: 'springSessionRepositoryFilter' to: [/*]
12:40:25.679 INFO  o.s.b.w.s.FilterRegistrationBean - Mapping filter: 'hiddenHttpMethodFilter' to: [/*]
12:40:25.679 INFO  o.s.b.w.s.FilterRegistrationBean - Mapping filter: 'httpPutFormContentFilter' to: [/*]
12:40:25.679 INFO  o.s.b.w.s.FilterRegistrationBean - Mapping filter: 'requestContextFilter' to: [/*]
12:40:25.681 INFO  o.s.b.w.s.DelegatingFilterProxyRegistrationBean - Mapping filter: 'springSecurityFilterChain' to: [/*]
12:40:25.681 INFO  o.s.b.w.s.FilterRegistrationBean - Mapping filter: 'webRequestLoggingFilter' to: [/*]
12:40:25.681 INFO  o.s.b.w.s.FilterRegistrationBean - Mapping filter: 'jwtAuthenticationTokenFilter' to: [/*]
12:40:25.681 INFO  o.s.b.w.s.FilterRegistrationBean - Mapping filter: 'applicationContextIdFilter' to: [/*]
12:40:25.681 INFO  o.s.b.w.s.ServletRegistrationBean - Mapping servlet: 'dispatcherServlet' to [/]
12:40:25.779 INFO  c.w.custom.config.DataSourceConfig - 【配置sqlSessionFactory】
12:40:28.831 INFO  o.s.s.web.DefaultSecurityFilterChain - Creating filter chain: org.springframework.security.web.util.matcher.AnyRequestMatcher@1, [org.springframework.security.web.context.request.async.WebAsyncManagerIntegrationFilter@5d8e4fa8, org.springframework.security.web.context.SecurityContextPersistenceFilter@3dbbed3e, org.springframework.security.web.header.HeaderWriterFilter@7641ed02, org.springframework.security.web.authentication.logout.LogoutFilter@369fb99a, com.wmeimob.custom.system.security.JwtAuthenticationTokenFilter@21e484b, org.springframework.security.web.savedrequest.RequestCacheAwareFilter@b2d8dcd, org.springframework.security.web.servletapi.SecurityContextHolderAwareRequestFilter@417bfebd, org.springframework.security.web.authentication.AnonymousAuthenticationFilter@649009d6, org.springframework.security.web.session.SessionManagementFilter@577cf459, org.springframework.security.web.access.ExceptionTranslationFilter@7bc8ffbc, org.springframework.security.web.access.intercept.FilterSecurityInterceptor@4895e8f6]
12:40:29.064 INFO  o.s.w.s.m.m.a.RequestMappingHandlerMapping - Mapped "{[/file-name],methods=[GET]}" onto public com.alibaba.fastjson.JSONObject com.wmeimob.custom.system.controller.CommonController.getFileName(java.lang.String,java.lang.String,java.lang.String,java.lang.String...)
12:40:29.065 INFO  o.s.w.s.m.m.a.RequestMappingHandlerMapping - Mapped "{[/jssdk],methods=[GET]}" onto public com.alibaba.fastjson.JSONObject com.wmeimob.custom.system.controller.CommonController.getJssdk(java.lang.String,java.lang.String,java.lang.String)
12:40:29.065 INFO  o.s.w.s.m.m.a.RequestMappingHandlerMapping - Mapped "{[/qiniu-token],methods=[GET]}" onto public com.alibaba.fastjson.JSONObject com.wmeimob.custom.system.controller.CommonController.getQiniuToken(javax.servlet.http.HttpServletRequest)
12:40:29.065 INFO  o.s.w.s.m.m.a.RequestMappingHandlerMapping - Mapped "{[/data-dictionary],methods=[GET]}" onto public com.alibaba.fastjson.JSONObject com.wmeimob.custom.system.controller.CommonController.getDataDict(javax.servlet.http.HttpServletRequest)
12:40:29.066 INFO  o.s.w.s.m.m.a.RequestMappingHandlerMapping - Mapped "{[/core/token],methods=[GET]}" onto public java.util.Map<java.lang.String, java.lang.Object> com.wmeimob.custom.system.controller.WechatController.getToken(javax.servlet.http.HttpServletRequest,java.lang.String,java.lang.String)
12:40:29.069 INFO  o.s.w.s.m.m.a.RequestMappingHandlerMapping - Mapped "{[/city/info],methods=[GET]}" onto public com.alibaba.fastjson.JSONObject com.wmeimob.kexiang.wechat.controller.CityController.treeinfo(javax.servlet.http.HttpServletRequest,java.lang.Integer,java.lang.Integer)
12:40:29.070 INFO  o.s.w.s.m.m.a.RequestMappingHandlerMapping - Mapped "{[/city/treeinfo],methods=[GET]}" onto public com.alibaba.fastjson.JSONObject com.wmeimob.kexiang.wechat.controller.CityController.treeinfo(javax.servlet.http.HttpServletRequest)
12:40:29.071 INFO  o.s.w.s.m.m.a.RequestMappingHandlerMapping - Mapped "{[/company/info]}" onto public com.alibaba.fastjson.JSONObject com.wmeimob.kexiang.wechat.controller.CompanyController.info(javax.servlet.http.HttpServletRequest)
12:40:29.076 INFO  o.s.w.s.m.m.a.RequestMappingHandlerMapping - Mapped "{[/member/info]}" onto public com.alibaba.fastjson.JSONObject com.wmeimob.kexiang.wechat.controller.MemberController.info(javax.servlet.http.HttpServletRequest)
12:40:29.077 INFO  o.s.w.s.m.m.a.RequestMappingHandlerMapping - Mapped "{[/member/auth]}" onto public com.alibaba.fastjson.JSONObject com.wmeimob.kexiang.wechat.controller.MemberController.auth(javax.servlet.http.HttpServletRequest)
12:40:29.077 INFO  o.s.w.s.m.m.a.RequestMappingHandlerMapping - Mapped "{[/member/bingding],methods=[POST]}" onto public com.alibaba.fastjson.JSONObject com.wmeimob.kexiang.wechat.controller.MemberController.bingding(javax.servlet.http.HttpServletRequest,java.lang.String,java.lang.String)
12:40:29.081 INFO  o.s.w.s.m.m.a.RequestMappingHandlerMapping - Mapped "{[/order/order],methods=[DELETE]}" onto public com.alibaba.fastjson.JSONObject com.wmeimob.kexiang.wechat.controller.OrderController.order(javax.servlet.http.HttpServletRequest,java.lang.Integer)
12:40:29.082 INFO  o.s.w.s.m.m.a.RequestMappingHandlerMapping - Mapped "{[/order/order],methods=[POST]}" onto public com.alibaba.fastjson.JSONObject com.wmeimob.kexiang.wechat.controller.OrderController.order(javax.servlet.http.HttpServletRequest,java.util.Map<java.lang.String, java.lang.Object>)
12:40:29.082 INFO  o.s.w.s.m.m.a.RequestMappingHandlerMapping - Mapped "{[/order/info]}" onto public com.alibaba.fastjson.JSONObject com.wmeimob.kexiang.wechat.controller.OrderController.info(javax.servlet.http.HttpServletRequest,java.lang.String)
12:40:29.083 INFO  o.s.w.s.m.m.a.RequestMappingHandlerMapping - Mapped "{[/order/infobase]}" onto public com.alibaba.fastjson.JSONObject com.wmeimob.kexiang.wechat.controller.OrderController.infobase(javax.servlet.http.HttpServletRequest,java.lang.Integer)
12:40:29.083 INFO  o.s.w.s.m.m.a.RequestMappingHandlerMapping - Mapped "{[/order/detailbase]}" onto public com.alibaba.fastjson.JSONObject com.wmeimob.kexiang.wechat.controller.OrderController.detailbase(javax.servlet.http.HttpServletRequest,java.lang.Integer)
12:40:29.083 INFO  o.s.w.s.m.m.a.RequestMappingHandlerMapping - Mapped "{[/order/editorder],methods=[POST]}" onto public com.alibaba.fastjson.JSONObject com.wmeimob.kexiang.wechat.controller.OrderController.editorder(javax.servlet.http.HttpServletRequest,java.util.Map<java.lang.String, java.lang.Object>)
12:40:29.083 INFO  o.s.w.s.m.m.a.RequestMappingHandlerMapping - Mapped "{[/order/edittwiceorder],methods=[POST]}" onto public com.alibaba.fastjson.JSONObject com.wmeimob.kexiang.wechat.controller.OrderController.edittwiceorder(javax.servlet.http.HttpServletRequest,java.util.Map<java.lang.String, java.lang.Object>)
12:40:29.083 INFO  o.s.w.s.m.m.a.RequestMappingHandlerMapping - Mapped "{[/order/{id}],methods=[PUT]}" onto public com.alibaba.fastjson.JSONObject com.wmeimob.kexiang.wechat.controller.OrderController.submitOrder(java.lang.Integer)
12:40:29.084 INFO  o.s.w.s.m.m.a.RequestMappingHandlerMapping - Mapped "{[/other/getOrderInfo]}" onto public com.alibaba.fastjson.JSONObject com.wmeimob.kexiang.wechat.controller.OtherInterfaceController.getOrderInfo(javax.servlet.http.HttpServletRequest,java.lang.String)
12:40:29.084 INFO  o.s.w.s.m.m.a.RequestMappingHandlerMapping - Mapped "{[/tecent/sendCode]}" onto public com.alibaba.fastjson.JSONObject com.wmeimob.kexiang.wechat.controller.TecentController.sendCode(javax.servlet.http.HttpServletRequest,java.lang.String)
12:40:29.085 INFO  o.s.w.s.m.m.a.RequestMappingHandlerMapping - Mapped "{[/restError]}" onto public com.alibaba.fastjson.JSONObject com.wmeimob.custom.exception.ExceptionController.restError(javax.servlet.http.HttpServletRequest)
12:40:29.091 INFO  o.s.w.s.m.m.a.RequestMappingHandlerMapping - Mapped "{[/error]}" onto public org.springframework.http.ResponseEntity<java.util.Map<java.lang.String, java.lang.Object>> org.springframework.boot.autoconfigure.web.BasicErrorController.error(javax.servlet.http.HttpServletRequest)
12:40:29.092 INFO  o.s.w.s.m.m.a.RequestMappingHandlerMapping - Mapped "{[/error],produces=[text/html]}" onto public org.springframework.web.servlet.ModelAndView org.springframework.boot.autoconfigure.web.BasicErrorController.errorHtml(javax.servlet.http.HttpServletRequest,javax.servlet.http.HttpServletResponse)
12:40:29.419 INFO  o.s.w.s.h.SimpleUrlHandlerMapping - Mapped URL path [/webjars/**] onto handler of type [class org.springframework.web.servlet.resource.ResourceHttpRequestHandler]
12:40:29.419 INFO  o.s.w.s.h.SimpleUrlHandlerMapping - Mapped URL path [/**] onto handler of type [class org.springframework.web.servlet.resource.ResourceHttpRequestHandler]
12:40:29.603 INFO  o.s.w.s.h.SimpleUrlHandlerMapping - Mapped URL path [/**/favicon.ico] onto handler of type [class org.springframework.web.servlet.resource.ResourceHttpRequestHandler]
12:40:30.750 INFO  o.s.b.a.e.mvc.EndpointHandlerMapping - Mapped "{[/health || /health.json],methods=[GET],produces=[application/vnd.spring-boot.actuator.v1+json || application/json]}" onto public java.lang.Object org.springframework.boot.actuate.endpoint.mvc.HealthMvcEndpoint.invoke(javax.servlet.http.HttpServletRequest,java.security.Principal)
12:40:30.752 INFO  o.s.b.a.e.mvc.EndpointHandlerMapping - Mapped "{[/mappings || /mappings.json],methods=[GET],produces=[application/vnd.spring-boot.actuator.v1+json || application/json]}" onto public java.lang.Object org.springframework.boot.actuate.endpoint.mvc.EndpointMvcAdapter.invoke()
12:40:30.778 INFO  o.s.b.a.e.mvc.EndpointHandlerMapping - Mapped "{[/loggers/{name:.*}],methods=[GET],produces=[application/vnd.spring-boot.actuator.v1+json || application/json]}" onto public java.lang.Object org.springframework.boot.actuate.endpoint.mvc.LoggersMvcEndpoint.get(java.lang.String)
12:40:30.782 INFO  o.s.b.a.e.mvc.EndpointHandlerMapping - Mapped "{[/loggers/{name:.*}],methods=[POST],consumes=[application/vnd.spring-boot.actuator.v1+json || application/json],produces=[application/vnd.spring-boot.actuator.v1+json || application/json]}" onto public java.lang.Object org.springframework.boot.actuate.endpoint.mvc.LoggersMvcEndpoint.set(java.lang.String,java.util.Map<java.lang.String, java.lang.String>)
12:40:30.782 INFO  o.s.b.a.e.mvc.EndpointHandlerMapping - Mapped "{[/loggers || /loggers.json],methods=[GET],produces=[application/vnd.spring-boot.actuator.v1+json || application/json]}" onto public java.lang.Object org.springframework.boot.actuate.endpoint.mvc.EndpointMvcAdapter.invoke()
12:40:30.783 INFO  o.s.b.a.e.mvc.EndpointHandlerMapping - Mapped "{[/env/{name:.*}],methods=[GET],produces=[application/vnd.spring-boot.actuator.v1+json || application/json]}" onto public java.lang.Object org.springframework.boot.actuate.endpoint.mvc.EnvironmentMvcEndpoint.value(java.lang.String)
12:40:30.784 INFO  o.s.b.a.e.mvc.EndpointHandlerMapping - Mapped "{[/env || /env.json],methods=[GET],produces=[application/vnd.spring-boot.actuator.v1+json || application/json]}" onto public java.lang.Object org.springframework.boot.actuate.endpoint.mvc.EndpointMvcAdapter.invoke()
12:40:30.785 INFO  o.s.b.a.e.mvc.EndpointHandlerMapping - Mapped "{[/autoconfig || /autoconfig.json],methods=[GET],produces=[application/vnd.spring-boot.actuator.v1+json || application/json]}" onto public java.lang.Object org.springframework.boot.actuate.endpoint.mvc.EndpointMvcAdapter.invoke()
12:40:30.794 INFO  o.s.b.a.e.mvc.EndpointHandlerMapping - Mapped "{[/heapdump || /heapdump.json],methods=[GET],produces=[application/octet-stream]}" onto public void org.springframework.boot.actuate.endpoint.mvc.HeapdumpMvcEndpoint.invoke(boolean,javax.servlet.http.HttpServletRequest,javax.servlet.http.HttpServletResponse) throws java.io.IOException,javax.servlet.ServletException
12:40:30.797 INFO  o.s.b.a.e.mvc.EndpointHandlerMapping - Mapped "{[/info || /info.json],methods=[GET],produces=[application/vnd.spring-boot.actuator.v1+json || application/json]}" onto public java.lang.Object org.springframework.boot.actuate.endpoint.mvc.EndpointMvcAdapter.invoke()
12:40:30.799 INFO  o.s.b.a.e.mvc.EndpointHandlerMapping - Mapped "{[/configprops || /configprops.json],methods=[GET],produces=[application/vnd.spring-boot.actuator.v1+json || application/json]}" onto public java.lang.Object org.springframework.boot.actuate.endpoint.mvc.EndpointMvcAdapter.invoke()
12:40:30.814 INFO  o.s.b.a.e.mvc.EndpointHandlerMapping - Mapped "{[/trace || /trace.json],methods=[GET],produces=[application/vnd.spring-boot.actuator.v1+json || application/json]}" onto public java.lang.Object org.springframework.boot.actuate.endpoint.mvc.EndpointMvcAdapter.invoke()
12:40:30.815 INFO  o.s.b.a.e.mvc.EndpointHandlerMapping - Mapped "{[/metrics/{name:.*}],methods=[GET],produces=[application/vnd.spring-boot.actuator.v1+json || application/json]}" onto public java.lang.Object org.springframework.boot.actuate.endpoint.mvc.MetricsMvcEndpoint.value(java.lang.String)
12:40:30.816 INFO  o.s.b.a.e.mvc.EndpointHandlerMapping - Mapped "{[/metrics || /metrics.json],methods=[GET],produces=[application/vnd.spring-boot.actuator.v1+json || application/json]}" onto public java.lang.Object org.springframework.boot.actuate.endpoint.mvc.EndpointMvcAdapter.invoke()
12:40:30.816 INFO  o.s.b.a.e.mvc.EndpointHandlerMapping - Mapped "{[/beans || /beans.json],methods=[GET],produces=[application/vnd.spring-boot.actuator.v1+json || application/json]}" onto public java.lang.Object org.springframework.boot.actuate.endpoint.mvc.EndpointMvcAdapter.invoke()
12:40:30.818 INFO  o.s.b.a.e.mvc.EndpointHandlerMapping - Mapped "{[/auditevents || /auditevents.json],methods=[GET],produces=[application/vnd.spring-boot.actuator.v1+json || application/json]}" onto public org.springframework.http.ResponseEntity<?> org.springframework.boot.actuate.endpoint.mvc.AuditEventsMvcEndpoint.findByPrincipalAndAfterAndType(java.lang.String,java.util.Date,java.lang.String)
12:40:30.819 INFO  o.s.b.a.e.mvc.EndpointHandlerMapping - Mapped "{[/dump || /dump.json],methods=[GET],produces=[application/vnd.spring-boot.actuator.v1+json || application/json]}" onto public java.lang.Object org.springframework.boot.actuate.endpoint.mvc.EndpointMvcAdapter.invoke()
12:40:30.956 INFO  o.s.s.web.DefaultSecurityFilterChain - Creating filter chain: org.springframework.boot.actuate.autoconfigure.ManagementWebSecurityAutoConfiguration$LazyEndpointPathRequestMatcher@750c23a3, [org.springframework.security.web.context.request.async.WebAsyncManagerIntegrationFilter@238280df, org.springframework.security.web.context.SecurityContextPersistenceFilter@5305f936, org.springframework.security.web.header.HeaderWriterFilter@19213a74, org.springframework.web.filter.CorsFilter@182fd26b, org.springframework.security.web.authentication.logout.LogoutFilter@335896bd, org.springframework.security.web.authentication.www.BasicAuthenticationFilter@5bdb6ea8, org.springframework.security.web.savedrequest.RequestCacheAwareFilter@66456506, org.springframework.security.web.servletapi.SecurityContextHolderAwareRequestFilter@667dd150, org.springframework.security.web.authentication.AnonymousAuthenticationFilter@5dc120ab, org.springframework.security.web.session.SessionManagementFilter@3f033664, org.springframework.security.web.access.ExceptionTranslationFilter@6f785a27, org.springframework.security.web.access.intercept.FilterSecurityInterceptor@3c116f26]
12:40:31.061 INFO  c.w.custom.config.DataSourceConfig - 【配置sqlSessionTemplate】
12:40:32.443 INFO  o.s.w.s.m.m.a.RequestMappingHandlerAdapter - Looking for @ControllerAdvice: org.springframework.boot.context.embedded.AnnotationConfigEmbeddedWebApplicationContext@6986bbaf: startup date [Thu Mar 15 12:40:13 CST 2018]; root of context hierarchy
12:40:32.627 INFO  o.s.w.s.m.m.a.ExceptionHandlerExceptionResolver - Detected @ExceptionHandler methods in exceptionController
12:40:35.750 INFO  o.s.j.e.a.AnnotationMBeanExporter - Registering beans for JMX exposure on startup
12:40:35.756 INFO  o.s.b.a.e.jmx.EndpointMBeanExporter - Registering beans for JMX exposure on startup
12:40:35.762 INFO  o.s.c.s.DefaultLifecycleProcessor - Starting beans in phase 0
12:40:35.764 INFO  o.s.b.a.e.jmx.EndpointMBeanExporter - Located managed bean 'auditEventsEndpoint': registering with JMX server as MBean [org.springframework.boot:type=Endpoint,name=auditEventsEndpoint]
12:40:35.780 INFO  o.s.b.a.e.jmx.EndpointMBeanExporter - Located managed bean 'requestMappingEndpoint': registering with JMX server as MBean [org.springframework.boot:type=Endpoint,name=requestMappingEndpoint]
12:40:35.799 INFO  o.s.b.a.e.jmx.EndpointMBeanExporter - Located managed bean 'environmentEndpoint': registering with JMX server as MBean [org.springframework.boot:type=Endpoint,name=environmentEndpoint]
12:40:35.803 INFO  o.s.b.a.e.jmx.EndpointMBeanExporter - Located managed bean 'healthEndpoint': registering with JMX server as MBean [org.springframework.boot:type=Endpoint,name=healthEndpoint]
12:40:35.806 INFO  o.s.b.a.e.jmx.EndpointMBeanExporter - Located managed bean 'beansEndpoint': registering with JMX server as MBean [org.springframework.boot:type=Endpoint,name=beansEndpoint]
12:40:35.812 INFO  o.s.b.a.e.jmx.EndpointMBeanExporter - Located managed bean 'infoEndpoint': registering with JMX server as MBean [org.springframework.boot:type=Endpoint,name=infoEndpoint]
12:40:35.815 INFO  o.s.b.a.e.jmx.EndpointMBeanExporter - Located managed bean 'loggersEndpoint': registering with JMX server as MBean [org.springframework.boot:type=Endpoint,name=loggersEndpoint]
12:40:35.830 INFO  o.s.b.a.e.jmx.EndpointMBeanExporter - Located managed bean 'metricsEndpoint': registering with JMX server as MBean [org.springframework.boot:type=Endpoint,name=metricsEndpoint]
12:40:35.856 INFO  o.s.b.a.e.jmx.EndpointMBeanExporter - Located managed bean 'traceEndpoint': registering with JMX server as MBean [org.springframework.boot:type=Endpoint,name=traceEndpoint]
12:40:35.859 INFO  o.s.b.a.e.jmx.EndpointMBeanExporter - Located managed bean 'dumpEndpoint': registering with JMX server as MBean [org.springframework.boot:type=Endpoint,name=dumpEndpoint]
12:40:35.861 INFO  o.s.b.a.e.jmx.EndpointMBeanExporter - Located managed bean 'autoConfigurationReportEndpoint': registering with JMX server as MBean [org.springframework.boot:type=Endpoint,name=autoConfigurationReportEndpoint]
12:40:35.863 INFO  o.s.b.a.e.jmx.EndpointMBeanExporter - Located managed bean 'configurationPropertiesReportEndpoint': registering with JMX server as MBean [org.springframework.boot:type=Endpoint,name=configurationPropertiesReportEndpoint]
12:40:35.865 INFO  o.s.c.s.DefaultLifecycleProcessor - Starting beans in phase 2147483647
12:40:35.884 INFO  o.s.s.a.ScheduledAnnotationBeanPostProcessor - No TaskScheduler/ScheduledExecutorService bean found for scheduled processing
12:40:36.105 INFO  o.s.b.a.l.AutoConfigurationReportLoggingInitializer - 

Error starting ApplicationContext. To display the auto-configuration report re-run your application with 'debug' enabled.
12:40:36.174 INFO  o.s.b.c.e.AnnotationConfigEmbeddedWebApplicationContext - Closing org.springframework.boot.context.embedded.AnnotationConfigEmbeddedWebApplicationContext@6986bbaf: startup date [Thu Mar 15 12:40:13 CST 2018]; root of context hierarchy
12:40:36.177 INFO  o.s.c.s.DefaultLifecycleProcessor - Stopping beans in phase 2147483647
12:40:36.180 INFO  o.s.c.s.DefaultLifecycleProcessor - Stopping beans in phase 0
12:40:36.181 INFO  o.s.b.a.e.jmx.EndpointMBeanExporter - Unregistering JMX-exposed beans on shutdown
12:40:36.181 INFO  o.s.b.a.e.jmx.EndpointMBeanExporter - Unregistering JMX-exposed beans
12:40:36.183 INFO  o.s.j.e.a.AnnotationMBeanExporter - Unregistering JMX-exposed beans on shutdown
12:47:35.742 INFO  com.wmeimob.KexiangWechatApplication - Starting KexiangWechatApplication on SC-201712081240 with PID 24964 (G:\MeiMeng\kexiang-project\KeXiang\kexiang-wechat-base\target\classes started by Administrator in G:\MeiMeng\kexiang-project\KeXiang\kexiang-wechat-base)
12:47:35.764 INFO  com.wmeimob.KexiangWechatApplication - The following profiles are active: local
12:47:35.851 INFO  o.s.b.c.e.AnnotationConfigEmbeddedWebApplicationContext - Refreshing org.springframework.boot.context.embedded.AnnotationConfigEmbeddedWebApplicationContext@6986bbaf: startup date [Thu Mar 15 12:47:35 CST 2018]; root of context hierarchy
12:47:37.853 INFO  o.s.b.f.s.DefaultListableBeanFactory - Overriding bean definition for bean 'propertySourcesPlaceholderConfigurer' with a different definition: replacing [Root bean: class [org.springframework.boot.autoconfigure.context.PropertyPlaceholderAutoConfiguration]; scope=; abstract=false; lazyInit=false; autowireMode=3; dependencyCheck=0; autowireCandidate=true; primary=false; factoryBeanName=null; factoryMethodName=propertySourcesPlaceholderConfigurer; initMethodName=null; destroyMethodName=(inferred); defined in class path resource [org/springframework/boot/autoconfigure/context/PropertyPlaceholderAutoConfiguration.class]] with [Root bean: class [org.springframework.boot.autoconfigure.session.RedisSessionConfiguration$SpringBootRedisHttpSessionConfiguration]; scope=; abstract=false; lazyInit=false; autowireMode=3; dependencyCheck=0; autowireCandidate=true; primary=false; factoryBeanName=null; factoryMethodName=propertySourcesPlaceholderConfigurer; initMethodName=null; destroyMethodName=(inferred); defined in class path resource [org/springframework/boot/autoconfigure/session/RedisSessionConfiguration$SpringBootRedisHttpSessionConfiguration.class]]
12:47:39.090 INFO  c.w.custom.config.DataSourceConfig - 【配置事务】
12:47:39.097 INFO  c.w.custom.config.DataSourceConfig - 【配置数据源】
12:47:40.338 INFO  org.xnio - XNIO version 3.3.8.Final
12:47:40.369 INFO  org.xnio.nio - XNIO NIO Implementation Version 3.3.8.Final
12:47:40.599 INFO  io.undertow.servlet - Initializing Spring embedded WebApplicationContext
12:47:40.599 INFO  o.s.web.context.ContextLoader - Root WebApplicationContext: initialization completed in 4748 ms
12:47:43.022 INFO  o.s.b.w.s.FilterRegistrationBean - Mapping filter: 'metricsFilter' to: [/*]
12:47:43.024 INFO  o.s.b.w.s.FilterRegistrationBean - Mapping filter: 'characterEncodingFilter' to: [/*]
12:47:43.024 INFO  o.s.b.w.s.FilterRegistrationBean - Mapping filter: 'springSessionRepositoryFilter' to: [/*]
12:47:43.024 INFO  o.s.b.w.s.FilterRegistrationBean - Mapping filter: 'hiddenHttpMethodFilter' to: [/*]
12:47:43.025 INFO  o.s.b.w.s.FilterRegistrationBean - Mapping filter: 'httpPutFormContentFilter' to: [/*]
12:47:43.025 INFO  o.s.b.w.s.FilterRegistrationBean - Mapping filter: 'requestContextFilter' to: [/*]
12:47:43.028 INFO  o.s.b.w.s.DelegatingFilterProxyRegistrationBean - Mapping filter: 'springSecurityFilterChain' to: [/*]
12:47:43.028 INFO  o.s.b.w.s.FilterRegistrationBean - Mapping filter: 'webRequestLoggingFilter' to: [/*]
12:47:43.028 INFO  o.s.b.w.s.FilterRegistrationBean - Mapping filter: 'jwtAuthenticationTokenFilter' to: [/*]
12:47:43.028 INFO  o.s.b.w.s.FilterRegistrationBean - Mapping filter: 'applicationContextIdFilter' to: [/*]
12:47:43.029 INFO  o.s.b.w.s.ServletRegistrationBean - Mapping servlet: 'dispatcherServlet' to [/]
12:47:43.112 INFO  c.w.custom.config.DataSourceConfig - 【配置sqlSessionFactory】
12:47:45.574 INFO  o.s.s.web.DefaultSecurityFilterChain - Creating filter chain: org.springframework.security.web.util.matcher.AnyRequestMatcher@1, [org.springframework.security.web.context.request.async.WebAsyncManagerIntegrationFilter@29ccab93, org.springframework.security.web.context.SecurityContextPersistenceFilter@5c2a3f0c, org.springframework.security.web.header.HeaderWriterFilter@5649f55, org.springframework.security.web.authentication.logout.LogoutFilter@57b3d869, com.wmeimob.custom.system.security.JwtAuthenticationTokenFilter@46b6701e, org.springframework.security.web.savedrequest.RequestCacheAwareFilter@b56d8a7, org.springframework.security.web.servletapi.SecurityContextHolderAwareRequestFilter@3395c2a7, org.springframework.security.web.authentication.AnonymousAuthenticationFilter@7e2a76be, org.springframework.security.web.session.SessionManagementFilter@fb2c2f3, org.springframework.security.web.access.ExceptionTranslationFilter@4bca8eaf, org.springframework.security.web.access.intercept.FilterSecurityInterceptor@4cd90c36]
12:47:45.880 INFO  o.s.w.s.m.m.a.RequestMappingHandlerMapping - Mapped "{[/file-name],methods=[GET]}" onto public com.alibaba.fastjson.JSONObject com.wmeimob.custom.system.controller.CommonController.getFileName(java.lang.String,java.lang.String,java.lang.String,java.lang.String...)
12:47:45.882 INFO  o.s.w.s.m.m.a.RequestMappingHandlerMapping - Mapped "{[/jssdk],methods=[GET]}" onto public com.alibaba.fastjson.JSONObject com.wmeimob.custom.system.controller.CommonController.getJssdk(java.lang.String,java.lang.String,java.lang.String)
12:47:45.882 INFO  o.s.w.s.m.m.a.RequestMappingHandlerMapping - Mapped "{[/data-dictionary],methods=[GET]}" onto public com.alibaba.fastjson.JSONObject com.wmeimob.custom.system.controller.CommonController.getDataDict(javax.servlet.http.HttpServletRequest)
12:47:45.883 INFO  o.s.w.s.m.m.a.RequestMappingHandlerMapping - Mapped "{[/qiniu-token],methods=[GET]}" onto public com.alibaba.fastjson.JSONObject com.wmeimob.custom.system.controller.CommonController.getQiniuToken(javax.servlet.http.HttpServletRequest)
12:47:45.889 INFO  o.s.w.s.m.m.a.RequestMappingHandlerMapping - Mapped "{[/core/token],methods=[GET]}" onto public java.util.Map<java.lang.String, java.lang.Object> com.wmeimob.custom.system.controller.WechatController.getToken(javax.servlet.http.HttpServletRequest,java.lang.String,java.lang.String)
12:47:45.897 INFO  o.s.w.s.m.m.a.RequestMappingHandlerMapping - Mapped "{[/city/info],methods=[GET]}" onto public com.alibaba.fastjson.JSONObject com.wmeimob.kexiang.wechat.controller.CityController.treeinfo(javax.servlet.http.HttpServletRequest,java.lang.Integer,java.lang.Integer)
12:47:45.899 INFO  o.s.w.s.m.m.a.RequestMappingHandlerMapping - Mapped "{[/city/treeinfo],methods=[GET]}" onto public com.alibaba.fastjson.JSONObject com.wmeimob.kexiang.wechat.controller.CityController.treeinfo(javax.servlet.http.HttpServletRequest)
12:47:45.904 INFO  o.s.w.s.m.m.a.RequestMappingHandlerMapping - Mapped "{[/company/info]}" onto public com.alibaba.fastjson.JSONObject com.wmeimob.kexiang.wechat.controller.CompanyController.info(javax.servlet.http.HttpServletRequest)
12:47:45.907 INFO  o.s.w.s.m.m.a.RequestMappingHandlerMapping - Mapped "{[/member/info]}" onto public com.alibaba.fastjson.JSONObject com.wmeimob.kexiang.wechat.controller.MemberController.info(javax.servlet.http.HttpServletRequest)
12:47:45.907 INFO  o.s.w.s.m.m.a.RequestMappingHandlerMapping - Mapped "{[/member/auth]}" onto public com.alibaba.fastjson.JSONObject com.wmeimob.kexiang.wechat.controller.MemberController.auth(javax.servlet.http.HttpServletRequest)
12:47:45.907 INFO  o.s.w.s.m.m.a.RequestMappingHandlerMapping - Mapped "{[/member/bingding],methods=[POST]}" onto public com.alibaba.fastjson.JSONObject com.wmeimob.kexiang.wechat.controller.MemberController.bingding(javax.servlet.http.HttpServletRequest,java.lang.String,java.lang.String)
12:47:45.912 INFO  o.s.w.s.m.m.a.RequestMappingHandlerMapping - Mapped "{[/order/order],methods=[DELETE]}" onto public com.alibaba.fastjson.JSONObject com.wmeimob.kexiang.wechat.controller.OrderController.order(javax.servlet.http.HttpServletRequest,java.lang.Integer)
12:47:45.912 INFO  o.s.w.s.m.m.a.RequestMappingHandlerMapping - Mapped "{[/order/order],methods=[POST]}" onto public com.alibaba.fastjson.JSONObject com.wmeimob.kexiang.wechat.controller.OrderController.order(javax.servlet.http.HttpServletRequest,java.util.Map<java.lang.String, java.lang.Object>)
12:47:45.913 INFO  o.s.w.s.m.m.a.RequestMappingHandlerMapping - Mapped "{[/order/info]}" onto public com.alibaba.fastjson.JSONObject com.wmeimob.kexiang.wechat.controller.OrderController.info(javax.servlet.http.HttpServletRequest,java.lang.String)
12:47:45.913 INFO  o.s.w.s.m.m.a.RequestMappingHandlerMapping - Mapped "{[/order/detailbase]}" onto public com.alibaba.fastjson.JSONObject com.wmeimob.kexiang.wechat.controller.OrderController.detailbase(javax.servlet.http.HttpServletRequest,java.lang.Integer)
12:47:45.913 INFO  o.s.w.s.m.m.a.RequestMappingHandlerMapping - Mapped "{[/order/infobase]}" onto public com.alibaba.fastjson.JSONObject com.wmeimob.kexiang.wechat.controller.OrderController.infobase(javax.servlet.http.HttpServletRequest,java.lang.Integer)
12:47:45.913 INFO  o.s.w.s.m.m.a.RequestMappingHandlerMapping - Mapped "{[/order/editorder],methods=[POST]}" onto public com.alibaba.fastjson.JSONObject com.wmeimob.kexiang.wechat.controller.OrderController.editorder(javax.servlet.http.HttpServletRequest,java.util.Map<java.lang.String, java.lang.Object>)
12:47:45.914 INFO  o.s.w.s.m.m.a.RequestMappingHandlerMapping - Mapped "{[/order/edittwiceorder],methods=[POST]}" onto public com.alibaba.fastjson.JSONObject com.wmeimob.kexiang.wechat.controller.OrderController.edittwiceorder(javax.servlet.http.HttpServletRequest,java.util.Map<java.lang.String, java.lang.Object>)
12:47:45.914 INFO  o.s.w.s.m.m.a.RequestMappingHandlerMapping - Mapped "{[/order/{id}],methods=[PUT]}" onto public com.alibaba.fastjson.JSONObject com.wmeimob.kexiang.wechat.controller.OrderController.submitOrder(java.lang.Integer)
12:47:45.915 INFO  o.s.w.s.m.m.a.RequestMappingHandlerMapping - Mapped "{[/other/getOrderInfo]}" onto public com.alibaba.fastjson.JSONObject com.wmeimob.kexiang.wechat.controller.OtherInterfaceController.getOrderInfo(javax.servlet.http.HttpServletRequest,java.lang.String)
12:47:45.915 INFO  o.s.w.s.m.m.a.RequestMappingHandlerMapping - Mapped "{[/tecent/sendCode]}" onto public com.alibaba.fastjson.JSONObject com.wmeimob.kexiang.wechat.controller.TecentController.sendCode(javax.servlet.http.HttpServletRequest,java.lang.String)
12:47:45.915 INFO  o.s.w.s.m.m.a.RequestMappingHandlerMapping - Mapped "{[/restError]}" onto public com.alibaba.fastjson.JSONObject com.wmeimob.custom.exception.ExceptionController.restError(javax.servlet.http.HttpServletRequest)
12:47:45.918 INFO  o.s.w.s.m.m.a.RequestMappingHandlerMapping - Mapped "{[/error]}" onto public org.springframework.http.ResponseEntity<java.util.Map<java.lang.String, java.lang.Object>> org.springframework.boot.autoconfigure.web.BasicErrorController.error(javax.servlet.http.HttpServletRequest)
12:47:45.920 INFO  o.s.w.s.m.m.a.RequestMappingHandlerMapping - Mapped "{[/error],produces=[text/html]}" onto public org.springframework.web.servlet.ModelAndView org.springframework.boot.autoconfigure.web.BasicErrorController.errorHtml(javax.servlet.http.HttpServletRequest,javax.servlet.http.HttpServletResponse)
12:47:46.216 INFO  o.s.w.s.h.SimpleUrlHandlerMapping - Mapped URL path [/webjars/**] onto handler of type [class org.springframework.web.servlet.resource.ResourceHttpRequestHandler]
12:47:46.216 INFO  o.s.w.s.h.SimpleUrlHandlerMapping - Mapped URL path [/**] onto handler of type [class org.springframework.web.servlet.resource.ResourceHttpRequestHandler]
12:47:46.369 INFO  o.s.w.s.h.SimpleUrlHandlerMapping - Mapped URL path [/**/favicon.ico] onto handler of type [class org.springframework.web.servlet.resource.ResourceHttpRequestHandler]
12:47:47.742 INFO  o.s.b.a.e.mvc.EndpointHandlerMapping - Mapped "{[/info || /info.json],methods=[GET],produces=[application/vnd.spring-boot.actuator.v1+json || application/json]}" onto public java.lang.Object org.springframework.boot.actuate.endpoint.mvc.EndpointMvcAdapter.invoke()
12:47:47.743 INFO  o.s.b.a.e.mvc.EndpointHandlerMapping - Mapped "{[/auditevents || /auditevents.json],methods=[GET],produces=[application/vnd.spring-boot.actuator.v1+json || application/json]}" onto public org.springframework.http.ResponseEntity<?> org.springframework.boot.actuate.endpoint.mvc.AuditEventsMvcEndpoint.findByPrincipalAndAfterAndType(java.lang.String,java.util.Date,java.lang.String)
12:47:47.745 INFO  o.s.b.a.e.mvc.EndpointHandlerMapping - Mapped "{[/trace || /trace.json],methods=[GET],produces=[application/vnd.spring-boot.actuator.v1+json || application/json]}" onto public java.lang.Object org.springframework.boot.actuate.endpoint.mvc.EndpointMvcAdapter.invoke()
12:47:47.746 INFO  o.s.b.a.e.mvc.EndpointHandlerMapping - Mapped "{[/dump || /dump.json],methods=[GET],produces=[application/vnd.spring-boot.actuator.v1+json || application/json]}" onto public java.lang.Object org.springframework.boot.actuate.endpoint.mvc.EndpointMvcAdapter.invoke()
12:47:47.746 INFO  o.s.b.a.e.mvc.EndpointHandlerMapping - Mapped "{[/beans || /beans.json],methods=[GET],produces=[application/vnd.spring-boot.actuator.v1+json || application/json]}" onto public java.lang.Object org.springframework.boot.actuate.endpoint.mvc.EndpointMvcAdapter.invoke()
12:47:47.747 INFO  o.s.b.a.e.mvc.EndpointHandlerMapping - Mapped "{[/health || /health.json],methods=[GET],produces=[application/vnd.spring-boot.actuator.v1+json || application/json]}" onto public java.lang.Object org.springframework.boot.actuate.endpoint.mvc.HealthMvcEndpoint.invoke(javax.servlet.http.HttpServletRequest,java.security.Principal)
12:47:47.747 INFO  o.s.b.a.e.mvc.EndpointHandlerMapping - Mapped "{[/autoconfig || /autoconfig.json],methods=[GET],produces=[application/vnd.spring-boot.actuator.v1+json || application/json]}" onto public java.lang.Object org.springframework.boot.actuate.endpoint.mvc.EndpointMvcAdapter.invoke()
12:47:47.748 INFO  o.s.b.a.e.mvc.EndpointHandlerMapping - Mapped "{[/metrics/{name:.*}],methods=[GET],produces=[application/vnd.spring-boot.actuator.v1+json || application/json]}" onto public java.lang.Object org.springframework.boot.actuate.endpoint.mvc.MetricsMvcEndpoint.value(java.lang.String)
12:47:47.748 INFO  o.s.b.a.e.mvc.EndpointHandlerMapping - Mapped "{[/metrics || /metrics.json],methods=[GET],produces=[application/vnd.spring-boot.actuator.v1+json || application/json]}" onto public java.lang.Object org.springframework.boot.actuate.endpoint.mvc.EndpointMvcAdapter.invoke()
12:47:47.749 INFO  o.s.b.a.e.mvc.EndpointHandlerMapping - Mapped "{[/configprops || /configprops.json],methods=[GET],produces=[application/vnd.spring-boot.actuator.v1+json || application/json]}" onto public java.lang.Object org.springframework.boot.actuate.endpoint.mvc.EndpointMvcAdapter.invoke()
12:47:47.750 INFO  o.s.b.a.e.mvc.EndpointHandlerMapping - Mapped "{[/env/{name:.*}],methods=[GET],produces=[application/vnd.spring-boot.actuator.v1+json || application/json]}" onto public java.lang.Object org.springframework.boot.actuate.endpoint.mvc.EnvironmentMvcEndpoint.value(java.lang.String)
12:47:47.750 INFO  o.s.b.a.e.mvc.EndpointHandlerMapping - Mapped "{[/env || /env.json],methods=[GET],produces=[application/vnd.spring-boot.actuator.v1+json || application/json]}" onto public java.lang.Object org.springframework.boot.actuate.endpoint.mvc.EndpointMvcAdapter.invoke()
12:47:47.751 INFO  o.s.b.a.e.mvc.EndpointHandlerMapping - Mapped "{[/heapdump || /heapdump.json],methods=[GET],produces=[application/octet-stream]}" onto public void org.springframework.boot.actuate.endpoint.mvc.HeapdumpMvcEndpoint.invoke(boolean,javax.servlet.http.HttpServletRequest,javax.servlet.http.HttpServletResponse) throws java.io.IOException,javax.servlet.ServletException
12:47:47.752 INFO  o.s.b.a.e.mvc.EndpointHandlerMapping - Mapped "{[/mappings || /mappings.json],methods=[GET],produces=[application/vnd.spring-boot.actuator.v1+json || application/json]}" onto public java.lang.Object org.springframework.boot.actuate.endpoint.mvc.EndpointMvcAdapter.invoke()
12:47:47.754 INFO  o.s.b.a.e.mvc.EndpointHandlerMapping - Mapped "{[/loggers/{name:.*}],methods=[GET],produces=[application/vnd.spring-boot.actuator.v1+json || application/json]}" onto public java.lang.Object org.springframework.boot.actuate.endpoint.mvc.LoggersMvcEndpoint.get(java.lang.String)
12:47:47.754 INFO  o.s.b.a.e.mvc.EndpointHandlerMapping - Mapped "{[/loggers/{name:.*}],methods=[POST],consumes=[application/vnd.spring-boot.actuator.v1+json || application/json],produces=[application/vnd.spring-boot.actuator.v1+json || application/json]}" onto public java.lang.Object org.springframework.boot.actuate.endpoint.mvc.LoggersMvcEndpoint.set(java.lang.String,java.util.Map<java.lang.String, java.lang.String>)
12:47:47.755 INFO  o.s.b.a.e.mvc.EndpointHandlerMapping - Mapped "{[/loggers || /loggers.json],methods=[GET],produces=[application/vnd.spring-boot.actuator.v1+json || application/json]}" onto public java.lang.Object org.springframework.boot.actuate.endpoint.mvc.EndpointMvcAdapter.invoke()
12:47:47.914 INFO  o.s.s.web.DefaultSecurityFilterChain - Creating filter chain: org.springframework.boot.actuate.autoconfigure.ManagementWebSecurityAutoConfiguration$LazyEndpointPathRequestMatcher@2d23a5be, [org.springframework.security.web.context.request.async.WebAsyncManagerIntegrationFilter@51aa2a58, org.springframework.security.web.context.SecurityContextPersistenceFilter@378c48c1, org.springframework.security.web.header.HeaderWriterFilter@464d5365, org.springframework.web.filter.CorsFilter@726d8fa0, org.springframework.security.web.authentication.logout.LogoutFilter@1c2fb9e8, org.springframework.security.web.authentication.www.BasicAuthenticationFilter@390a7532, org.springframework.security.web.savedrequest.RequestCacheAwareFilter@bd28c86, org.springframework.security.web.servletapi.SecurityContextHolderAwareRequestFilter@5ca86715, org.springframework.security.web.authentication.AnonymousAuthenticationFilter@56554365, org.springframework.security.web.session.SessionManagementFilter@5b4d9bda, org.springframework.security.web.access.ExceptionTranslationFilter@3eadad14, org.springframework.security.web.access.intercept.FilterSecurityInterceptor@1c2b65cc]
12:47:48.082 INFO  c.w.custom.config.DataSourceConfig - 【配置sqlSessionTemplate】
12:47:49.403 INFO  o.s.w.s.m.m.a.RequestMappingHandlerAdapter - Looking for @ControllerAdvice: org.springframework.boot.context.embedded.AnnotationConfigEmbeddedWebApplicationContext@6986bbaf: startup date [Thu Mar 15 12:47:35 CST 2018]; root of context hierarchy
12:47:49.578 INFO  o.s.w.s.m.m.a.ExceptionHandlerExceptionResolver - Detected @ExceptionHandler methods in exceptionController
12:47:51.786 INFO  o.s.j.e.a.AnnotationMBeanExporter - Registering beans for JMX exposure on startup
12:47:51.794 INFO  o.s.b.a.e.jmx.EndpointMBeanExporter - Registering beans for JMX exposure on startup
12:47:51.799 INFO  o.s.c.s.DefaultLifecycleProcessor - Starting beans in phase 0
12:47:51.802 INFO  o.s.b.a.e.jmx.EndpointMBeanExporter - Located managed bean 'auditEventsEndpoint': registering with JMX server as MBean [org.springframework.boot:type=Endpoint,name=auditEventsEndpoint]
12:47:51.871 INFO  o.s.b.a.e.jmx.EndpointMBeanExporter - Located managed bean 'requestMappingEndpoint': registering with JMX server as MBean [org.springframework.boot:type=Endpoint,name=requestMappingEndpoint]
12:47:51.892 INFO  o.s.b.a.e.jmx.EndpointMBeanExporter - Located managed bean 'environmentEndpoint': registering with JMX server as MBean [org.springframework.boot:type=Endpoint,name=environmentEndpoint]
12:47:51.897 INFO  o.s.b.a.e.jmx.EndpointMBeanExporter - Located managed bean 'healthEndpoint': registering with JMX server as MBean [org.springframework.boot:type=Endpoint,name=healthEndpoint]
12:47:51.900 INFO  o.s.b.a.e.jmx.EndpointMBeanExporter - Located managed bean 'beansEndpoint': registering with JMX server as MBean [org.springframework.boot:type=Endpoint,name=beansEndpoint]
12:47:51.906 INFO  o.s.b.a.e.jmx.EndpointMBeanExporter - Located managed bean 'infoEndpoint': registering with JMX server as MBean [org.springframework.boot:type=Endpoint,name=infoEndpoint]
12:47:51.908 INFO  o.s.b.a.e.jmx.EndpointMBeanExporter - Located managed bean 'loggersEndpoint': registering with JMX server as MBean [org.springframework.boot:type=Endpoint,name=loggersEndpoint]
12:47:51.953 INFO  o.s.b.a.e.jmx.EndpointMBeanExporter - Located managed bean 'metricsEndpoint': registering with JMX server as MBean [org.springframework.boot:type=Endpoint,name=metricsEndpoint]
12:47:51.958 INFO  o.s.b.a.e.jmx.EndpointMBeanExporter - Located managed bean 'traceEndpoint': registering with JMX server as MBean [org.springframework.boot:type=Endpoint,name=traceEndpoint]
12:47:51.963 INFO  o.s.b.a.e.jmx.EndpointMBeanExporter - Located managed bean 'dumpEndpoint': registering with JMX server as MBean [org.springframework.boot:type=Endpoint,name=dumpEndpoint]
12:47:51.970 INFO  o.s.b.a.e.jmx.EndpointMBeanExporter - Located managed bean 'autoConfigurationReportEndpoint': registering with JMX server as MBean [org.springframework.boot:type=Endpoint,name=autoConfigurationReportEndpoint]
12:47:51.973 INFO  o.s.b.a.e.jmx.EndpointMBeanExporter - Located managed bean 'configurationPropertiesReportEndpoint': registering with JMX server as MBean [org.springframework.boot:type=Endpoint,name=configurationPropertiesReportEndpoint]
12:47:51.974 INFO  o.s.c.s.DefaultLifecycleProcessor - Starting beans in phase 2147483647
12:47:52.012 INFO  o.s.s.a.ScheduledAnnotationBeanPostProcessor - No TaskScheduler/ScheduledExecutorService bean found for scheduled processing
12:47:52.180 INFO  o.s.b.c.e.u.UndertowEmbeddedServletContainer - Undertow started on port(s) 52001 (http)
12:47:52.187 INFO  com.wmeimob.KexiangWechatApplication - Started KexiangWechatApplication in 17.124 seconds (JVM running for 17.872)
13:17:32.882 INFO  io.undertow.servlet - Initializing Spring FrameworkServlet 'dispatcherServlet'
13:17:32.885 INFO  o.s.web.servlet.DispatcherServlet - FrameworkServlet 'dispatcherServlet': initialization started
13:17:33.029 INFO  o.s.web.servlet.DispatcherServlet - FrameworkServlet 'dispatcherServlet': initialization completed in 144 ms
13:17:37.811 INFO  c.wmeimob.tools.web.IpAddressHelper - request ip 0:127.0.0.1
13:18:39.211 INFO  c.wmeimob.tools.web.IpAddressHelper - request ip 0:127.0.0.1
13:20:18.999 INFO  c.w.c.s.controller.WechatController - token：eyJhbGciOiJIUzUxMiJ9.eyJzdWJzY3JpYmUiOm51bGwsImNyZWF0ZWQiOjE1MjEwOTEyMTg5NTgsImFwcGlkIjoid3hiZDI5NjMyMDgzOGViMjMwIiwibmlja25hbWUiOiLlu5bpm6rlhrAiLCJoZWFkaW1ndXJsIjoiaHR0cDovL3RoaXJkd3gucWxvZ28uY24vbW1vcGVuL3ZpXzMyL294VTVjbTZhb1B2U1NUOVltMWlhZ3g3aWI3ZVlodFlSdnA5SmR4TlpjNjdSaktxTTc0WUpETWdpYThNS0lJWmZ6elNHSDVwMnBraWE3T01FTzZFUzVNcXQzUS8xMzIiLCJpZCI6MTAsImV4cCI6MTUyMTY5NjAxOCwidXNlciI6Im9WZzN2MU5WS3NFNnRyQ3Q0QjZob0Q3dkJlaEUifQ.H0bafBvZwqohajnD7EbCZVzcTaRhuUzA9sP3fTlveywdDdg7UmGIFKcOIeMvHauau2Ws7D0tHgygb9row8yuTw
13:20:19.678 INFO  c.wmeimob.tools.web.IpAddressHelper - request ip 0:127.0.0.1
13:20:35.854 INFO  c.wmeimob.tools.web.IpAddressHelper - request ip 0:127.0.0.1
13:21:37.794 INFO  c.wmeimob.tools.web.IpAddressHelper - request ip 0:127.0.0.1
13:22:20.428 INFO  c.wmeimob.tools.web.IpAddressHelper - request ip 0:127.0.0.1
13:22:26.972 INFO  c.wmeimob.tools.web.IpAddressHelper - request ip 0:127.0.0.1
13:22:40.403 INFO  c.wmeimob.tools.web.IpAddressHelper - request ip 0:127.0.0.1
13:22:58.256 INFO  c.wmeimob.tools.web.IpAddressHelper - request ip 0:127.0.0.1
13:23:02.385 INFO  c.wmeimob.tools.web.IpAddressHelper - request ip 0:127.0.0.1
13:23:42.280 INFO  com.wmeimob.tools.web.HttpHelper - GET请求返回结果：{"access_token":"7_Mv_xpnCXH4D3M00_ZGNKNhZbfYeVmFMl1wIHyP1ZnHiP4vxyRQE-ME8H3XiO7CO_CblvjKIN_IpcEx2g1Vg8TjnUQpfOpDNimFxCf-SC_gqvHNri7FD5Kp_Dn3_iIkBr3RCBE3bJTdFXnELkUWLgABAPRG","expires_in":7200}
13:23:42.332 INFO  com.wmeimob.tools.web.HttpHelper - GET请求返回结果：{"errcode":0,"errmsg":"ok","ticket":"HoagFKDcsGMVCIY2vOjf9gWHTPmBcWNFcjYJuqVxEPeM7HGTsrXRnQCM1uWX1yt1zQPnsi0kEimzJge2CPdBXw","expires_in":7200}
13:26:58.615 INFO  c.w.c.s.controller.WechatController - token：eyJhbGciOiJIUzUxMiJ9.eyJzdWJzY3JpYmUiOm51bGwsImNyZWF0ZWQiOjE1MjEwOTE2MTg2MTQsImFwcGlkIjoid3hiZDI5NjMyMDgzOGViMjMwIiwibmlja25hbWUiOiLlu5bpm6rlhrAiLCJoZWFkaW1ndXJsIjoiaHR0cDovL3RoaXJkd3gucWxvZ28uY24vbW1vcGVuL3ZpXzMyL294VTVjbTZhb1B2U1NUOVltMWlhZ3g3aWI3ZVlodFlSdnA5SmR4TlpjNjdSaktxTTc0WUpETWdpYThNS0lJWmZ6elNHSDVwMnBraWE3T01FTzZFUzVNcXQzUS8xMzIiLCJpZCI6MTAsImV4cCI6MTUyMTY5NjQxOCwidXNlciI6Im9WZzN2MU5WS3NFNnRyQ3Q0QjZob0Q3dkJlaEUifQ.AweniWUFEZYZdC2dS8PDaYJQMdtWrbbMlzfH0_q_l1BTM85F9e2o5fSOsuhCXTaHXjHLE6EUkBwnOWzQropgzQ
13:29:13.449 INFO  c.w.c.s.controller.WechatController - token：eyJhbGciOiJIUzUxMiJ9.eyJzdWJzY3JpYmUiOm51bGwsImNyZWF0ZWQiOjE1MjEwOTE3NTM0NDgsImFwcGlkIjoid3hiZDI5NjMyMDgzOGViMjMwIiwibmlja25hbWUiOiLlu5bpm6rlhrAiLCJoZWFkaW1ndXJsIjoiaHR0cDovL3RoaXJkd3gucWxvZ28uY24vbW1vcGVuL3ZpXzMyL294VTVjbTZhb1B2U1NUOVltMWlhZ3g3aWI3ZVlodFlSdnA5SmR4TlpjNjdSaktxTTc0WUpETWdpYThNS0lJWmZ6elNHSDVwMnBraWE3T01FTzZFUzVNcXQzUS8xMzIiLCJpZCI6MTAsImV4cCI6MTUyMTY5NjU1MywidXNlciI6Im9WZzN2MU5WS3NFNnRyQ3Q0QjZob0Q3dkJlaEUifQ.t8d0J02sihGuqmZdSyfVuZHbbe7V0TFpf0PBCcRBtiZi-VFCFHnCrlDcNialwplqCKMDqYfnKTi4SJFH66exng
13:34:34.557 INFO  c.w.c.s.controller.WechatController - token：eyJhbGciOiJIUzUxMiJ9.eyJzdWJzY3JpYmUiOm51bGwsImNyZWF0ZWQiOjE1MjEwOTIwNzQ1NTYsImFwcGlkIjoid3hiZDI5NjMyMDgzOGViMjMwIiwibmlja25hbWUiOiLlu5bpm6rlhrAiLCJoZWFkaW1ndXJsIjoiaHR0cDovL3RoaXJkd3gucWxvZ28uY24vbW1vcGVuL3ZpXzMyL294VTVjbTZhb1B2U1NUOVltMWlhZ3g3aWI3ZVlodFlSdnA5SmR4TlpjNjdSaktxTTc0WUpETWdpYThNS0lJWmZ6elNHSDVwMnBraWE3T01FTzZFUzVNcXQzUS8xMzIiLCJpZCI6MTAsImV4cCI6MTUyMTY5Njg3NCwidXNlciI6Im9WZzN2MU5WS3NFNnRyQ3Q0QjZob0Q3dkJlaEUifQ.8H04OLjRZIHIBlx2gAGwAUwLgajcV-CLh6vSgzNDwSw7JFlqvDYyIHyMfHFoEcyfrkgpvdU3_PXS_R719ZsQgA
13:40:04.106 INFO  c.wmeimob.tools.web.IpAddressHelper - request ip 0:127.0.0.1
13:40:16.255 INFO  c.w.c.s.controller.WechatController - token：eyJhbGciOiJIUzUxMiJ9.eyJzdWJzY3JpYmUiOm51bGwsImNyZWF0ZWQiOjE1MjEwOTI0MTYyNTUsImFwcGlkIjoid3hiZDI5NjMyMDgzOGViMjMwIiwibmlja25hbWUiOiLlu5bpm6rlhrAiLCJoZWFkaW1ndXJsIjoiaHR0cDovL3RoaXJkd3gucWxvZ28uY24vbW1vcGVuL3ZpXzMyL294VTVjbTZhb1B2U1NUOVltMWlhZ3g3aWI3ZVlodFlSdnA5SmR4TlpjNjdSaktxTTc0WUpETWdpYThNS0lJWmZ6elNHSDVwMnBraWE3T01FTzZFUzVNcXQzUS8xMzIiLCJpZCI6MTAsImV4cCI6MTUyMTY5NzIxNiwidXNlciI6Im9WZzN2MU5WS3NFNnRyQ3Q0QjZob0Q3dkJlaEUifQ.dMeC0icLkDWG5OtQD4tla719zR_JgJI31xdLlFQ3-D2VFYx7MLf9lV_FMgDWhOKBdjgA--ZHgt9EBFEy00FS_A
16:50:05.698 INFO  com.wmeimob.tools.web.HttpHelper - GET请求返回结果：{"access_token":"7_AtpnETB1N0KSrSPuXmyfOJEMoA8N8aVea9Gs39dBtws__KM62NPOEjXySp8PtqAv3dXCvu21hnBAuALyoh_wWcRNbrAx3ExD_sy-tAoLGzCcVetUeI_2DoX4YnQmB4MV5DnaKeed7n_Tet7zVBVeACAHNH","expires_in":7200}
16:50:05.989 INFO  com.wmeimob.tools.web.HttpHelper - GET请求返回结果：{"errcode":0,"errmsg":"ok","ticket":"HoagFKDcsGMVCIY2vOjf9gWHTPmBcWNFcjYJuqVxEPeR1re32HmsF1T9mE1IgKatqXlf_vdosRciKIPojRenpQ","expires_in":7200}
16:55:23.740 INFO  c.wmeimob.tools.web.IpAddressHelper - request ip 0:127.0.0.1
17:05:37.687 INFO  c.wmeimob.tools.web.IpAddressHelper - request ip 0:127.0.0.1
17:06:03.689 INFO  c.wmeimob.tools.web.IpAddressHelper - request ip 0:127.0.0.1
17:11:43.815 INFO  c.wmeimob.tools.web.IpAddressHelper - request ip 0:127.0.0.1
17:11:49.065 INFO  c.wmeimob.tools.web.IpAddressHelper - request ip 0:127.0.0.1
17:12:03.511 INFO  c.wmeimob.tools.web.IpAddressHelper - request ip 0:127.0.0.1
17:12:20.190 INFO  c.wmeimob.tools.web.IpAddressHelper - request ip 0:127.0.0.1
17:44:50.758 INFO  com.wmeimob.KexiangWechatApplication - Starting KexiangWechatApplication on SC-201712081240 with PID 25560 (G:\MeiMeng\kexiang-project\KeXiang\kexiang-wechat-base\target\classes started by Administrator in G:\MeiMeng\kexiang-project\KeXiang\kexiang-wechat-base)
17:44:50.765 INFO  com.wmeimob.KexiangWechatApplication - The following profiles are active: local
17:44:50.865 INFO  o.s.b.c.e.AnnotationConfigEmbeddedWebApplicationContext - Refreshing org.springframework.boot.context.embedded.AnnotationConfigEmbeddedWebApplicationContext@6986bbaf: startup date [Thu Mar 15 17:44:50 CST 2018]; root of context hierarchy
17:44:52.663 INFO  o.s.b.f.s.DefaultListableBeanFactory - Overriding bean definition for bean 'propertySourcesPlaceholderConfigurer' with a different definition: replacing [Root bean: class [org.springframework.boot.autoconfigure.context.PropertyPlaceholderAutoConfiguration]; scope=; abstract=false; lazyInit=false; autowireMode=3; dependencyCheck=0; autowireCandidate=true; primary=false; factoryBeanName=null; factoryMethodName=propertySourcesPlaceholderConfigurer; initMethodName=null; destroyMethodName=(inferred); defined in class path resource [org/springframework/boot/autoconfigure/context/PropertyPlaceholderAutoConfiguration.class]] with [Root bean: class [org.springframework.boot.autoconfigure.session.RedisSessionConfiguration$SpringBootRedisHttpSessionConfiguration]; scope=; abstract=false; lazyInit=false; autowireMode=3; dependencyCheck=0; autowireCandidate=true; primary=false; factoryBeanName=null; factoryMethodName=propertySourcesPlaceholderConfigurer; initMethodName=null; destroyMethodName=(inferred); defined in class path resource [org/springframework/boot/autoconfigure/session/RedisSessionConfiguration$SpringBootRedisHttpSessionConfiguration.class]]
17:44:54.084 INFO  c.w.custom.config.DataSourceConfig - 【配置事务】
17:44:54.089 INFO  c.w.custom.config.DataSourceConfig - 【配置数据源】
17:44:58.791 INFO  org.xnio - XNIO version 3.3.8.Final
17:44:58.831 INFO  org.xnio.nio - XNIO NIO Implementation Version 3.3.8.Final
17:45:00.773 INFO  io.undertow.servlet - Initializing Spring embedded WebApplicationContext
17:45:00.774 INFO  o.s.web.context.ContextLoader - Root WebApplicationContext: initialization completed in 9909 ms
17:45:03.319 INFO  o.s.b.w.s.FilterRegistrationBean - Mapping filter: 'metricsFilter' to: [/*]
17:45:03.326 INFO  o.s.b.w.s.FilterRegistrationBean - Mapping filter: 'characterEncodingFilter' to: [/*]
17:45:03.327 INFO  o.s.b.w.s.FilterRegistrationBean - Mapping filter: 'springSessionRepositoryFilter' to: [/*]
17:45:03.327 INFO  o.s.b.w.s.FilterRegistrationBean - Mapping filter: 'hiddenHttpMethodFilter' to: [/*]
17:45:03.327 INFO  o.s.b.w.s.FilterRegistrationBean - Mapping filter: 'httpPutFormContentFilter' to: [/*]
17:45:03.327 INFO  o.s.b.w.s.FilterRegistrationBean - Mapping filter: 'requestContextFilter' to: [/*]
17:45:03.328 INFO  o.s.b.w.s.DelegatingFilterProxyRegistrationBean - Mapping filter: 'springSecurityFilterChain' to: [/*]
17:45:03.329 INFO  o.s.b.w.s.FilterRegistrationBean - Mapping filter: 'webRequestLoggingFilter' to: [/*]
17:45:03.329 INFO  o.s.b.w.s.FilterRegistrationBean - Mapping filter: 'jwtAuthenticationTokenFilter' to: [/*]
17:45:03.329 INFO  o.s.b.w.s.FilterRegistrationBean - Mapping filter: 'applicationContextIdFilter' to: [/*]
17:45:03.330 INFO  o.s.b.w.s.ServletRegistrationBean - Mapping servlet: 'dispatcherServlet' to [/]
17:45:03.438 INFO  c.w.custom.config.DataSourceConfig - 【配置sqlSessionFactory】
17:45:05.865 INFO  o.s.s.web.DefaultSecurityFilterChain - Creating filter chain: org.springframework.security.web.util.matcher.AnyRequestMatcher@1, [org.springframework.security.web.context.request.async.WebAsyncManagerIntegrationFilter@36120a8b, org.springframework.security.web.context.SecurityContextPersistenceFilter@645c9f0f, org.springframework.security.web.header.HeaderWriterFilter@41bbb219, org.springframework.security.web.authentication.logout.LogoutFilter@38fc34fd, com.wmeimob.custom.system.security.JwtAuthenticationTokenFilter@33ebe4f0, org.springframework.security.web.savedrequest.RequestCacheAwareFilter@16c0be3b, org.springframework.security.web.servletapi.SecurityContextHolderAwareRequestFilter@48b09105, org.springframework.security.web.authentication.AnonymousAuthenticationFilter@63d66761, org.springframework.security.web.session.SessionManagementFilter@571db8b4, org.springframework.security.web.access.ExceptionTranslationFilter@65b5b5ed, org.springframework.security.web.access.intercept.FilterSecurityInterceptor@248d2cec]
17:45:06.067 INFO  o.s.w.s.m.m.a.RequestMappingHandlerMapping - Mapped "{[/file-name],methods=[GET]}" onto public com.alibaba.fastjson.JSONObject com.wmeimob.custom.system.controller.CommonController.getFileName(java.lang.String,java.lang.String,java.lang.String,java.lang.String...)
17:45:06.068 INFO  o.s.w.s.m.m.a.RequestMappingHandlerMapping - Mapped "{[/qiniu-token],methods=[GET]}" onto public com.alibaba.fastjson.JSONObject com.wmeimob.custom.system.controller.CommonController.getQiniuToken(javax.servlet.http.HttpServletRequest)
17:45:06.068 INFO  o.s.w.s.m.m.a.RequestMappingHandlerMapping - Mapped "{[/data-dictionary],methods=[GET]}" onto public com.alibaba.fastjson.JSONObject com.wmeimob.custom.system.controller.CommonController.getDataDict(javax.servlet.http.HttpServletRequest)
17:45:06.068 INFO  o.s.w.s.m.m.a.RequestMappingHandlerMapping - Mapped "{[/jssdk],methods=[GET]}" onto public com.alibaba.fastjson.JSONObject com.wmeimob.custom.system.controller.CommonController.getJssdk(java.lang.String,java.lang.String,java.lang.String)
17:45:06.069 INFO  o.s.w.s.m.m.a.RequestMappingHandlerMapping - Mapped "{[/core/token],methods=[GET]}" onto public java.util.Map<java.lang.String, java.lang.Object> com.wmeimob.custom.system.controller.WechatController.getToken(javax.servlet.http.HttpServletRequest,java.lang.String,java.lang.String)
17:45:06.075 INFO  o.s.w.s.m.m.a.RequestMappingHandlerMapping - Mapped "{[/city/treeinfo],methods=[GET]}" onto public com.alibaba.fastjson.JSONObject com.wmeimob.kexiang.wechat.controller.CityController.treeinfo(javax.servlet.http.HttpServletRequest)
17:45:06.088 INFO  o.s.w.s.m.m.a.RequestMappingHandlerMapping - Mapped "{[/city/info],methods=[GET]}" onto public com.alibaba.fastjson.JSONObject com.wmeimob.kexiang.wechat.controller.CityController.treeinfo(javax.servlet.http.HttpServletRequest,java.lang.Integer,java.lang.Integer)
17:45:06.091 INFO  o.s.w.s.m.m.a.RequestMappingHandlerMapping - Mapped "{[/company/info]}" onto public com.alibaba.fastjson.JSONObject com.wmeimob.kexiang.wechat.controller.CompanyController.info(javax.servlet.http.HttpServletRequest)
17:45:06.093 INFO  o.s.w.s.m.m.a.RequestMappingHandlerMapping - Mapped "{[/member/info]}" onto public com.alibaba.fastjson.JSONObject com.wmeimob.kexiang.wechat.controller.MemberController.info(javax.servlet.http.HttpServletRequest)
17:45:06.094 INFO  o.s.w.s.m.m.a.RequestMappingHandlerMapping - Mapped "{[/member/auth]}" onto public com.alibaba.fastjson.JSONObject com.wmeimob.kexiang.wechat.controller.MemberController.auth(javax.servlet.http.HttpServletRequest)
17:45:06.094 INFO  o.s.w.s.m.m.a.RequestMappingHandlerMapping - Mapped "{[/member/bingding],methods=[POST]}" onto public com.alibaba.fastjson.JSONObject com.wmeimob.kexiang.wechat.controller.MemberController.bingding(javax.servlet.http.HttpServletRequest,java.lang.String,java.lang.String)
17:45:06.102 INFO  o.s.w.s.m.m.a.RequestMappingHandlerMapping - Mapped "{[/order/order],methods=[POST]}" onto public com.alibaba.fastjson.JSONObject com.wmeimob.kexiang.wechat.controller.OrderController.order(javax.servlet.http.HttpServletRequest,java.util.Map<java.lang.String, java.lang.Object>)
17:45:06.102 INFO  o.s.w.s.m.m.a.RequestMappingHandlerMapping - Mapped "{[/order/order],methods=[DELETE]}" onto public com.alibaba.fastjson.JSONObject com.wmeimob.kexiang.wechat.controller.OrderController.order(javax.servlet.http.HttpServletRequest,java.lang.Integer)
17:45:06.102 INFO  o.s.w.s.m.m.a.RequestMappingHandlerMapping - Mapped "{[/order/info]}" onto public com.alibaba.fastjson.JSONObject com.wmeimob.kexiang.wechat.controller.OrderController.info(javax.servlet.http.HttpServletRequest,java.lang.String)
17:45:06.103 INFO  o.s.w.s.m.m.a.RequestMappingHandlerMapping - Mapped "{[/order/detailbase]}" onto public com.alibaba.fastjson.JSONObject com.wmeimob.kexiang.wechat.controller.OrderController.detailbase(javax.servlet.http.HttpServletRequest,java.lang.Integer)
17:45:06.103 INFO  o.s.w.s.m.m.a.RequestMappingHandlerMapping - Mapped "{[/order/edittwiceorder],methods=[POST]}" onto public com.alibaba.fastjson.JSONObject com.wmeimob.kexiang.wechat.controller.OrderController.edittwiceorder(javax.servlet.http.HttpServletRequest,java.util.Map<java.lang.String, java.lang.Object>)
17:45:06.103 INFO  o.s.w.s.m.m.a.RequestMappingHandlerMapping - Mapped "{[/order/{id}],methods=[PUT]}" onto public com.alibaba.fastjson.JSONObject com.wmeimob.kexiang.wechat.controller.OrderController.submitOrder(java.lang.Integer)
17:45:06.103 INFO  o.s.w.s.m.m.a.RequestMappingHandlerMapping - Mapped "{[/order/editorder],methods=[POST]}" onto public com.alibaba.fastjson.JSONObject com.wmeimob.kexiang.wechat.controller.OrderController.editorder(javax.servlet.http.HttpServletRequest,java.util.Map<java.lang.String, java.lang.Object>)
17:45:06.104 INFO  o.s.w.s.m.m.a.RequestMappingHandlerMapping - Mapped "{[/order/infobase]}" onto public com.alibaba.fastjson.JSONObject com.wmeimob.kexiang.wechat.controller.OrderController.infobase(javax.servlet.http.HttpServletRequest,java.lang.Integer)
17:45:06.104 INFO  o.s.w.s.m.m.a.RequestMappingHandlerMapping - Mapped "{[/other/getOrderInfo]}" onto public com.alibaba.fastjson.JSONObject com.wmeimob.kexiang.wechat.controller.OtherInterfaceController.getOrderInfo(javax.servlet.http.HttpServletRequest,java.lang.String)
17:45:06.105 INFO  o.s.w.s.m.m.a.RequestMappingHandlerMapping - Mapped "{[/tecent/sendCode]}" onto public com.alibaba.fastjson.JSONObject com.wmeimob.kexiang.wechat.controller.TecentController.sendCode(javax.servlet.http.HttpServletRequest,java.lang.String)
17:45:06.106 INFO  o.s.w.s.m.m.a.RequestMappingHandlerMapping - Mapped "{[/restError]}" onto public com.alibaba.fastjson.JSONObject com.wmeimob.custom.exception.ExceptionController.restError(javax.servlet.http.HttpServletRequest)
17:45:06.108 INFO  o.s.w.s.m.m.a.RequestMappingHandlerMapping - Mapped "{[/error]}" onto public org.springframework.http.ResponseEntity<java.util.Map<java.lang.String, java.lang.Object>> org.springframework.boot.autoconfigure.web.BasicErrorController.error(javax.servlet.http.HttpServletRequest)
17:45:06.108 INFO  o.s.w.s.m.m.a.RequestMappingHandlerMapping - Mapped "{[/error],produces=[text/html]}" onto public org.springframework.web.servlet.ModelAndView org.springframework.boot.autoconfigure.web.BasicErrorController.errorHtml(javax.servlet.http.HttpServletRequest,javax.servlet.http.HttpServletResponse)
17:45:06.386 INFO  o.s.w.s.h.SimpleUrlHandlerMapping - Mapped URL path [/webjars/**] onto handler of type [class org.springframework.web.servlet.resource.ResourceHttpRequestHandler]
17:45:06.386 INFO  o.s.w.s.h.SimpleUrlHandlerMapping - Mapped URL path [/**] onto handler of type [class org.springframework.web.servlet.resource.ResourceHttpRequestHandler]
17:45:06.522 INFO  o.s.w.s.h.SimpleUrlHandlerMapping - Mapped URL path [/**/favicon.ico] onto handler of type [class org.springframework.web.servlet.resource.ResourceHttpRequestHandler]
17:45:08.039 INFO  o.s.b.a.e.mvc.EndpointHandlerMapping - Mapped "{[/heapdump || /heapdump.json],methods=[GET],produces=[application/octet-stream]}" onto public void org.springframework.boot.actuate.endpoint.mvc.HeapdumpMvcEndpoint.invoke(boolean,javax.servlet.http.HttpServletRequest,javax.servlet.http.HttpServletResponse) throws java.io.IOException,javax.servlet.ServletException
17:45:08.042 INFO  o.s.b.a.e.mvc.EndpointHandlerMapping - Mapped "{[/beans || /beans.json],methods=[GET],produces=[application/vnd.spring-boot.actuator.v1+json || application/json]}" onto public java.lang.Object org.springframework.boot.actuate.endpoint.mvc.EndpointMvcAdapter.invoke()
17:45:08.045 INFO  o.s.b.a.e.mvc.EndpointHandlerMapping - Mapped "{[/dump || /dump.json],methods=[GET],produces=[application/vnd.spring-boot.actuator.v1+json || application/json]}" onto public java.lang.Object org.springframework.boot.actuate.endpoint.mvc.EndpointMvcAdapter.invoke()
17:45:08.046 INFO  o.s.b.a.e.mvc.EndpointHandlerMapping - Mapped "{[/configprops || /configprops.json],methods=[GET],produces=[application/vnd.spring-boot.actuator.v1+json || application/json]}" onto public java.lang.Object org.springframework.boot.actuate.endpoint.mvc.EndpointMvcAdapter.invoke()
17:45:08.047 INFO  o.s.b.a.e.mvc.EndpointHandlerMapping - Mapped "{[/env/{name:.*}],methods=[GET],produces=[application/vnd.spring-boot.actuator.v1+json || application/json]}" onto public java.lang.Object org.springframework.boot.actuate.endpoint.mvc.EnvironmentMvcEndpoint.value(java.lang.String)
17:45:08.047 INFO  o.s.b.a.e.mvc.EndpointHandlerMapping - Mapped "{[/env || /env.json],methods=[GET],produces=[application/vnd.spring-boot.actuator.v1+json || application/json]}" onto public java.lang.Object org.springframework.boot.actuate.endpoint.mvc.EndpointMvcAdapter.invoke()
17:45:08.048 INFO  o.s.b.a.e.mvc.EndpointHandlerMapping - Mapped "{[/metrics/{name:.*}],methods=[GET],produces=[application/vnd.spring-boot.actuator.v1+json || application/json]}" onto public java.lang.Object org.springframework.boot.actuate.endpoint.mvc.MetricsMvcEndpoint.value(java.lang.String)
17:45:08.049 INFO  o.s.b.a.e.mvc.EndpointHandlerMapping - Mapped "{[/metrics || /metrics.json],methods=[GET],produces=[application/vnd.spring-boot.actuator.v1+json || application/json]}" onto public java.lang.Object org.springframework.boot.actuate.endpoint.mvc.EndpointMvcAdapter.invoke()
17:45:08.049 INFO  o.s.b.a.e.mvc.EndpointHandlerMapping - Mapped "{[/health || /health.json],methods=[GET],produces=[application/vnd.spring-boot.actuator.v1+json || application/json]}" onto public java.lang.Object org.springframework.boot.actuate.endpoint.mvc.HealthMvcEndpoint.invoke(javax.servlet.http.HttpServletRequest,java.security.Principal)
17:45:08.052 INFO  o.s.b.a.e.mvc.EndpointHandlerMapping - Mapped "{[/loggers/{name:.*}],methods=[GET],produces=[application/vnd.spring-boot.actuator.v1+json || application/json]}" onto public java.lang.Object org.springframework.boot.actuate.endpoint.mvc.LoggersMvcEndpoint.get(java.lang.String)
17:45:08.053 INFO  o.s.b.a.e.mvc.EndpointHandlerMapping - Mapped "{[/loggers/{name:.*}],methods=[POST],consumes=[application/vnd.spring-boot.actuator.v1+json || application/json],produces=[application/vnd.spring-boot.actuator.v1+json || application/json]}" onto public java.lang.Object org.springframework.boot.actuate.endpoint.mvc.LoggersMvcEndpoint.set(java.lang.String,java.util.Map<java.lang.String, java.lang.String>)
17:45:08.053 INFO  o.s.b.a.e.mvc.EndpointHandlerMapping - Mapped "{[/loggers || /loggers.json],methods=[GET],produces=[application/vnd.spring-boot.actuator.v1+json || application/json]}" onto public java.lang.Object org.springframework.boot.actuate.endpoint.mvc.EndpointMvcAdapter.invoke()
17:45:08.053 INFO  o.s.b.a.e.mvc.EndpointHandlerMapping - Mapped "{[/autoconfig || /autoconfig.json],methods=[GET],produces=[application/vnd.spring-boot.actuator.v1+json || application/json]}" onto public java.lang.Object org.springframework.boot.actuate.endpoint.mvc.EndpointMvcAdapter.invoke()
17:45:08.062 INFO  o.s.b.a.e.mvc.EndpointHandlerMapping - Mapped "{[/info || /info.json],methods=[GET],produces=[application/vnd.spring-boot.actuator.v1+json || application/json]}" onto public java.lang.Object org.springframework.boot.actuate.endpoint.mvc.EndpointMvcAdapter.invoke()
17:45:08.062 INFO  o.s.b.a.e.mvc.EndpointHandlerMapping - Mapped "{[/mappings || /mappings.json],methods=[GET],produces=[application/vnd.spring-boot.actuator.v1+json || application/json]}" onto public java.lang.Object org.springframework.boot.actuate.endpoint.mvc.EndpointMvcAdapter.invoke()
17:45:08.063 INFO  o.s.b.a.e.mvc.EndpointHandlerMapping - Mapped "{[/auditevents || /auditevents.json],methods=[GET],produces=[application/vnd.spring-boot.actuator.v1+json || application/json]}" onto public org.springframework.http.ResponseEntity<?> org.springframework.boot.actuate.endpoint.mvc.AuditEventsMvcEndpoint.findByPrincipalAndAfterAndType(java.lang.String,java.util.Date,java.lang.String)
17:45:08.065 INFO  o.s.b.a.e.mvc.EndpointHandlerMapping - Mapped "{[/trace || /trace.json],methods=[GET],produces=[application/vnd.spring-boot.actuator.v1+json || application/json]}" onto public java.lang.Object org.springframework.boot.actuate.endpoint.mvc.EndpointMvcAdapter.invoke()
17:45:08.187 INFO  o.s.s.web.DefaultSecurityFilterChain - Creating filter chain: org.springframework.boot.actuate.autoconfigure.ManagementWebSecurityAutoConfiguration$LazyEndpointPathRequestMatcher@65021bb4, [org.springframework.security.web.context.request.async.WebAsyncManagerIntegrationFilter@630c3af3, org.springframework.security.web.context.SecurityContextPersistenceFilter@2f60e66a, org.springframework.security.web.header.HeaderWriterFilter@4e80960a, org.springframework.web.filter.CorsFilter@2e40ea48, org.springframework.security.web.authentication.logout.LogoutFilter@6f22c1f1, org.springframework.security.web.authentication.www.BasicAuthenticationFilter@36453773, org.springframework.security.web.savedrequest.RequestCacheAwareFilter@5bccef9f, org.springframework.security.web.servletapi.SecurityContextHolderAwareRequestFilter@1136122a, org.springframework.security.web.authentication.AnonymousAuthenticationFilter@5cba474f, org.springframework.security.web.session.SessionManagementFilter@2a0c244e, org.springframework.security.web.access.ExceptionTranslationFilter@13ebccd, org.springframework.security.web.access.intercept.FilterSecurityInterceptor@434d001d]
17:45:08.266 INFO  c.w.custom.config.DataSourceConfig - 【配置sqlSessionTemplate】
17:45:09.435 INFO  o.s.w.s.m.m.a.RequestMappingHandlerAdapter - Looking for @ControllerAdvice: org.springframework.boot.context.embedded.AnnotationConfigEmbeddedWebApplicationContext@6986bbaf: startup date [Thu Mar 15 17:44:50 CST 2018]; root of context hierarchy
17:45:09.609 INFO  o.s.w.s.m.m.a.ExceptionHandlerExceptionResolver - Detected @ExceptionHandler methods in exceptionController
17:45:12.397 INFO  o.s.j.e.a.AnnotationMBeanExporter - Registering beans for JMX exposure on startup
17:45:12.407 INFO  o.s.b.a.e.jmx.EndpointMBeanExporter - Registering beans for JMX exposure on startup
17:45:12.412 INFO  o.s.c.s.DefaultLifecycleProcessor - Starting beans in phase 0
17:45:12.415 INFO  o.s.b.a.e.jmx.EndpointMBeanExporter - Located managed bean 'auditEventsEndpoint': registering with JMX server as MBean [org.springframework.boot:type=Endpoint,name=auditEventsEndpoint]
17:45:12.435 INFO  o.s.b.a.e.jmx.EndpointMBeanExporter - Located managed bean 'requestMappingEndpoint': registering with JMX server as MBean [org.springframework.boot:type=Endpoint,name=requestMappingEndpoint]
17:45:12.454 INFO  o.s.b.a.e.jmx.EndpointMBeanExporter - Located managed bean 'environmentEndpoint': registering with JMX server as MBean [org.springframework.boot:type=Endpoint,name=environmentEndpoint]
17:45:12.458 INFO  o.s.b.a.e.jmx.EndpointMBeanExporter - Located managed bean 'healthEndpoint': registering with JMX server as MBean [org.springframework.boot:type=Endpoint,name=healthEndpoint]
17:45:12.463 INFO  o.s.b.a.e.jmx.EndpointMBeanExporter - Located managed bean 'beansEndpoint': registering with JMX server as MBean [org.springframework.boot:type=Endpoint,name=beansEndpoint]
17:45:12.469 INFO  o.s.b.a.e.jmx.EndpointMBeanExporter - Located managed bean 'infoEndpoint': registering with JMX server as MBean [org.springframework.boot:type=Endpoint,name=infoEndpoint]
17:45:12.472 INFO  o.s.b.a.e.jmx.EndpointMBeanExporter - Located managed bean 'loggersEndpoint': registering with JMX server as MBean [org.springframework.boot:type=Endpoint,name=loggersEndpoint]
17:45:12.479 INFO  o.s.b.a.e.jmx.EndpointMBeanExporter - Located managed bean 'metricsEndpoint': registering with JMX server as MBean [org.springframework.boot:type=Endpoint,name=metricsEndpoint]
17:45:12.488 INFO  o.s.b.a.e.jmx.EndpointMBeanExporter - Located managed bean 'traceEndpoint': registering with JMX server as MBean [org.springframework.boot:type=Endpoint,name=traceEndpoint]
17:45:12.490 INFO  o.s.b.a.e.jmx.EndpointMBeanExporter - Located managed bean 'dumpEndpoint': registering with JMX server as MBean [org.springframework.boot:type=Endpoint,name=dumpEndpoint]
17:45:12.514 INFO  o.s.b.a.e.jmx.EndpointMBeanExporter - Located managed bean 'autoConfigurationReportEndpoint': registering with JMX server as MBean [org.springframework.boot:type=Endpoint,name=autoConfigurationReportEndpoint]
17:45:12.518 INFO  o.s.b.a.e.jmx.EndpointMBeanExporter - Located managed bean 'configurationPropertiesReportEndpoint': registering with JMX server as MBean [org.springframework.boot:type=Endpoint,name=configurationPropertiesReportEndpoint]
17:45:12.520 INFO  o.s.c.s.DefaultLifecycleProcessor - Starting beans in phase 2147483647
17:45:12.539 INFO  o.s.s.a.ScheduledAnnotationBeanPostProcessor - No TaskScheduler/ScheduledExecutorService bean found for scheduled processing
17:45:12.674 INFO  o.s.b.c.e.u.UndertowEmbeddedServletContainer - Undertow started on port(s) 52001 (http)
17:45:12.680 INFO  com.wmeimob.KexiangWechatApplication - Started KexiangWechatApplication in 22.524 seconds (JVM running for 23.353)
