16:00:46.344 INFO  com.wmeimob.KexiangAdminApplication - Starting KexiangAdminApplication on SC-201712081240 with PID 16328 (G:\MeiMeng\kexiang-project\KeXiang\kexiang-admin-base\target\classes started by Administrator in G:\MeiMeng\kexiang-project\KeXiang\kexiang-admin-base)
16:00:46.357 INFO  com.wmeimob.KexiangAdminApplication - The following profiles are active: local
16:00:46.429 INFO  o.s.b.c.e.AnnotationConfigEmbeddedWebApplicationContext - Refreshing org.springframework.boot.context.embedded.AnnotationConfigEmbeddedWebApplicationContext@5b1ebf56: startup date [Mon Mar 05 16:00:46 CST 2018]; root of context hierarchy
16:00:48.540 INFO  o.s.b.f.s.DefaultListableBeanFactory - Overriding bean definition for bean 'propertySourcesPlaceholderConfigurer' with a different definition: replacing [Root bean: class [org.springframework.boot.autoconfigure.context.PropertyPlaceholderAutoConfiguration]; scope=; abstract=false; lazyInit=false; autowireMode=3; dependencyCheck=0; autowireCandidate=true; primary=false; factoryBeanName=null; factoryMethodName=propertySourcesPlaceholderConfigurer; initMethodName=null; destroyMethodName=(inferred); defined in class path resource [org/springframework/boot/autoconfigure/context/PropertyPlaceholderAutoConfiguration.class]] with [Root bean: class [org.springframework.boot.autoconfigure.session.RedisSessionConfiguration$SpringBootRedisHttpSessionConfiguration]; scope=; abstract=false; lazyInit=false; autowireMode=3; dependencyCheck=0; autowireCandidate=true; primary=false; factoryBeanName=null; factoryMethodName=propertySourcesPlaceholderConfigurer; initMethodName=null; destroyMethodName=(inferred); defined in class path resource [org/springframework/boot/autoconfigure/session/RedisSessionConfiguration$SpringBootRedisHttpSessionConfiguration.class]]
16:00:49.800 INFO  c.w.custom.config.DataSourceConfig - 【配置事务】
16:00:49.808 INFO  c.w.custom.config.DataSourceConfig - 【配置数据源】
16:00:50.905 INFO  org.xnio - XNIO version 3.3.8.Final
16:00:50.931 INFO  org.xnio.nio - XNIO NIO Implementation Version 3.3.8.Final
16:00:51.064 INFO  io.undertow.servlet - Initializing Spring embedded WebApplicationContext
16:00:51.065 INFO  o.s.web.context.ContextLoader - Root WebApplicationContext: initialization completed in 4636 ms
16:00:52.707 INFO  c.w.custom.config.DataSourceConfig - 【配置sqlSessionFactory】
16:00:54.722 INFO  o.s.b.w.s.FilterRegistrationBean - Mapping filter: 'metricsFilter' to: [/*]
16:00:54.724 INFO  o.s.b.w.s.FilterRegistrationBean - Mapping filter: 'characterEncodingFilter' to: [/*]
16:00:54.724 INFO  o.s.b.w.s.FilterRegistrationBean - Mapping filter: 'springSessionRepositoryFilter' to: [/*]
16:00:54.724 INFO  o.s.b.w.s.FilterRegistrationBean - Mapping filter: 'hiddenHttpMethodFilter' to: [/*]
16:00:54.725 INFO  o.s.b.w.s.FilterRegistrationBean - Mapping filter: 'httpPutFormContentFilter' to: [/*]
16:00:54.725 INFO  o.s.b.w.s.FilterRegistrationBean - Mapping filter: 'requestContextFilter' to: [/*]
16:00:54.726 INFO  o.s.b.w.s.DelegatingFilterProxyRegistrationBean - Mapping filter: 'springSecurityFilterChain' to: [/*]
16:00:54.726 INFO  o.s.b.w.s.FilterRegistrationBean - Mapping filter: 'webRequestLoggingFilter' to: [/*]
16:00:54.726 INFO  o.s.b.w.s.FilterRegistrationBean - Mapping filter: 'jwtAuthenticationTokenFilter' to: [/*]
16:00:54.726 INFO  o.s.b.w.s.FilterRegistrationBean - Mapping filter: 'securityInterceptor' to: [/*]
16:00:54.726 INFO  o.s.b.w.s.FilterRegistrationBean - Mapping filter: 'applicationContextIdFilter' to: [/*]
16:00:54.726 INFO  o.s.b.w.s.ServletRegistrationBean - Mapping servlet: 'dispatcherServlet' to [/]
16:00:56.770 INFO  o.s.s.web.DefaultSecurityFilterChain - Creating filter chain: org.springframework.security.web.util.matcher.AnyRequestMatcher@1, [org.springframework.security.web.context.request.async.WebAsyncManagerIntegrationFilter@f439e0f, org.springframework.security.web.context.SecurityContextPersistenceFilter@5cba890e, org.springframework.security.web.header.HeaderWriterFilter@53ddabc6, org.springframework.security.web.authentication.logout.LogoutFilter@5d4a34ff, com.wmeimob.custom.system.security.JwtAuthenticationTokenFilter@4e6cbdf1, org.springframework.security.web.savedrequest.RequestCacheAwareFilter@35d81657, org.springframework.security.web.servletapi.SecurityContextHolderAwareRequestFilter@612290d, org.springframework.security.web.authentication.AnonymousAuthenticationFilter@62410e1f, org.springframework.security.web.session.SessionManagementFilter@78b8f818, org.springframework.security.web.access.ExceptionTranslationFilter@3a6b94b6, org.springframework.security.web.access.intercept.FilterSecurityInterceptor@5c0ece6d]
16:00:56.981 INFO  o.s.w.s.m.m.a.RequestMappingHandlerMapping - Mapped "{[/internal/inject-data-auth],methods=[POST]}" onto public com.alibaba.fastjson.JSONObject com.wmeimob.custom.system.controller.InternalController.injectDataAuth(com.alibaba.fastjson.JSONArray)
16:00:56.983 INFO  o.s.w.s.m.m.a.RequestMappingHandlerMapping - Mapped "{[/internal/{id}/sys-user],methods=[PUT]}" onto public com.alibaba.fastjson.JSONObject com.wmeimob.custom.system.controller.InternalController.updateUser(javax.servlet.http.HttpServletRequest,java.lang.Integer,com.wmeimob.custom.system.entity.SysUser)
16:00:56.984 INFO  o.s.w.s.m.m.a.RequestMappingHandlerMapping - Mapped "{[/internal/sys-user],methods=[POST]}" onto public com.alibaba.fastjson.JSONObject com.wmeimob.custom.system.controller.InternalController.addSysUser(javax.servlet.http.HttpServletRequest,com.wmeimob.custom.system.entity.SysUser)
16:00:56.984 INFO  o.s.w.s.m.m.a.RequestMappingHandlerMapping - Mapped "{[/internal/inject-static-menu],methods=[POST]}" onto public com.alibaba.fastjson.JSONObject com.wmeimob.custom.system.controller.InternalController.injectStaticMenu(com.alibaba.fastjson.JSONArray)
16:00:56.984 INFO  o.s.w.s.m.m.a.RequestMappingHandlerMapping - Mapped "{[/internal/password],methods=[POST]}" onto public com.alibaba.fastjson.JSONObject com.wmeimob.custom.system.controller.InternalController.updateAdminPassword(javax.servlet.http.HttpServletRequest,java.lang.String,java.lang.String)
16:00:56.987 INFO  o.s.w.s.m.m.a.RequestMappingHandlerMapping - Mapped "{[/member/save],methods=[POST]}" onto public com.alibaba.fastjson.JSONObject com.wmeimob.custom.system.controller.MemberController.save(javax.servlet.http.HttpServletRequest,com.wmeimob.kexiang.wechat.entity.Member)
16:00:56.988 INFO  o.s.w.s.m.m.a.RequestMappingHandlerMapping - Mapped "{[/member/info]}" onto public com.alibaba.fastjson.JSONObject com.wmeimob.custom.system.controller.MemberController.info(javax.servlet.http.HttpServletRequest,com.wmeimob.kexiang.wechat.entity.Member)
16:00:56.988 INFO  o.s.w.s.m.m.a.RequestMappingHandlerMapping - Mapped "{[/member/del/{id}],methods=[DELETE]}" onto public com.alibaba.fastjson.JSONObject com.wmeimob.custom.system.controller.MemberController.del(javax.servlet.http.HttpServletRequest,java.lang.Integer)
16:00:56.989 INFO  o.s.w.s.m.m.a.RequestMappingHandlerMapping - Mapped "{[/orderm/detailbase]}" onto public com.alibaba.fastjson.JSONObject com.wmeimob.custom.system.controller.OrdermController.detailbase(javax.servlet.http.HttpServletRequest,java.lang.Integer)
16:00:56.991 INFO  o.s.w.s.m.m.a.RequestMappingHandlerMapping - Mapped "{[/orderm/infobase]}" onto public com.alibaba.fastjson.JSONObject com.wmeimob.custom.system.controller.OrdermController.infobase(javax.servlet.http.HttpServletRequest,java.lang.String,java.lang.String,java.lang.String)
16:00:57.004 INFO  o.s.w.s.m.m.a.RequestMappingHandlerMapping - Mapped "{[/main/sys-user],methods=[GET]}" onto public com.alibaba.fastjson.JSONObject com.wmeimob.custom.system.controller.SysController.getUsers(javax.servlet.http.HttpServletRequest,com.wmeimob.custom.system.entity.SysUser)
16:00:57.005 INFO  o.s.w.s.m.m.a.RequestMappingHandlerMapping - Mapped "{[/main/login],methods=[POST]}" onto public com.alibaba.fastjson.JSONObject com.wmeimob.custom.system.controller.SysController.login(javax.servlet.http.HttpServletResponse,com.wmeimob.custom.system.entity.SysUser)
16:00:57.007 INFO  o.s.w.s.m.m.a.RequestMappingHandlerMapping - Mapped "{[/main/sys-user/pwd],methods=[PUT]}" onto public com.alibaba.fastjson.JSONObject com.wmeimob.custom.system.controller.SysController.modifyPwd(java.lang.String,java.lang.String,javax.servlet.http.HttpServletRequest)
16:00:57.008 INFO  o.s.w.s.m.m.a.RequestMappingHandlerMapping - Mapped "{[/main/sys-role],methods=[POST || PUT]}" onto public com.alibaba.fastjson.JSONObject com.wmeimob.custom.system.controller.SysController.saveRole(javax.servlet.http.HttpServletRequest,com.wmeimob.custom.system.entity.SysRole)
16:00:57.008 INFO  o.s.w.s.m.m.a.RequestMappingHandlerMapping - Mapped "{[/main/sys-role/{roleId}/menus],methods=[GET]}" onto public com.alibaba.fastjson.JSONObject com.wmeimob.custom.system.controller.SysController.getRoleRootMenus(javax.servlet.http.HttpServletRequest,java.lang.Integer)
16:00:57.008 INFO  o.s.w.s.m.m.a.RequestMappingHandlerMapping - Mapped "{[/main/login-info],methods=[GET]}" onto public com.alibaba.fastjson.JSONObject com.wmeimob.custom.system.controller.SysController.loginInfo(javax.servlet.http.HttpServletRequest)
16:00:57.009 INFO  o.s.w.s.m.m.a.RequestMappingHandlerMapping - Mapped "{[/main/sys-resource/{id}/permission],methods=[PUT || POST]}" onto public com.alibaba.fastjson.JSONObject com.wmeimob.custom.system.controller.SysController.updatePermission(java.lang.Integer,com.wmeimob.custom.system.entity.SysPermission)
16:00:57.009 INFO  o.s.w.s.m.m.a.RequestMappingHandlerMapping - Mapped "{[/main/sys-resource],methods=[POST]}" onto public com.alibaba.fastjson.JSONObject com.wmeimob.custom.system.controller.SysController.addResource(com.wmeimob.custom.system.entity.SysResource)
16:00:57.009 INFO  o.s.w.s.m.m.a.RequestMappingHandlerMapping - Mapped "{[/main/sys-resource/{id}],methods=[DELETE]}" onto public com.alibaba.fastjson.JSONObject com.wmeimob.custom.system.controller.SysController.delResource(java.lang.Integer)
16:00:57.009 INFO  o.s.w.s.m.m.a.RequestMappingHandlerMapping - Mapped "{[/main/sys-role],methods=[GET]}" onto public com.alibaba.fastjson.JSONObject com.wmeimob.custom.system.controller.SysController.getRoles(javax.servlet.http.HttpServletRequest)
16:00:57.009 INFO  o.s.w.s.m.m.a.RequestMappingHandlerMapping - Mapped "{[/main/sys-role/{id}],methods=[DELETE]}" onto public com.alibaba.fastjson.JSONObject com.wmeimob.custom.system.controller.SysController.delRole(java.lang.Integer)
16:00:57.010 INFO  o.s.w.s.m.m.a.RequestMappingHandlerMapping - Mapped "{[/main/sys-role/{roleId}/menus],methods=[PUT]}" onto public com.alibaba.fastjson.JSONObject com.wmeimob.custom.system.controller.SysController.updateRoleMenus(com.wmeimob.custom.system.entity.ZTreeNodeArray,javax.servlet.http.HttpServletRequest,java.lang.Integer)
16:00:57.011 INFO  o.s.w.s.m.m.a.RequestMappingHandlerMapping - Mapped "{[/main/sys-resource/{id}],methods=[PUT]}" onto public com.alibaba.fastjson.JSONObject com.wmeimob.custom.system.controller.SysController.updateResource(java.lang.Integer,com.wmeimob.custom.system.entity.SysResource)
16:00:57.011 INFO  o.s.w.s.m.m.a.RequestMappingHandlerMapping - Mapped "{[/main/logout],methods=[POST]}" onto public com.alibaba.fastjson.JSONObject com.wmeimob.custom.system.controller.SysController.logout()
16:00:57.012 INFO  o.s.w.s.m.m.a.RequestMappingHandlerMapping - Mapped "{[/main/menu],methods=[POST]}" onto public com.alibaba.fastjson.JSONObject com.wmeimob.custom.system.controller.SysController.addMenu(com.wmeimob.custom.system.entity.SysMenu)
16:00:57.013 INFO  o.s.w.s.m.m.a.RequestMappingHandlerMapping - Mapped "{[/main/menu/{id}],methods=[DELETE]}" onto public com.alibaba.fastjson.JSONObject com.wmeimob.custom.system.controller.SysController.delMenu(java.lang.Integer)
16:00:57.013 INFO  o.s.w.s.m.m.a.RequestMappingHandlerMapping - Mapped "{[/main/resetPwd],methods=[PUT]}" onto public com.alibaba.fastjson.JSONObject com.wmeimob.custom.system.controller.SysController.resetPwd(javax.servlet.http.HttpServletRequest,com.wmeimob.custom.system.entity.SysUser)
16:00:57.016 INFO  o.s.w.s.m.m.a.RequestMappingHandlerMapping - Mapped "{[/main/sys-user/{id}],methods=[DELETE]}" onto public com.alibaba.fastjson.JSONObject com.wmeimob.custom.system.controller.SysController.delUser(javax.servlet.http.HttpServletRequest,java.lang.Integer)
16:00:57.016 INFO  o.s.w.s.m.m.a.RequestMappingHandlerMapping - Mapped "{[/main/sys-user],methods=[POST || PUT]}" onto public com.alibaba.fastjson.JSONObject com.wmeimob.custom.system.controller.SysController.saveUser(javax.servlet.http.HttpServletRequest,com.wmeimob.custom.system.entity.SysUser,com.wmeimob.custom.system.entity.SysUserDataRole)
16:00:57.016 INFO  o.s.w.s.m.m.a.RequestMappingHandlerMapping - Mapped "{[/main/qiniu-token]}" onto public com.alibaba.fastjson.JSONObject com.wmeimob.custom.system.controller.SysController.getQiniuToken(javax.servlet.http.HttpServletRequest)
16:00:57.016 INFO  o.s.w.s.m.m.a.RequestMappingHandlerMapping - Mapped "{[/main/menu],methods=[GET]}" onto public com.alibaba.fastjson.JSONObject com.wmeimob.custom.system.controller.SysController.getMenus()
16:00:57.017 INFO  o.s.w.s.m.m.a.RequestMappingHandlerMapping - Mapped "{[/main/menu/list],methods=[POST]}" onto public com.alibaba.fastjson.JSONObject com.wmeimob.custom.system.controller.SysController.updateMenu(com.alibaba.fastjson.JSONArray)
16:00:57.017 INFO  o.s.w.s.m.m.a.RequestMappingHandlerMapping - Mapped "{[/main/menu/{id}],methods=[PUT]}" onto public com.alibaba.fastjson.JSONObject com.wmeimob.custom.system.controller.SysController.updateMenu(java.lang.Integer,com.wmeimob.custom.system.entity.SysMenu)
16:00:57.017 INFO  o.s.w.s.m.m.a.RequestMappingHandlerMapping - Mapped "{[/main/sys-resource],methods=[GET]}" onto public com.alibaba.fastjson.JSONObject com.wmeimob.custom.system.controller.SysController.getRolePermission(java.lang.String)
16:00:57.018 INFO  o.s.w.s.m.m.a.RequestMappingHandlerMapping - Mapped "{[/main/sys-resource/{id}/permission],methods=[GET]}" onto public com.alibaba.fastjson.JSONObject com.wmeimob.custom.system.controller.SysController.getPermissionByResourceId(java.lang.Integer)
16:00:57.018 INFO  o.s.w.s.m.m.a.RequestMappingHandlerMapping - Mapped "{[/main/sys-user/{id}/data-role],methods=[GET]}" onto public com.alibaba.fastjson.JSONObject com.wmeimob.custom.system.controller.SysController.getDataRoleBySysUserId(javax.servlet.http.HttpServletRequest,java.lang.Integer)
16:00:57.019 INFO  o.s.w.s.m.m.a.RequestMappingHandlerMapping - Mapped "{[/mps],methods=[POST || PUT]}" onto public com.alibaba.fastjson.JSONObject com.wmeimob.custom.wechat.controller.WechatMpsController.save(javax.servlet.http.HttpServletRequest,com.wmeimob.custom.wechat.entity.WechatMps)
16:00:57.020 INFO  o.s.w.s.m.m.a.RequestMappingHandlerMapping - Mapped "{[/mps/{id}],methods=[DELETE]}" onto public com.alibaba.fastjson.JSONObject com.wmeimob.custom.wechat.controller.WechatMpsController.del(java.lang.Integer)
16:00:57.020 INFO  o.s.w.s.m.m.a.RequestMappingHandlerMapping - Mapped "{[/mps],methods=[GET]}" onto public com.alibaba.fastjson.JSONObject com.wmeimob.custom.wechat.controller.WechatMpsController.getMpsInfo(javax.servlet.http.HttpServletRequest)
16:00:57.020 INFO  o.s.w.s.m.m.a.RequestMappingHandlerMapping - Mapped "{[/mps/{mpid}/app],methods=[POST]}" onto public com.alibaba.fastjson.JSONObject com.wmeimob.custom.wechat.controller.WechatMpsController.addApp(java.lang.Integer,com.wmeimob.custom.wechat.entity.WechatApp)
16:00:57.021 INFO  o.s.w.s.m.m.a.RequestMappingHandlerMapping - Mapped "{[/mps/{mpid}/app/{appId}],methods=[PUT]}" onto public com.alibaba.fastjson.JSONObject com.wmeimob.custom.wechat.controller.WechatMpsController.updateApp(java.lang.Integer,java.lang.Integer,com.wmeimob.custom.wechat.entity.WechatApp)
16:00:57.021 INFO  o.s.w.s.m.m.a.RequestMappingHandlerMapping - Mapped "{[/mch],methods=[GET]}" onto public com.alibaba.fastjson.JSONObject com.wmeimob.custom.wechat.controller.WechatMpsController.loadMchInfo(javax.servlet.http.HttpServletRequest)
16:00:57.021 INFO  o.s.w.s.m.m.a.RequestMappingHandlerMapping - Mapped "{[/mch],methods=[POST || PUT]}" onto public com.alibaba.fastjson.JSONObject com.wmeimob.custom.wechat.controller.WechatMpsController.saveMchInfo(org.springframework.web.multipart.MultipartFile,com.wmeimob.custom.wechat.entity.WechatMch) throws java.io.IOException
16:00:57.021 INFO  o.s.w.s.m.m.a.RequestMappingHandlerMapping - Mapped "{[/mch/{id}],methods=[DELETE]}" onto public com.alibaba.fastjson.JSONObject com.wmeimob.custom.wechat.controller.WechatMpsController.delMch(java.lang.Integer)
16:00:57.021 INFO  o.s.w.s.m.m.a.RequestMappingHandlerMapping - Mapped "{[/mps/{mpid}/app],methods=[GET]}" onto public com.alibaba.fastjson.JSONObject com.wmeimob.custom.wechat.controller.WechatMpsController.getApp(java.lang.Integer)
16:00:57.022 INFO  o.s.w.s.m.m.a.RequestMappingHandlerMapping - Mapped "{[/mps/{mpid}/app/{appId}],methods=[DELETE]}" onto public com.alibaba.fastjson.JSONObject com.wmeimob.custom.wechat.controller.WechatMpsController.delApp(java.lang.Integer,java.lang.Integer)
16:00:57.022 INFO  o.s.w.s.m.m.a.RequestMappingHandlerMapping - Mapped "{[/mps/toAuth]}" onto public com.alibaba.fastjson.JSONObject com.wmeimob.custom.wechat.controller.WechatMpsController.toAuth(javax.servlet.http.HttpServletRequest)
16:00:57.022 INFO  o.s.w.s.m.m.a.RequestMappingHandlerMapping - Mapped "{[/restError]}" onto public com.alibaba.fastjson.JSONObject com.wmeimob.custom.exception.ExceptionController.restError(javax.servlet.http.HttpServletRequest)
16:00:57.024 INFO  o.s.w.s.m.m.a.RequestMappingHandlerMapping - Mapped "{[/error]}" onto public org.springframework.http.ResponseEntity<java.util.Map<java.lang.String, java.lang.Object>> org.springframework.boot.autoconfigure.web.BasicErrorController.error(javax.servlet.http.HttpServletRequest)
16:00:57.025 INFO  o.s.w.s.m.m.a.RequestMappingHandlerMapping - Mapped "{[/error],produces=[text/html]}" onto public org.springframework.web.servlet.ModelAndView org.springframework.boot.autoconfigure.web.BasicErrorController.errorHtml(javax.servlet.http.HttpServletRequest,javax.servlet.http.HttpServletResponse)
16:00:57.362 INFO  o.s.w.s.h.SimpleUrlHandlerMapping - Mapped URL path [/webjars/**] onto handler of type [class org.springframework.web.servlet.resource.ResourceHttpRequestHandler]
16:00:57.362 INFO  o.s.w.s.h.SimpleUrlHandlerMapping - Mapped URL path [/**] onto handler of type [class org.springframework.web.servlet.resource.ResourceHttpRequestHandler]
16:00:57.516 INFO  o.s.w.s.h.SimpleUrlHandlerMapping - Mapped URL path [/**/favicon.ico] onto handler of type [class org.springframework.web.servlet.resource.ResourceHttpRequestHandler]
16:00:58.429 INFO  o.s.b.a.e.mvc.EndpointHandlerMapping - Mapped "{[/trace || /trace.json],methods=[GET],produces=[application/vnd.spring-boot.actuator.v1+json || application/json]}" onto public java.lang.Object org.springframework.boot.actuate.endpoint.mvc.EndpointMvcAdapter.invoke()
16:00:58.430 INFO  o.s.b.a.e.mvc.EndpointHandlerMapping - Mapped "{[/env/{name:.*}],methods=[GET],produces=[application/vnd.spring-boot.actuator.v1+json || application/json]}" onto public java.lang.Object org.springframework.boot.actuate.endpoint.mvc.EnvironmentMvcEndpoint.value(java.lang.String)
16:00:58.431 INFO  o.s.b.a.e.mvc.EndpointHandlerMapping - Mapped "{[/env || /env.json],methods=[GET],produces=[application/vnd.spring-boot.actuator.v1+json || application/json]}" onto public java.lang.Object org.springframework.boot.actuate.endpoint.mvc.EndpointMvcAdapter.invoke()
16:00:58.432 INFO  o.s.b.a.e.mvc.EndpointHandlerMapping - Mapped "{[/loggers/{name:.*}],methods=[GET],produces=[application/vnd.spring-boot.actuator.v1+json || application/json]}" onto public java.lang.Object org.springframework.boot.actuate.endpoint.mvc.LoggersMvcEndpoint.get(java.lang.String)
16:00:58.433 INFO  o.s.b.a.e.mvc.EndpointHandlerMapping - Mapped "{[/loggers/{name:.*}],methods=[POST],consumes=[application/vnd.spring-boot.actuator.v1+json || application/json],produces=[application/vnd.spring-boot.actuator.v1+json || application/json]}" onto public java.lang.Object org.springframework.boot.actuate.endpoint.mvc.LoggersMvcEndpoint.set(java.lang.String,java.util.Map<java.lang.String, java.lang.String>)
16:00:58.433 INFO  o.s.b.a.e.mvc.EndpointHandlerMapping - Mapped "{[/loggers || /loggers.json],methods=[GET],produces=[application/vnd.spring-boot.actuator.v1+json || application/json]}" onto public java.lang.Object org.springframework.boot.actuate.endpoint.mvc.EndpointMvcAdapter.invoke()
16:00:58.434 INFO  o.s.b.a.e.mvc.EndpointHandlerMapping - Mapped "{[/beans || /beans.json],methods=[GET],produces=[application/vnd.spring-boot.actuator.v1+json || application/json]}" onto public java.lang.Object org.springframework.boot.actuate.endpoint.mvc.EndpointMvcAdapter.invoke()
16:00:58.435 INFO  o.s.b.a.e.mvc.EndpointHandlerMapping - Mapped "{[/mappings || /mappings.json],methods=[GET],produces=[application/vnd.spring-boot.actuator.v1+json || application/json]}" onto public java.lang.Object org.springframework.boot.actuate.endpoint.mvc.EndpointMvcAdapter.invoke()
16:00:58.435 INFO  o.s.b.a.e.mvc.EndpointHandlerMapping - Mapped "{[/metrics/{name:.*}],methods=[GET],produces=[application/vnd.spring-boot.actuator.v1+json || application/json]}" onto public java.lang.Object org.springframework.boot.actuate.endpoint.mvc.MetricsMvcEndpoint.value(java.lang.String)
16:00:58.435 INFO  o.s.b.a.e.mvc.EndpointHandlerMapping - Mapped "{[/metrics || /metrics.json],methods=[GET],produces=[application/vnd.spring-boot.actuator.v1+json || application/json]}" onto public java.lang.Object org.springframework.boot.actuate.endpoint.mvc.EndpointMvcAdapter.invoke()
16:00:58.436 INFO  o.s.b.a.e.mvc.EndpointHandlerMapping - Mapped "{[/heapdump || /heapdump.json],methods=[GET],produces=[application/octet-stream]}" onto public void org.springframework.boot.actuate.endpoint.mvc.HeapdumpMvcEndpoint.invoke(boolean,javax.servlet.http.HttpServletRequest,javax.servlet.http.HttpServletResponse) throws java.io.IOException,javax.servlet.ServletException
16:00:58.437 INFO  o.s.b.a.e.mvc.EndpointHandlerMapping - Mapped "{[/configprops || /configprops.json],methods=[GET],produces=[application/vnd.spring-boot.actuator.v1+json || application/json]}" onto public java.lang.Object org.springframework.boot.actuate.endpoint.mvc.EndpointMvcAdapter.invoke()
16:00:58.438 INFO  o.s.b.a.e.mvc.EndpointHandlerMapping - Mapped "{[/health || /health.json],methods=[GET],produces=[application/vnd.spring-boot.actuator.v1+json || application/json]}" onto public java.lang.Object org.springframework.boot.actuate.endpoint.mvc.HealthMvcEndpoint.invoke(javax.servlet.http.HttpServletRequest,java.security.Principal)
16:00:58.439 INFO  o.s.b.a.e.mvc.EndpointHandlerMapping - Mapped "{[/auditevents || /auditevents.json],methods=[GET],produces=[application/vnd.spring-boot.actuator.v1+json || application/json]}" onto public org.springframework.http.ResponseEntity<?> org.springframework.boot.actuate.endpoint.mvc.AuditEventsMvcEndpoint.findByPrincipalAndAfterAndType(java.lang.String,java.util.Date,java.lang.String)
16:00:58.439 INFO  o.s.b.a.e.mvc.EndpointHandlerMapping - Mapped "{[/autoconfig || /autoconfig.json],methods=[GET],produces=[application/vnd.spring-boot.actuator.v1+json || application/json]}" onto public java.lang.Object org.springframework.boot.actuate.endpoint.mvc.EndpointMvcAdapter.invoke()
16:00:58.439 INFO  o.s.b.a.e.mvc.EndpointHandlerMapping - Mapped "{[/info || /info.json],methods=[GET],produces=[application/vnd.spring-boot.actuator.v1+json || application/json]}" onto public java.lang.Object org.springframework.boot.actuate.endpoint.mvc.EndpointMvcAdapter.invoke()
16:00:58.439 INFO  o.s.b.a.e.mvc.EndpointHandlerMapping - Mapped "{[/dump || /dump.json],methods=[GET],produces=[application/vnd.spring-boot.actuator.v1+json || application/json]}" onto public java.lang.Object org.springframework.boot.actuate.endpoint.mvc.EndpointMvcAdapter.invoke()
16:00:58.520 INFO  o.s.s.web.DefaultSecurityFilterChain - Creating filter chain: org.springframework.boot.actuate.autoconfigure.ManagementWebSecurityAutoConfiguration$LazyEndpointPathRequestMatcher@18c0f025, [org.springframework.security.web.context.request.async.WebAsyncManagerIntegrationFilter@684f7f1c, org.springframework.security.web.context.SecurityContextPersistenceFilter@75f2ff80, org.springframework.security.web.header.HeaderWriterFilter@7c8b37a8, org.springframework.web.filter.CorsFilter@6a013bdd, org.springframework.security.web.authentication.logout.LogoutFilter@6a63ff31, org.springframework.security.web.authentication.www.BasicAuthenticationFilter@25435731, org.springframework.security.web.savedrequest.RequestCacheAwareFilter@253b1cbd, org.springframework.security.web.servletapi.SecurityContextHolderAwareRequestFilter@a859c5, org.springframework.security.web.authentication.AnonymousAuthenticationFilter@5e0bba2f, org.springframework.security.web.session.SessionManagementFilter@3831f4c2, org.springframework.security.web.access.ExceptionTranslationFilter@26feccf7, org.springframework.security.web.access.intercept.FilterSecurityInterceptor@320fc4b0]
16:00:58.566 INFO  c.w.custom.config.DataSourceConfig - 【配置sqlSessionTemplate】
16:00:59.441 INFO  o.s.w.s.m.m.a.RequestMappingHandlerAdapter - Looking for @ControllerAdvice: org.springframework.boot.context.embedded.AnnotationConfigEmbeddedWebApplicationContext@5b1ebf56: startup date [Mon Mar 05 16:00:46 CST 2018]; root of context hierarchy
16:00:59.609 INFO  o.s.w.s.m.m.a.ExceptionHandlerExceptionResolver - Detected @ExceptionHandler methods in exceptionController
16:01:01.534 INFO  o.s.j.e.a.AnnotationMBeanExporter - Registering beans for JMX exposure on startup
16:01:01.544 INFO  o.s.b.a.e.jmx.EndpointMBeanExporter - Registering beans for JMX exposure on startup
16:01:01.548 INFO  o.s.c.s.DefaultLifecycleProcessor - Starting beans in phase 0
16:01:01.551 INFO  o.s.b.a.e.jmx.EndpointMBeanExporter - Located managed bean 'auditEventsEndpoint': registering with JMX server as MBean [org.springframework.boot:type=Endpoint,name=auditEventsEndpoint]
16:01:01.596 INFO  o.s.b.a.e.jmx.EndpointMBeanExporter - Located managed bean 'requestMappingEndpoint': registering with JMX server as MBean [org.springframework.boot:type=Endpoint,name=requestMappingEndpoint]
16:01:01.618 INFO  o.s.b.a.e.jmx.EndpointMBeanExporter - Located managed bean 'environmentEndpoint': registering with JMX server as MBean [org.springframework.boot:type=Endpoint,name=environmentEndpoint]
16:01:01.628 INFO  o.s.b.a.e.jmx.EndpointMBeanExporter - Located managed bean 'healthEndpoint': registering with JMX server as MBean [org.springframework.boot:type=Endpoint,name=healthEndpoint]
16:01:01.636 INFO  o.s.b.a.e.jmx.EndpointMBeanExporter - Located managed bean 'beansEndpoint': registering with JMX server as MBean [org.springframework.boot:type=Endpoint,name=beansEndpoint]
16:01:01.656 INFO  o.s.b.a.e.jmx.EndpointMBeanExporter - Located managed bean 'infoEndpoint': registering with JMX server as MBean [org.springframework.boot:type=Endpoint,name=infoEndpoint]
16:01:01.663 INFO  o.s.b.a.e.jmx.EndpointMBeanExporter - Located managed bean 'loggersEndpoint': registering with JMX server as MBean [org.springframework.boot:type=Endpoint,name=loggersEndpoint]
16:01:01.723 INFO  o.s.b.a.e.jmx.EndpointMBeanExporter - Located managed bean 'metricsEndpoint': registering with JMX server as MBean [org.springframework.boot:type=Endpoint,name=metricsEndpoint]
16:01:01.730 INFO  o.s.b.a.e.jmx.EndpointMBeanExporter - Located managed bean 'traceEndpoint': registering with JMX server as MBean [org.springframework.boot:type=Endpoint,name=traceEndpoint]
16:01:01.734 INFO  o.s.b.a.e.jmx.EndpointMBeanExporter - Located managed bean 'dumpEndpoint': registering with JMX server as MBean [org.springframework.boot:type=Endpoint,name=dumpEndpoint]
16:01:01.738 INFO  o.s.b.a.e.jmx.EndpointMBeanExporter - Located managed bean 'autoConfigurationReportEndpoint': registering with JMX server as MBean [org.springframework.boot:type=Endpoint,name=autoConfigurationReportEndpoint]
16:01:01.745 INFO  o.s.b.a.e.jmx.EndpointMBeanExporter - Located managed bean 'configurationPropertiesReportEndpoint': registering with JMX server as MBean [org.springframework.boot:type=Endpoint,name=configurationPropertiesReportEndpoint]
16:01:01.753 INFO  o.s.c.s.DefaultLifecycleProcessor - Starting beans in phase 2147483647
16:01:01.779 INFO  o.s.s.a.ScheduledAnnotationBeanPostProcessor - No TaskScheduler/ScheduledExecutorService bean found for scheduled processing
16:01:01.843 INFO  o.s.b.c.e.u.UndertowEmbeddedServletContainer - Undertow started on port(s) 9001 (http)
16:01:01.847 INFO  c.w.c.s.s.SysSecurityMetadataSource - init resource and permission ...
16:01:02.784 INFO  c.w.c.s.s.SysSecurityMetadataSource - waiting to remove permission urls and then will sort them...
16:01:03.738 INFO  c.w.c.s.s.SysSecurityMetadataSource - success to inject data auth to access system
16:01:03.738 INFO  c.w.c.s.s.SysSecurityMetadataSource - resource and permission init complete！
16:01:03.755 INFO  com.wmeimob.KexiangAdminApplication - Started KexiangAdminApplication in 17.92 seconds (JVM running for 18.648)
16:03:28.552 INFO  io.undertow.servlet - Initializing Spring FrameworkServlet 'dispatcherServlet'
16:03:28.552 INFO  o.s.web.servlet.DispatcherServlet - FrameworkServlet 'dispatcherServlet': initialization started
16:03:28.602 INFO  o.s.web.servlet.DispatcherServlet - FrameworkServlet 'dispatcherServlet': initialization completed in 50 ms
16:03:29.619 INFO  c.w.c.s.security.SecurityInterceptor - Authorization:eyJhbGciOiJIUzUxMiJ9.eyJjcmVhdGVkIjoxNTIwMjMxODEyMjAwLCJuaWNrbmFtZSI6ImFkbWluIiwiaWQiOjEsInVzZXJUeXBlIjoxMDAwMSwiZXhwIjoxNTIwODM2NjEyLCJ1c2VyIjoiYWRtaW4ifQ.IPTjkXoPDOBXxRBIHnGcd5HRJqs54wf6SFiTndusyzAkGd17_T2uT3-sLT4_tYGTmgAzHU2nzxD0DxchAq4tXg
16:03:29.798 INFO  c.wmeimob.tools.web.IpAddressHelper - request ip 0:127.0.0.1
16:03:30.005 INFO  c.w.c.s.security.SecurityInterceptor - Authorization:eyJhbGciOiJIUzUxMiJ9.eyJjcmVhdGVkIjoxNTIwMjM3MDA5NDkwLCJuaWNrbmFtZSI6ImFkbWluIiwiaWQiOjEsInVzZXJUeXBlIjoxMDAwMSwiZXhwIjoxNTIwODQxODA5LCJ1c2VyIjoiYWRtaW4ifQ.R3xBeMRSoDXJyyET1UOksVCebqAFv3H0KRan66gQEJzLEvo4VrTu_bvNf_YRdsvCp6xVrjuZnRywCNqzRosFCg
16:03:36.639 INFO  c.w.c.s.security.SecurityInterceptor - Authorization:eyJhbGciOiJIUzUxMiJ9.eyJjcmVhdGVkIjoxNTIwMjM3MDA5NDkwLCJuaWNrbmFtZSI6ImFkbWluIiwiaWQiOjEsInVzZXJUeXBlIjoxMDAwMSwiZXhwIjoxNTIwODQxODA5LCJ1c2VyIjoiYWRtaW4ifQ.R3xBeMRSoDXJyyET1UOksVCebqAFv3H0KRan66gQEJzLEvo4VrTu_bvNf_YRdsvCp6xVrjuZnRywCNqzRosFCg
16:03:38.169 INFO  c.w.c.s.security.SecurityInterceptor - Authorization:eyJhbGciOiJIUzUxMiJ9.eyJjcmVhdGVkIjoxNTIwMjM3MDA5NDkwLCJuaWNrbmFtZSI6ImFkbWluIiwiaWQiOjEsInVzZXJUeXBlIjoxMDAwMSwiZXhwIjoxNTIwODQxODA5LCJ1c2VyIjoiYWRtaW4ifQ.R3xBeMRSoDXJyyET1UOksVCebqAFv3H0KRan66gQEJzLEvo4VrTu_bvNf_YRdsvCp6xVrjuZnRywCNqzRosFCg
16:03:44.457 INFO  c.w.c.s.security.SecurityInterceptor - Authorization:eyJhbGciOiJIUzUxMiJ9.eyJjcmVhdGVkIjoxNTIwMjM3MDA5NDkwLCJuaWNrbmFtZSI6ImFkbWluIiwiaWQiOjEsInVzZXJUeXBlIjoxMDAwMSwiZXhwIjoxNTIwODQxODA5LCJ1c2VyIjoiYWRtaW4ifQ.R3xBeMRSoDXJyyET1UOksVCebqAFv3H0KRan66gQEJzLEvo4VrTu_bvNf_YRdsvCp6xVrjuZnRywCNqzRosFCg
16:03:49.127 INFO  c.w.c.s.security.SecurityInterceptor - Authorization:eyJhbGciOiJIUzUxMiJ9.eyJjcmVhdGVkIjoxNTIwMjM3MDA5NDkwLCJuaWNrbmFtZSI6ImFkbWluIiwiaWQiOjEsInVzZXJUeXBlIjoxMDAwMSwiZXhwIjoxNTIwODQxODA5LCJ1c2VyIjoiYWRtaW4ifQ.R3xBeMRSoDXJyyET1UOksVCebqAFv3H0KRan66gQEJzLEvo4VrTu_bvNf_YRdsvCp6xVrjuZnRywCNqzRosFCg
16:05:23.125 INFO  c.w.c.s.security.SecurityInterceptor - Authorization:eyJhbGciOiJIUzUxMiJ9.eyJjcmVhdGVkIjoxNTIwMjM3MDA5NDkwLCJuaWNrbmFtZSI6ImFkbWluIiwiaWQiOjEsInVzZXJUeXBlIjoxMDAwMSwiZXhwIjoxNTIwODQxODA5LCJ1c2VyIjoiYWRtaW4ifQ.R3xBeMRSoDXJyyET1UOksVCebqAFv3H0KRan66gQEJzLEvo4VrTu_bvNf_YRdsvCp6xVrjuZnRywCNqzRosFCg
16:05:25.640 INFO  c.w.c.s.security.SecurityInterceptor - Authorization:eyJhbGciOiJIUzUxMiJ9.eyJjcmVhdGVkIjoxNTIwMjM3MDA5NDkwLCJuaWNrbmFtZSI6ImFkbWluIiwiaWQiOjEsInVzZXJUeXBlIjoxMDAwMSwiZXhwIjoxNTIwODQxODA5LCJ1c2VyIjoiYWRtaW4ifQ.R3xBeMRSoDXJyyET1UOksVCebqAFv3H0KRan66gQEJzLEvo4VrTu_bvNf_YRdsvCp6xVrjuZnRywCNqzRosFCg
16:05:47.393 INFO  c.w.c.s.security.SecurityInterceptor - Authorization:eyJhbGciOiJIUzUxMiJ9.eyJjcmVhdGVkIjoxNTIwMjM3MDA5NDkwLCJuaWNrbmFtZSI6ImFkbWluIiwiaWQiOjEsInVzZXJUeXBlIjoxMDAwMSwiZXhwIjoxNTIwODQxODA5LCJ1c2VyIjoiYWRtaW4ifQ.R3xBeMRSoDXJyyET1UOksVCebqAFv3H0KRan66gQEJzLEvo4VrTu_bvNf_YRdsvCp6xVrjuZnRywCNqzRosFCg
16:05:48.588 INFO  c.w.c.s.security.SecurityInterceptor - Authorization:eyJhbGciOiJIUzUxMiJ9.eyJjcmVhdGVkIjoxNTIwMjM3MDA5NDkwLCJuaWNrbmFtZSI6ImFkbWluIiwiaWQiOjEsInVzZXJUeXBlIjoxMDAwMSwiZXhwIjoxNTIwODQxODA5LCJ1c2VyIjoiYWRtaW4ifQ.R3xBeMRSoDXJyyET1UOksVCebqAFv3H0KRan66gQEJzLEvo4VrTu_bvNf_YRdsvCp6xVrjuZnRywCNqzRosFCg
16:06:28.122 INFO  c.w.c.s.security.SecurityInterceptor - Authorization:eyJhbGciOiJIUzUxMiJ9.eyJjcmVhdGVkIjoxNTIwMjM3MDA5NDkwLCJuaWNrbmFtZSI6ImFkbWluIiwiaWQiOjEsInVzZXJUeXBlIjoxMDAwMSwiZXhwIjoxNTIwODQxODA5LCJ1c2VyIjoiYWRtaW4ifQ.R3xBeMRSoDXJyyET1UOksVCebqAFv3H0KRan66gQEJzLEvo4VrTu_bvNf_YRdsvCp6xVrjuZnRywCNqzRosFCg
16:06:30.121 INFO  c.w.c.s.security.SecurityInterceptor - Authorization:eyJhbGciOiJIUzUxMiJ9.eyJjcmVhdGVkIjoxNTIwMjM3MDA5NDkwLCJuaWNrbmFtZSI6ImFkbWluIiwiaWQiOjEsInVzZXJUeXBlIjoxMDAwMSwiZXhwIjoxNTIwODQxODA5LCJ1c2VyIjoiYWRtaW4ifQ.R3xBeMRSoDXJyyET1UOksVCebqAFv3H0KRan66gQEJzLEvo4VrTu_bvNf_YRdsvCp6xVrjuZnRywCNqzRosFCg
16:06:31.239 INFO  c.w.c.s.security.SecurityInterceptor - Authorization:eyJhbGciOiJIUzUxMiJ9.eyJjcmVhdGVkIjoxNTIwMjM3MDA5NDkwLCJuaWNrbmFtZSI6ImFkbWluIiwiaWQiOjEsInVzZXJUeXBlIjoxMDAwMSwiZXhwIjoxNTIwODQxODA5LCJ1c2VyIjoiYWRtaW4ifQ.R3xBeMRSoDXJyyET1UOksVCebqAFv3H0KRan66gQEJzLEvo4VrTu_bvNf_YRdsvCp6xVrjuZnRywCNqzRosFCg
16:46:46.067 INFO  com.wmeimob.KexiangAdminApplication - Starting KexiangAdminApplication on SC-201712081240 with PID 17552 (G:\MeiMeng\kexiang-project\KeXiang\kexiang-admin-base\target\classes started by Administrator in G:\MeiMeng\kexiang-project\KeXiang\kexiang-admin-base)
16:46:46.071 INFO  com.wmeimob.KexiangAdminApplication - The following profiles are active: local
16:46:46.189 INFO  o.s.b.c.e.AnnotationConfigEmbeddedWebApplicationContext - Refreshing org.springframework.boot.context.embedded.AnnotationConfigEmbeddedWebApplicationContext@5b1ebf56: startup date [Mon Mar 05 16:46:46 CST 2018]; root of context hierarchy
16:46:49.258 INFO  o.s.b.f.s.DefaultListableBeanFactory - Overriding bean definition for bean 'propertySourcesPlaceholderConfigurer' with a different definition: replacing [Root bean: class [org.springframework.boot.autoconfigure.context.PropertyPlaceholderAutoConfiguration]; scope=; abstract=false; lazyInit=false; autowireMode=3; dependencyCheck=0; autowireCandidate=true; primary=false; factoryBeanName=null; factoryMethodName=propertySourcesPlaceholderConfigurer; initMethodName=null; destroyMethodName=(inferred); defined in class path resource [org/springframework/boot/autoconfigure/context/PropertyPlaceholderAutoConfiguration.class]] with [Root bean: class [org.springframework.boot.autoconfigure.session.RedisSessionConfiguration$SpringBootRedisHttpSessionConfiguration]; scope=; abstract=false; lazyInit=false; autowireMode=3; dependencyCheck=0; autowireCandidate=true; primary=false; factoryBeanName=null; factoryMethodName=propertySourcesPlaceholderConfigurer; initMethodName=null; destroyMethodName=(inferred); defined in class path resource [org/springframework/boot/autoconfigure/session/RedisSessionConfiguration$SpringBootRedisHttpSessionConfiguration.class]]
16:46:50.884 INFO  c.w.custom.config.DataSourceConfig - 【配置事务】
16:46:50.890 INFO  c.w.custom.config.DataSourceConfig - 【配置数据源】
16:46:51.935 INFO  org.xnio - XNIO version 3.3.8.Final
16:46:51.955 INFO  org.xnio.nio - XNIO NIO Implementation Version 3.3.8.Final
16:46:52.178 INFO  io.undertow.servlet - Initializing Spring embedded WebApplicationContext
16:46:52.178 INFO  o.s.web.context.ContextLoader - Root WebApplicationContext: initialization completed in 5989 ms
16:46:53.955 INFO  c.w.custom.config.DataSourceConfig - 【配置sqlSessionFactory】
16:46:56.413 INFO  o.s.b.w.s.FilterRegistrationBean - Mapping filter: 'metricsFilter' to: [/*]
16:46:56.414 INFO  o.s.b.w.s.FilterRegistrationBean - Mapping filter: 'characterEncodingFilter' to: [/*]
16:46:56.414 INFO  o.s.b.w.s.FilterRegistrationBean - Mapping filter: 'springSessionRepositoryFilter' to: [/*]
16:46:56.414 INFO  o.s.b.w.s.FilterRegistrationBean - Mapping filter: 'hiddenHttpMethodFilter' to: [/*]
16:46:56.414 INFO  o.s.b.w.s.FilterRegistrationBean - Mapping filter: 'httpPutFormContentFilter' to: [/*]
16:46:56.415 INFO  o.s.b.w.s.FilterRegistrationBean - Mapping filter: 'requestContextFilter' to: [/*]
16:46:56.417 INFO  o.s.b.w.s.DelegatingFilterProxyRegistrationBean - Mapping filter: 'springSecurityFilterChain' to: [/*]
16:46:56.417 INFO  o.s.b.w.s.FilterRegistrationBean - Mapping filter: 'webRequestLoggingFilter' to: [/*]
16:46:56.417 INFO  o.s.b.w.s.FilterRegistrationBean - Mapping filter: 'jwtAuthenticationTokenFilter' to: [/*]
16:46:56.417 INFO  o.s.b.w.s.FilterRegistrationBean - Mapping filter: 'securityInterceptor' to: [/*]
16:46:56.417 INFO  o.s.b.w.s.FilterRegistrationBean - Mapping filter: 'applicationContextIdFilter' to: [/*]
16:46:56.417 INFO  o.s.b.w.s.ServletRegistrationBean - Mapping servlet: 'dispatcherServlet' to [/]
16:46:59.145 INFO  o.s.s.web.DefaultSecurityFilterChain - Creating filter chain: org.springframework.security.web.util.matcher.AnyRequestMatcher@1, [org.springframework.security.web.context.request.async.WebAsyncManagerIntegrationFilter@7b0525a8, org.springframework.security.web.context.SecurityContextPersistenceFilter@204c5ddf, org.springframework.security.web.header.HeaderWriterFilter@61d7bb61, org.springframework.security.web.authentication.logout.LogoutFilter@29db008c, com.wmeimob.custom.system.security.JwtAuthenticationTokenFilter@18e6b72b, org.springframework.security.web.savedrequest.RequestCacheAwareFilter@45273d40, org.springframework.security.web.servletapi.SecurityContextHolderAwareRequestFilter@37753b69, org.springframework.security.web.authentication.AnonymousAuthenticationFilter@4f2d8175, org.springframework.security.web.session.SessionManagementFilter@6b2f7527, org.springframework.security.web.access.ExceptionTranslationFilter@62c53685, org.springframework.security.web.access.intercept.FilterSecurityInterceptor@726ef6aa]
16:46:59.409 INFO  o.s.w.s.m.m.a.RequestMappingHandlerMapping - Mapped "{[/internal/password],methods=[POST]}" onto public com.alibaba.fastjson.JSONObject com.wmeimob.custom.system.controller.InternalController.updateAdminPassword(javax.servlet.http.HttpServletRequest,java.lang.String,java.lang.String)
16:46:59.410 INFO  o.s.w.s.m.m.a.RequestMappingHandlerMapping - Mapped "{[/internal/inject-static-menu],methods=[POST]}" onto public com.alibaba.fastjson.JSONObject com.wmeimob.custom.system.controller.InternalController.injectStaticMenu(com.alibaba.fastjson.JSONArray)
16:46:59.410 INFO  o.s.w.s.m.m.a.RequestMappingHandlerMapping - Mapped "{[/internal/{id}/sys-user],methods=[PUT]}" onto public com.alibaba.fastjson.JSONObject com.wmeimob.custom.system.controller.InternalController.updateUser(javax.servlet.http.HttpServletRequest,java.lang.Integer,com.wmeimob.custom.system.entity.SysUser)
16:46:59.410 INFO  o.s.w.s.m.m.a.RequestMappingHandlerMapping - Mapped "{[/internal/inject-data-auth],methods=[POST]}" onto public com.alibaba.fastjson.JSONObject com.wmeimob.custom.system.controller.InternalController.injectDataAuth(com.alibaba.fastjson.JSONArray)
16:46:59.411 INFO  o.s.w.s.m.m.a.RequestMappingHandlerMapping - Mapped "{[/internal/sys-user],methods=[POST]}" onto public com.alibaba.fastjson.JSONObject com.wmeimob.custom.system.controller.InternalController.addSysUser(javax.servlet.http.HttpServletRequest,com.wmeimob.custom.system.entity.SysUser)
16:46:59.413 INFO  o.s.w.s.m.m.a.RequestMappingHandlerMapping - Mapped "{[/member/save],methods=[POST]}" onto public com.alibaba.fastjson.JSONObject com.wmeimob.custom.system.controller.MemberController.save(javax.servlet.http.HttpServletRequest,com.wmeimob.kexiang.wechat.entity.Member)
16:46:59.413 INFO  o.s.w.s.m.m.a.RequestMappingHandlerMapping - Mapped "{[/member/info]}" onto public com.alibaba.fastjson.JSONObject com.wmeimob.custom.system.controller.MemberController.info(javax.servlet.http.HttpServletRequest,com.wmeimob.kexiang.wechat.entity.Member)
16:46:59.414 INFO  o.s.w.s.m.m.a.RequestMappingHandlerMapping - Mapped "{[/member/del/{id}],methods=[DELETE]}" onto public com.alibaba.fastjson.JSONObject com.wmeimob.custom.system.controller.MemberController.del(javax.servlet.http.HttpServletRequest,java.lang.Integer)
16:46:59.414 INFO  o.s.w.s.m.m.a.RequestMappingHandlerMapping - Mapped "{[/orderm/infobase]}" onto public com.alibaba.fastjson.JSONObject com.wmeimob.custom.system.controller.OrdermController.infobase(javax.servlet.http.HttpServletRequest,java.lang.String,java.lang.String,java.lang.String)
16:46:59.414 INFO  o.s.w.s.m.m.a.RequestMappingHandlerMapping - Mapped "{[/orderm/detailbase]}" onto public com.alibaba.fastjson.JSONObject com.wmeimob.custom.system.controller.OrdermController.detailbase(javax.servlet.http.HttpServletRequest,java.lang.Integer)
16:46:59.443 INFO  o.s.w.s.m.m.a.RequestMappingHandlerMapping - Mapped "{[/main/sys-resource/{id}/permission],methods=[GET]}" onto public com.alibaba.fastjson.JSONObject com.wmeimob.custom.system.controller.SysController.getPermissionByResourceId(java.lang.Integer)
16:46:59.444 INFO  o.s.w.s.m.m.a.RequestMappingHandlerMapping - Mapped "{[/main/sys-user/{id}/data-role],methods=[GET]}" onto public com.alibaba.fastjson.JSONObject com.wmeimob.custom.system.controller.SysController.getDataRoleBySysUserId(javax.servlet.http.HttpServletRequest,java.lang.Integer)
16:46:59.444 INFO  o.s.w.s.m.m.a.RequestMappingHandlerMapping - Mapped "{[/main/sys-resource],methods=[GET]}" onto public com.alibaba.fastjson.JSONObject com.wmeimob.custom.system.controller.SysController.getRolePermission(java.lang.String)
16:46:59.445 INFO  o.s.w.s.m.m.a.RequestMappingHandlerMapping - Mapped "{[/main/sys-user/pwd],methods=[PUT]}" onto public com.alibaba.fastjson.JSONObject com.wmeimob.custom.system.controller.SysController.modifyPwd(java.lang.String,java.lang.String,javax.servlet.http.HttpServletRequest)
16:46:59.445 INFO  o.s.w.s.m.m.a.RequestMappingHandlerMapping - Mapped "{[/main/sys-role/{roleId}/menus],methods=[GET]}" onto public com.alibaba.fastjson.JSONObject com.wmeimob.custom.system.controller.SysController.getRoleRootMenus(javax.servlet.http.HttpServletRequest,java.lang.Integer)
16:46:59.446 INFO  o.s.w.s.m.m.a.RequestMappingHandlerMapping - Mapped "{[/main/login],methods=[POST]}" onto public com.alibaba.fastjson.JSONObject com.wmeimob.custom.system.controller.SysController.login(javax.servlet.http.HttpServletResponse,com.wmeimob.custom.system.entity.SysUser)
16:46:59.446 INFO  o.s.w.s.m.m.a.RequestMappingHandlerMapping - Mapped "{[/main/login-info],methods=[GET]}" onto public com.alibaba.fastjson.JSONObject com.wmeimob.custom.system.controller.SysController.loginInfo(javax.servlet.http.HttpServletRequest)
16:46:59.446 INFO  o.s.w.s.m.m.a.RequestMappingHandlerMapping - Mapped "{[/main/menu/{id}],methods=[DELETE]}" onto public com.alibaba.fastjson.JSONObject com.wmeimob.custom.system.controller.SysController.delMenu(java.lang.Integer)
16:46:59.447 INFO  o.s.w.s.m.m.a.RequestMappingHandlerMapping - Mapped "{[/main/sys-resource/{id}],methods=[PUT]}" onto public com.alibaba.fastjson.JSONObject com.wmeimob.custom.system.controller.SysController.updateResource(java.lang.Integer,com.wmeimob.custom.system.entity.SysResource)
16:46:59.447 INFO  o.s.w.s.m.m.a.RequestMappingHandlerMapping - Mapped "{[/main/sys-user],methods=[GET]}" onto public com.alibaba.fastjson.JSONObject com.wmeimob.custom.system.controller.SysController.getUsers(javax.servlet.http.HttpServletRequest,com.wmeimob.custom.system.entity.SysUser)
16:46:59.447 INFO  o.s.w.s.m.m.a.RequestMappingHandlerMapping - Mapped "{[/main/menu],methods=[POST]}" onto public com.alibaba.fastjson.JSONObject com.wmeimob.custom.system.controller.SysController.addMenu(com.wmeimob.custom.system.entity.SysMenu)
16:46:59.448 INFO  o.s.w.s.m.m.a.RequestMappingHandlerMapping - Mapped "{[/main/sys-user],methods=[POST || PUT]}" onto public com.alibaba.fastjson.JSONObject com.wmeimob.custom.system.controller.SysController.saveUser(javax.servlet.http.HttpServletRequest,com.wmeimob.custom.system.entity.SysUser,com.wmeimob.custom.system.entity.SysUserDataRole)
16:46:59.448 INFO  o.s.w.s.m.m.a.RequestMappingHandlerMapping - Mapped "{[/main/sys-resource/{id}/permission],methods=[PUT || POST]}" onto public com.alibaba.fastjson.JSONObject com.wmeimob.custom.system.controller.SysController.updatePermission(java.lang.Integer,com.wmeimob.custom.system.entity.SysPermission)
16:46:59.496 INFO  o.s.w.s.m.m.a.RequestMappingHandlerMapping - Mapped "{[/main/qiniu-token]}" onto public com.alibaba.fastjson.JSONObject com.wmeimob.custom.system.controller.SysController.getQiniuToken(javax.servlet.http.HttpServletRequest)
16:46:59.497 INFO  o.s.w.s.m.m.a.RequestMappingHandlerMapping - Mapped "{[/main/sys-role],methods=[POST || PUT]}" onto public com.alibaba.fastjson.JSONObject com.wmeimob.custom.system.controller.SysController.saveRole(javax.servlet.http.HttpServletRequest,com.wmeimob.custom.system.entity.SysRole)
16:46:59.497 INFO  o.s.w.s.m.m.a.RequestMappingHandlerMapping - Mapped "{[/main/menu/list],methods=[POST]}" onto public com.alibaba.fastjson.JSONObject com.wmeimob.custom.system.controller.SysController.updateMenu(com.alibaba.fastjson.JSONArray)
16:46:59.497 INFO  o.s.w.s.m.m.a.RequestMappingHandlerMapping - Mapped "{[/main/menu/{id}],methods=[PUT]}" onto public com.alibaba.fastjson.JSONObject com.wmeimob.custom.system.controller.SysController.updateMenu(java.lang.Integer,com.wmeimob.custom.system.entity.SysMenu)
16:46:59.497 INFO  o.s.w.s.m.m.a.RequestMappingHandlerMapping - Mapped "{[/main/sys-role],methods=[GET]}" onto public com.alibaba.fastjson.JSONObject com.wmeimob.custom.system.controller.SysController.getRoles(javax.servlet.http.HttpServletRequest)
16:46:59.497 INFO  o.s.w.s.m.m.a.RequestMappingHandlerMapping - Mapped "{[/main/menu],methods=[GET]}" onto public com.alibaba.fastjson.JSONObject com.wmeimob.custom.system.controller.SysController.getMenus()
16:46:59.497 INFO  o.s.w.s.m.m.a.RequestMappingHandlerMapping - Mapped "{[/main/sys-user/{id}],methods=[DELETE]}" onto public com.alibaba.fastjson.JSONObject com.wmeimob.custom.system.controller.SysController.delUser(javax.servlet.http.HttpServletRequest,java.lang.Integer)
16:46:59.498 INFO  o.s.w.s.m.m.a.RequestMappingHandlerMapping - Mapped "{[/main/resetPwd],methods=[PUT]}" onto public com.alibaba.fastjson.JSONObject com.wmeimob.custom.system.controller.SysController.resetPwd(javax.servlet.http.HttpServletRequest,com.wmeimob.custom.system.entity.SysUser)
16:46:59.498 INFO  o.s.w.s.m.m.a.RequestMappingHandlerMapping - Mapped "{[/main/sys-role/{roleId}/menus],methods=[PUT]}" onto public com.alibaba.fastjson.JSONObject com.wmeimob.custom.system.controller.SysController.updateRoleMenus(com.wmeimob.custom.system.entity.ZTreeNodeArray,javax.servlet.http.HttpServletRequest,java.lang.Integer)
16:46:59.498 INFO  o.s.w.s.m.m.a.RequestMappingHandlerMapping - Mapped "{[/main/sys-resource],methods=[POST]}" onto public com.alibaba.fastjson.JSONObject com.wmeimob.custom.system.controller.SysController.addResource(com.wmeimob.custom.system.entity.SysResource)
16:46:59.498 INFO  o.s.w.s.m.m.a.RequestMappingHandlerMapping - Mapped "{[/main/sys-resource/{id}],methods=[DELETE]}" onto public com.alibaba.fastjson.JSONObject com.wmeimob.custom.system.controller.SysController.delResource(java.lang.Integer)
16:46:59.498 INFO  o.s.w.s.m.m.a.RequestMappingHandlerMapping - Mapped "{[/main/sys-role/{id}],methods=[DELETE]}" onto public com.alibaba.fastjson.JSONObject com.wmeimob.custom.system.controller.SysController.delRole(java.lang.Integer)
16:46:59.498 INFO  o.s.w.s.m.m.a.RequestMappingHandlerMapping - Mapped "{[/main/logout],methods=[POST]}" onto public com.alibaba.fastjson.JSONObject com.wmeimob.custom.system.controller.SysController.logout()
16:46:59.501 INFO  o.s.w.s.m.m.a.RequestMappingHandlerMapping - Mapped "{[/mps],methods=[POST || PUT]}" onto public com.alibaba.fastjson.JSONObject com.wmeimob.custom.wechat.controller.WechatMpsController.save(javax.servlet.http.HttpServletRequest,com.wmeimob.custom.wechat.entity.WechatMps)
16:46:59.506 INFO  o.s.w.s.m.m.a.RequestMappingHandlerMapping - Mapped "{[/mps/{id}],methods=[DELETE]}" onto public com.alibaba.fastjson.JSONObject com.wmeimob.custom.wechat.controller.WechatMpsController.del(java.lang.Integer)
16:46:59.506 INFO  o.s.w.s.m.m.a.RequestMappingHandlerMapping - Mapped "{[/mch/{id}],methods=[DELETE]}" onto public com.alibaba.fastjson.JSONObject com.wmeimob.custom.wechat.controller.WechatMpsController.delMch(java.lang.Integer)
16:46:59.507 INFO  o.s.w.s.m.m.a.RequestMappingHandlerMapping - Mapped "{[/mps/{mpid}/app/{appId}],methods=[DELETE]}" onto public com.alibaba.fastjson.JSONObject com.wmeimob.custom.wechat.controller.WechatMpsController.delApp(java.lang.Integer,java.lang.Integer)
16:46:59.507 INFO  o.s.w.s.m.m.a.RequestMappingHandlerMapping - Mapped "{[/mps/{mpid}/app],methods=[POST]}" onto public com.alibaba.fastjson.JSONObject com.wmeimob.custom.wechat.controller.WechatMpsController.addApp(java.lang.Integer,com.wmeimob.custom.wechat.entity.WechatApp)
16:46:59.507 INFO  o.s.w.s.m.m.a.RequestMappingHandlerMapping - Mapped "{[/mch],methods=[GET]}" onto public com.alibaba.fastjson.JSONObject com.wmeimob.custom.wechat.controller.WechatMpsController.loadMchInfo(javax.servlet.http.HttpServletRequest)
16:46:59.507 INFO  o.s.w.s.m.m.a.RequestMappingHandlerMapping - Mapped "{[/mps/toAuth]}" onto public com.alibaba.fastjson.JSONObject com.wmeimob.custom.wechat.controller.WechatMpsController.toAuth(javax.servlet.http.HttpServletRequest)
16:46:59.507 INFO  o.s.w.s.m.m.a.RequestMappingHandlerMapping - Mapped "{[/mch],methods=[POST || PUT]}" onto public com.alibaba.fastjson.JSONObject com.wmeimob.custom.wechat.controller.WechatMpsController.saveMchInfo(org.springframework.web.multipart.MultipartFile,com.wmeimob.custom.wechat.entity.WechatMch) throws java.io.IOException
16:46:59.507 INFO  o.s.w.s.m.m.a.RequestMappingHandlerMapping - Mapped "{[/mps],methods=[GET]}" onto public com.alibaba.fastjson.JSONObject com.wmeimob.custom.wechat.controller.WechatMpsController.getMpsInfo(javax.servlet.http.HttpServletRequest)
16:46:59.507 INFO  o.s.w.s.m.m.a.RequestMappingHandlerMapping - Mapped "{[/mps/{mpid}/app],methods=[GET]}" onto public com.alibaba.fastjson.JSONObject com.wmeimob.custom.wechat.controller.WechatMpsController.getApp(java.lang.Integer)
16:46:59.508 INFO  o.s.w.s.m.m.a.RequestMappingHandlerMapping - Mapped "{[/mps/{mpid}/app/{appId}],methods=[PUT]}" onto public com.alibaba.fastjson.JSONObject com.wmeimob.custom.wechat.controller.WechatMpsController.updateApp(java.lang.Integer,java.lang.Integer,com.wmeimob.custom.wechat.entity.WechatApp)
16:46:59.510 INFO  o.s.w.s.m.m.a.RequestMappingHandlerMapping - Mapped "{[/restError]}" onto public com.alibaba.fastjson.JSONObject com.wmeimob.custom.exception.ExceptionController.restError(javax.servlet.http.HttpServletRequest)
16:46:59.512 INFO  o.s.w.s.m.m.a.RequestMappingHandlerMapping - Mapped "{[/error]}" onto public org.springframework.http.ResponseEntity<java.util.Map<java.lang.String, java.lang.Object>> org.springframework.boot.autoconfigure.web.BasicErrorController.error(javax.servlet.http.HttpServletRequest)
16:46:59.513 INFO  o.s.w.s.m.m.a.RequestMappingHandlerMapping - Mapped "{[/error],produces=[text/html]}" onto public org.springframework.web.servlet.ModelAndView org.springframework.boot.autoconfigure.web.BasicErrorController.errorHtml(javax.servlet.http.HttpServletRequest,javax.servlet.http.HttpServletResponse)
16:47:00.164 INFO  o.s.w.s.h.SimpleUrlHandlerMapping - Mapped URL path [/webjars/**] onto handler of type [class org.springframework.web.servlet.resource.ResourceHttpRequestHandler]
16:47:00.165 INFO  o.s.w.s.h.SimpleUrlHandlerMapping - Mapped URL path [/**] onto handler of type [class org.springframework.web.servlet.resource.ResourceHttpRequestHandler]
16:47:00.323 INFO  o.s.w.s.h.SimpleUrlHandlerMapping - Mapped URL path [/**/favicon.ico] onto handler of type [class org.springframework.web.servlet.resource.ResourceHttpRequestHandler]
16:47:01.392 INFO  o.s.b.a.e.mvc.EndpointHandlerMapping - Mapped "{[/mappings || /mappings.json],methods=[GET],produces=[application/vnd.spring-boot.actuator.v1+json || application/json]}" onto public java.lang.Object org.springframework.boot.actuate.endpoint.mvc.EndpointMvcAdapter.invoke()
16:47:01.421 INFO  o.s.b.a.e.mvc.EndpointHandlerMapping - Mapped "{[/env/{name:.*}],methods=[GET],produces=[application/vnd.spring-boot.actuator.v1+json || application/json]}" onto public java.lang.Object org.springframework.boot.actuate.endpoint.mvc.EnvironmentMvcEndpoint.value(java.lang.String)
16:47:01.422 INFO  o.s.b.a.e.mvc.EndpointHandlerMapping - Mapped "{[/env || /env.json],methods=[GET],produces=[application/vnd.spring-boot.actuator.v1+json || application/json]}" onto public java.lang.Object org.springframework.boot.actuate.endpoint.mvc.EndpointMvcAdapter.invoke()
16:47:01.423 INFO  o.s.b.a.e.mvc.EndpointHandlerMapping - Mapped "{[/trace || /trace.json],methods=[GET],produces=[application/vnd.spring-boot.actuator.v1+json || application/json]}" onto public java.lang.Object org.springframework.boot.actuate.endpoint.mvc.EndpointMvcAdapter.invoke()
16:47:01.424 INFO  o.s.b.a.e.mvc.EndpointHandlerMapping - Mapped "{[/metrics/{name:.*}],methods=[GET],produces=[application/vnd.spring-boot.actuator.v1+json || application/json]}" onto public java.lang.Object org.springframework.boot.actuate.endpoint.mvc.MetricsMvcEndpoint.value(java.lang.String)
16:47:01.426 INFO  o.s.b.a.e.mvc.EndpointHandlerMapping - Mapped "{[/metrics || /metrics.json],methods=[GET],produces=[application/vnd.spring-boot.actuator.v1+json || application/json]}" onto public java.lang.Object org.springframework.boot.actuate.endpoint.mvc.EndpointMvcAdapter.invoke()
16:47:01.429 INFO  o.s.b.a.e.mvc.EndpointHandlerMapping - Mapped "{[/health || /health.json],methods=[GET],produces=[application/vnd.spring-boot.actuator.v1+json || application/json]}" onto public java.lang.Object org.springframework.boot.actuate.endpoint.mvc.HealthMvcEndpoint.invoke(javax.servlet.http.HttpServletRequest,java.security.Principal)
16:47:01.437 INFO  o.s.b.a.e.mvc.EndpointHandlerMapping - Mapped "{[/auditevents || /auditevents.json],methods=[GET],produces=[application/vnd.spring-boot.actuator.v1+json || application/json]}" onto public org.springframework.http.ResponseEntity<?> org.springframework.boot.actuate.endpoint.mvc.AuditEventsMvcEndpoint.findByPrincipalAndAfterAndType(java.lang.String,java.util.Date,java.lang.String)
16:47:01.438 INFO  o.s.b.a.e.mvc.EndpointHandlerMapping - Mapped "{[/info || /info.json],methods=[GET],produces=[application/vnd.spring-boot.actuator.v1+json || application/json]}" onto public java.lang.Object org.springframework.boot.actuate.endpoint.mvc.EndpointMvcAdapter.invoke()
16:47:01.439 INFO  o.s.b.a.e.mvc.EndpointHandlerMapping - Mapped "{[/autoconfig || /autoconfig.json],methods=[GET],produces=[application/vnd.spring-boot.actuator.v1+json || application/json]}" onto public java.lang.Object org.springframework.boot.actuate.endpoint.mvc.EndpointMvcAdapter.invoke()
16:47:01.439 INFO  o.s.b.a.e.mvc.EndpointHandlerMapping - Mapped "{[/configprops || /configprops.json],methods=[GET],produces=[application/vnd.spring-boot.actuator.v1+json || application/json]}" onto public java.lang.Object org.springframework.boot.actuate.endpoint.mvc.EndpointMvcAdapter.invoke()
16:47:01.441 INFO  o.s.b.a.e.mvc.EndpointHandlerMapping - Mapped "{[/heapdump || /heapdump.json],methods=[GET],produces=[application/octet-stream]}" onto public void org.springframework.boot.actuate.endpoint.mvc.HeapdumpMvcEndpoint.invoke(boolean,javax.servlet.http.HttpServletRequest,javax.servlet.http.HttpServletResponse) throws java.io.IOException,javax.servlet.ServletException
16:47:01.444 INFO  o.s.b.a.e.mvc.EndpointHandlerMapping - Mapped "{[/beans || /beans.json],methods=[GET],produces=[application/vnd.spring-boot.actuator.v1+json || application/json]}" onto public java.lang.Object org.springframework.boot.actuate.endpoint.mvc.EndpointMvcAdapter.invoke()
16:47:01.464 INFO  o.s.b.a.e.mvc.EndpointHandlerMapping - Mapped "{[/dump || /dump.json],methods=[GET],produces=[application/vnd.spring-boot.actuator.v1+json || application/json]}" onto public java.lang.Object org.springframework.boot.actuate.endpoint.mvc.EndpointMvcAdapter.invoke()
16:47:01.465 INFO  o.s.b.a.e.mvc.EndpointHandlerMapping - Mapped "{[/loggers/{name:.*}],methods=[GET],produces=[application/vnd.spring-boot.actuator.v1+json || application/json]}" onto public java.lang.Object org.springframework.boot.actuate.endpoint.mvc.LoggersMvcEndpoint.get(java.lang.String)
16:47:01.466 INFO  o.s.b.a.e.mvc.EndpointHandlerMapping - Mapped "{[/loggers/{name:.*}],methods=[POST],consumes=[application/vnd.spring-boot.actuator.v1+json || application/json],produces=[application/vnd.spring-boot.actuator.v1+json || application/json]}" onto public java.lang.Object org.springframework.boot.actuate.endpoint.mvc.LoggersMvcEndpoint.set(java.lang.String,java.util.Map<java.lang.String, java.lang.String>)
16:47:01.466 INFO  o.s.b.a.e.mvc.EndpointHandlerMapping - Mapped "{[/loggers || /loggers.json],methods=[GET],produces=[application/vnd.spring-boot.actuator.v1+json || application/json]}" onto public java.lang.Object org.springframework.boot.actuate.endpoint.mvc.EndpointMvcAdapter.invoke()
16:47:01.667 INFO  o.s.s.web.DefaultSecurityFilterChain - Creating filter chain: org.springframework.boot.actuate.autoconfigure.ManagementWebSecurityAutoConfiguration$LazyEndpointPathRequestMatcher@3d3b852e, [org.springframework.security.web.context.request.async.WebAsyncManagerIntegrationFilter@14ba7f15, org.springframework.security.web.context.SecurityContextPersistenceFilter@3abadb65, org.springframework.security.web.header.HeaderWriterFilter@1ed52f44, org.springframework.web.filter.CorsFilter@55cb3b7, org.springframework.security.web.authentication.logout.LogoutFilter@78e97d4d, org.springframework.security.web.authentication.www.BasicAuthenticationFilter@666b91db, org.springframework.security.web.savedrequest.RequestCacheAwareFilter@7131d668, org.springframework.security.web.servletapi.SecurityContextHolderAwareRequestFilter@46a97805, org.springframework.security.web.authentication.AnonymousAuthenticationFilter@497fd334, org.springframework.security.web.session.SessionManagementFilter@771afdd5, org.springframework.security.web.access.ExceptionTranslationFilter@69944a90, org.springframework.security.web.access.intercept.FilterSecurityInterceptor@335896bd]
16:47:01.773 INFO  c.w.custom.config.DataSourceConfig - 【配置sqlSessionTemplate】
16:47:02.941 INFO  o.s.w.s.m.m.a.RequestMappingHandlerAdapter - Looking for @ControllerAdvice: org.springframework.boot.context.embedded.AnnotationConfigEmbeddedWebApplicationContext@5b1ebf56: startup date [Mon Mar 05 16:46:46 CST 2018]; root of context hierarchy
16:47:03.175 INFO  o.s.w.s.m.m.a.ExceptionHandlerExceptionResolver - Detected @ExceptionHandler methods in exceptionController
16:47:05.463 INFO  o.s.j.e.a.AnnotationMBeanExporter - Registering beans for JMX exposure on startup
16:47:05.476 INFO  o.s.b.a.e.jmx.EndpointMBeanExporter - Registering beans for JMX exposure on startup
16:47:05.491 INFO  o.s.c.s.DefaultLifecycleProcessor - Starting beans in phase 0
16:47:05.494 INFO  o.s.b.a.e.jmx.EndpointMBeanExporter - Located managed bean 'auditEventsEndpoint': registering with JMX server as MBean [org.springframework.boot:type=Endpoint,name=auditEventsEndpoint]
16:47:05.559 INFO  o.s.b.a.e.jmx.EndpointMBeanExporter - Located managed bean 'requestMappingEndpoint': registering with JMX server as MBean [org.springframework.boot:type=Endpoint,name=requestMappingEndpoint]
16:47:05.581 INFO  o.s.b.a.e.jmx.EndpointMBeanExporter - Located managed bean 'environmentEndpoint': registering with JMX server as MBean [org.springframework.boot:type=Endpoint,name=environmentEndpoint]
16:47:05.586 INFO  o.s.b.a.e.jmx.EndpointMBeanExporter - Located managed bean 'healthEndpoint': registering with JMX server as MBean [org.springframework.boot:type=Endpoint,name=healthEndpoint]
16:47:05.592 INFO  o.s.b.a.e.jmx.EndpointMBeanExporter - Located managed bean 'beansEndpoint': registering with JMX server as MBean [org.springframework.boot:type=Endpoint,name=beansEndpoint]
16:47:05.598 INFO  o.s.b.a.e.jmx.EndpointMBeanExporter - Located managed bean 'infoEndpoint': registering with JMX server as MBean [org.springframework.boot:type=Endpoint,name=infoEndpoint]
16:47:05.618 INFO  o.s.b.a.e.jmx.EndpointMBeanExporter - Located managed bean 'loggersEndpoint': registering with JMX server as MBean [org.springframework.boot:type=Endpoint,name=loggersEndpoint]
16:47:05.627 INFO  o.s.b.a.e.jmx.EndpointMBeanExporter - Located managed bean 'metricsEndpoint': registering with JMX server as MBean [org.springframework.boot:type=Endpoint,name=metricsEndpoint]
16:47:05.630 INFO  o.s.b.a.e.jmx.EndpointMBeanExporter - Located managed bean 'traceEndpoint': registering with JMX server as MBean [org.springframework.boot:type=Endpoint,name=traceEndpoint]
16:47:05.632 INFO  o.s.b.a.e.jmx.EndpointMBeanExporter - Located managed bean 'dumpEndpoint': registering with JMX server as MBean [org.springframework.boot:type=Endpoint,name=dumpEndpoint]
16:47:05.636 INFO  o.s.b.a.e.jmx.EndpointMBeanExporter - Located managed bean 'autoConfigurationReportEndpoint': registering with JMX server as MBean [org.springframework.boot:type=Endpoint,name=autoConfigurationReportEndpoint]
16:47:05.640 INFO  o.s.b.a.e.jmx.EndpointMBeanExporter - Located managed bean 'configurationPropertiesReportEndpoint': registering with JMX server as MBean [org.springframework.boot:type=Endpoint,name=configurationPropertiesReportEndpoint]
16:47:05.641 INFO  o.s.c.s.DefaultLifecycleProcessor - Starting beans in phase 2147483647
16:47:05.664 INFO  o.s.s.a.ScheduledAnnotationBeanPostProcessor - No TaskScheduler/ScheduledExecutorService bean found for scheduled processing
16:47:05.746 INFO  o.s.b.c.e.u.UndertowEmbeddedServletContainer - Undertow started on port(s) 9001 (http)
16:47:05.752 INFO  c.w.c.s.s.SysSecurityMetadataSource - init resource and permission ...
16:47:06.291 INFO  c.w.c.s.s.SysSecurityMetadataSource - waiting to remove permission urls and then will sort them...
16:47:06.550 INFO  c.w.c.s.s.SysSecurityMetadataSource - success to inject data auth to access system
16:47:06.550 INFO  c.w.c.s.s.SysSecurityMetadataSource - resource and permission init complete！
16:47:06.617 INFO  com.wmeimob.KexiangAdminApplication - Started KexiangAdminApplication in 21.177 seconds (JVM running for 22.087)
16:49:30.820 INFO  io.undertow.servlet - Initializing Spring FrameworkServlet 'dispatcherServlet'
16:49:30.820 INFO  o.s.web.servlet.DispatcherServlet - FrameworkServlet 'dispatcherServlet': initialization started
16:49:30.858 INFO  o.s.web.servlet.DispatcherServlet - FrameworkServlet 'dispatcherServlet': initialization completed in 38 ms
16:49:31.553 INFO  c.w.c.s.security.SecurityInterceptor - Authorization:null
16:49:31.668 INFO  c.wmeimob.tools.web.IpAddressHelper - request ip 0:127.0.0.1
16:49:31.742 INFO  c.w.c.s.security.SecurityInterceptor - Authorization:eyJhbGciOiJIUzUxMiJ9.eyJjcmVhdGVkIjoxNTIwMjM5NzcxMTUxLCJuaWNrbmFtZSI6ImFkbWluIiwiaWQiOjEsInVzZXJUeXBlIjoxMDAwMSwiZXhwIjoxNTIwODQ0NTcxLCJ1c2VyIjoiYWRtaW4ifQ.fzvYvysp0qqLaUQDY9jz-m-qh0l0DiVFWgOGRa2zO7GTn5F7jhJYEWicp7OlhxlL_4y86qRhsCcTbXrr-A_KIA
