22:09:15.259 INFO  com.wmeimob.KexiangAdminApplication - Starting KexiangAdminApplication on SC-201712081240 with PID 18568 (G:\MeiMeng\kexiang-project\KeXiang\kexiang-admin-base\target\classes started by Administrator in G:\MeiMeng\kexiang-project\KeXiang\kexiang-admin-base)
22:09:15.300 INFO  com.wmeimob.KexiangAdminApplication - The following profiles are active: local
22:09:15.360 INFO  o.s.b.c.e.AnnotationConfigEmbeddedWebApplicationContext - Refreshing org.springframework.boot.context.embedded.AnnotationConfigEmbeddedWebApplicationContext@5b1ebf56: startup date [Sun Mar 11 22:09:15 CST 2018]; root of context hierarchy
22:09:17.795 INFO  o.s.b.f.s.DefaultListableBeanFactory - Overriding bean definition for bean 'propertySourcesPlaceholderConfigurer' with a different definition: replacing [Root bean: class [org.springframework.boot.autoconfigure.context.PropertyPlaceholderAutoConfiguration]; scope=; abstract=false; lazyInit=false; autowireMode=3; dependencyCheck=0; autowireCandidate=true; primary=false; factoryBeanName=null; factoryMethodName=propertySourcesPlaceholderConfigurer; initMethodName=null; destroyMethodName=(inferred); defined in class path resource [org/springframework/boot/autoconfigure/context/PropertyPlaceholderAutoConfiguration.class]] with [Root bean: class [org.springframework.boot.autoconfigure.session.RedisSessionConfiguration$SpringBootRedisHttpSessionConfiguration]; scope=; abstract=false; lazyInit=false; autowireMode=3; dependencyCheck=0; autowireCandidate=true; primary=false; factoryBeanName=null; factoryMethodName=propertySourcesPlaceholderConfigurer; initMethodName=null; destroyMethodName=(inferred); defined in class path resource [org/springframework/boot/autoconfigure/session/RedisSessionConfiguration$SpringBootRedisHttpSessionConfiguration.class]]
22:09:19.240 INFO  c.w.custom.config.DataSourceConfig - 【配置事务】
22:09:19.244 INFO  c.w.custom.config.DataSourceConfig - 【配置数据源】
22:09:21.166 INFO  org.xnio - XNIO version 3.3.8.Final
22:09:21.194 INFO  org.xnio.nio - XNIO NIO Implementation Version 3.3.8.Final
22:09:21.467 INFO  io.undertow.servlet - Initializing Spring embedded WebApplicationContext
22:09:21.467 INFO  o.s.web.context.ContextLoader - Root WebApplicationContext: initialization completed in 6107 ms
22:09:23.990 INFO  c.w.custom.config.DataSourceConfig - 【配置sqlSessionFactory】
22:09:26.477 INFO  o.s.b.w.s.FilterRegistrationBean - Mapping filter: 'metricsFilter' to: [/*]
22:09:26.479 INFO  o.s.b.w.s.FilterRegistrationBean - Mapping filter: 'characterEncodingFilter' to: [/*]
22:09:26.479 INFO  o.s.b.w.s.FilterRegistrationBean - Mapping filter: 'springSessionRepositoryFilter' to: [/*]
22:09:26.480 INFO  o.s.b.w.s.FilterRegistrationBean - Mapping filter: 'hiddenHttpMethodFilter' to: [/*]
22:09:26.480 INFO  o.s.b.w.s.FilterRegistrationBean - Mapping filter: 'httpPutFormContentFilter' to: [/*]
22:09:26.480 INFO  o.s.b.w.s.FilterRegistrationBean - Mapping filter: 'requestContextFilter' to: [/*]
22:09:26.485 INFO  o.s.b.w.s.DelegatingFilterProxyRegistrationBean - Mapping filter: 'springSecurityFilterChain' to: [/*]
22:09:26.485 INFO  o.s.b.w.s.FilterRegistrationBean - Mapping filter: 'webRequestLoggingFilter' to: [/*]
22:09:26.485 INFO  o.s.b.w.s.FilterRegistrationBean - Mapping filter: 'jwtAuthenticationTokenFilter' to: [/*]
22:09:26.486 INFO  o.s.b.w.s.FilterRegistrationBean - Mapping filter: 'securityInterceptor' to: [/*]
22:09:26.486 INFO  o.s.b.w.s.FilterRegistrationBean - Mapping filter: 'applicationContextIdFilter' to: [/*]
22:09:26.486 INFO  o.s.b.w.s.ServletRegistrationBean - Mapping servlet: 'dispatcherServlet' to [/]
22:09:29.013 INFO  o.s.s.web.DefaultSecurityFilterChain - Creating filter chain: org.springframework.security.web.util.matcher.AnyRequestMatcher@1, [org.springframework.security.web.context.request.async.WebAsyncManagerIntegrationFilter@15c4b1a4, org.springframework.security.web.context.SecurityContextPersistenceFilter@7744195, org.springframework.security.web.header.HeaderWriterFilter@7a34505a, org.springframework.security.web.authentication.logout.LogoutFilter@6fd97fd1, com.wmeimob.custom.system.security.JwtAuthenticationTokenFilter@520a95ff, org.springframework.security.web.savedrequest.RequestCacheAwareFilter@37ade216, org.springframework.security.web.servletapi.SecurityContextHolderAwareRequestFilter@2de7fe0e, org.springframework.security.web.authentication.AnonymousAuthenticationFilter@341964d0, org.springframework.security.web.session.SessionManagementFilter@1aa31454, org.springframework.security.web.access.ExceptionTranslationFilter@7de2bdc7, org.springframework.security.web.access.intercept.FilterSecurityInterceptor@bb21063]
22:09:29.211 INFO  o.s.w.s.m.m.a.RequestMappingHandlerMapping - Mapped "{[/internal/password],methods=[POST]}" onto public com.alibaba.fastjson.JSONObject com.wmeimob.custom.system.controller.InternalController.updateAdminPassword(javax.servlet.http.HttpServletRequest,java.lang.String,java.lang.String)
22:09:29.212 INFO  o.s.w.s.m.m.a.RequestMappingHandlerMapping - Mapped "{[/internal/inject-data-auth],methods=[POST]}" onto public com.alibaba.fastjson.JSONObject com.wmeimob.custom.system.controller.InternalController.injectDataAuth(com.alibaba.fastjson.JSONArray)
22:09:29.212 INFO  o.s.w.s.m.m.a.RequestMappingHandlerMapping - Mapped "{[/internal/sys-user],methods=[POST]}" onto public com.alibaba.fastjson.JSONObject com.wmeimob.custom.system.controller.InternalController.addSysUser(javax.servlet.http.HttpServletRequest,com.wmeimob.custom.system.entity.SysUser)
22:09:29.212 INFO  o.s.w.s.m.m.a.RequestMappingHandlerMapping - Mapped "{[/internal/{id}/sys-user],methods=[PUT]}" onto public com.alibaba.fastjson.JSONObject com.wmeimob.custom.system.controller.InternalController.updateUser(javax.servlet.http.HttpServletRequest,java.lang.Integer,com.wmeimob.custom.system.entity.SysUser)
22:09:29.212 INFO  o.s.w.s.m.m.a.RequestMappingHandlerMapping - Mapped "{[/internal/inject-static-menu],methods=[POST]}" onto public com.alibaba.fastjson.JSONObject com.wmeimob.custom.system.controller.InternalController.injectStaticMenu(com.alibaba.fastjson.JSONArray)
22:09:29.214 INFO  o.s.w.s.m.m.a.RequestMappingHandlerMapping - Mapped "{[/member/save],methods=[POST]}" onto public com.alibaba.fastjson.JSONObject com.wmeimob.custom.system.controller.MemberController.save(javax.servlet.http.HttpServletRequest,com.wmeimob.kexiang.wechat.entity.Member)
22:09:29.215 INFO  o.s.w.s.m.m.a.RequestMappingHandlerMapping - Mapped "{[/member/info]}" onto public com.alibaba.fastjson.JSONObject com.wmeimob.custom.system.controller.MemberController.info(javax.servlet.http.HttpServletRequest,com.wmeimob.kexiang.wechat.entity.Member)
22:09:29.216 INFO  o.s.w.s.m.m.a.RequestMappingHandlerMapping - Mapped "{[/member/del/{id}],methods=[DELETE]}" onto public com.alibaba.fastjson.JSONObject com.wmeimob.custom.system.controller.MemberController.del(javax.servlet.http.HttpServletRequest,java.lang.Integer)
22:09:29.218 INFO  o.s.w.s.m.m.a.RequestMappingHandlerMapping - Mapped "{[/orderm/infobase]}" onto public com.alibaba.fastjson.JSONObject com.wmeimob.custom.system.controller.OrdermController.infobase(javax.servlet.http.HttpServletRequest,java.lang.String,java.lang.String,java.lang.String)
22:09:29.218 INFO  o.s.w.s.m.m.a.RequestMappingHandlerMapping - Mapped "{[/orderm/detailbase]}" onto public com.alibaba.fastjson.JSONObject com.wmeimob.custom.system.controller.OrdermController.detailbase(javax.servlet.http.HttpServletRequest,java.lang.Integer)
22:09:29.225 INFO  o.s.w.s.m.m.a.RequestMappingHandlerMapping - Mapped "{[/main/sys-resource],methods=[GET]}" onto public com.alibaba.fastjson.JSONObject com.wmeimob.custom.system.controller.SysController.getRolePermission(java.lang.String)
22:09:29.225 INFO  o.s.w.s.m.m.a.RequestMappingHandlerMapping - Mapped "{[/main/sys-resource/{id}/permission],methods=[GET]}" onto public com.alibaba.fastjson.JSONObject com.wmeimob.custom.system.controller.SysController.getPermissionByResourceId(java.lang.Integer)
22:09:29.225 INFO  o.s.w.s.m.m.a.RequestMappingHandlerMapping - Mapped "{[/main/sys-user/{id}/data-role],methods=[GET]}" onto public com.alibaba.fastjson.JSONObject com.wmeimob.custom.system.controller.SysController.getDataRoleBySysUserId(javax.servlet.http.HttpServletRequest,java.lang.Integer)
22:09:29.225 INFO  o.s.w.s.m.m.a.RequestMappingHandlerMapping - Mapped "{[/main/login],methods=[POST]}" onto public com.alibaba.fastjson.JSONObject com.wmeimob.custom.system.controller.SysController.login(javax.servlet.http.HttpServletResponse,com.wmeimob.custom.system.entity.SysUser)
22:09:29.226 INFO  o.s.w.s.m.m.a.RequestMappingHandlerMapping - Mapped "{[/main/sys-role],methods=[GET]}" onto public com.alibaba.fastjson.JSONObject com.wmeimob.custom.system.controller.SysController.getRoles(javax.servlet.http.HttpServletRequest)
22:09:29.226 INFO  o.s.w.s.m.m.a.RequestMappingHandlerMapping - Mapped "{[/main/sys-role/{roleId}/menus],methods=[PUT]}" onto public com.alibaba.fastjson.JSONObject com.wmeimob.custom.system.controller.SysController.updateRoleMenus(com.wmeimob.custom.system.entity.ZTreeNodeArray,javax.servlet.http.HttpServletRequest,java.lang.Integer)
22:09:29.226 INFO  o.s.w.s.m.m.a.RequestMappingHandlerMapping - Mapped "{[/main/sys-resource],methods=[POST]}" onto public com.alibaba.fastjson.JSONObject com.wmeimob.custom.system.controller.SysController.addResource(com.wmeimob.custom.system.entity.SysResource)
22:09:29.226 INFO  o.s.w.s.m.m.a.RequestMappingHandlerMapping - Mapped "{[/main/resetPwd],methods=[PUT]}" onto public com.alibaba.fastjson.JSONObject com.wmeimob.custom.system.controller.SysController.resetPwd(javax.servlet.http.HttpServletRequest,com.wmeimob.custom.system.entity.SysUser)
22:09:29.226 INFO  o.s.w.s.m.m.a.RequestMappingHandlerMapping - Mapped "{[/main/sys-resource/{id}],methods=[PUT]}" onto public com.alibaba.fastjson.JSONObject com.wmeimob.custom.system.controller.SysController.updateResource(java.lang.Integer,com.wmeimob.custom.system.entity.SysResource)
22:09:29.226 INFO  o.s.w.s.m.m.a.RequestMappingHandlerMapping - Mapped "{[/main/menu/{id}],methods=[DELETE]}" onto public com.alibaba.fastjson.JSONObject com.wmeimob.custom.system.controller.SysController.delMenu(java.lang.Integer)
22:09:29.227 INFO  o.s.w.s.m.m.a.RequestMappingHandlerMapping - Mapped "{[/main/menu],methods=[POST]}" onto public com.alibaba.fastjson.JSONObject com.wmeimob.custom.system.controller.SysController.addMenu(com.wmeimob.custom.system.entity.SysMenu)
22:09:29.227 INFO  o.s.w.s.m.m.a.RequestMappingHandlerMapping - Mapped "{[/main/sys-resource/{id}/permission],methods=[PUT || POST]}" onto public com.alibaba.fastjson.JSONObject com.wmeimob.custom.system.controller.SysController.updatePermission(java.lang.Integer,com.wmeimob.custom.system.entity.SysPermission)
22:09:29.227 INFO  o.s.w.s.m.m.a.RequestMappingHandlerMapping - Mapped "{[/main/qiniu-token]}" onto public com.alibaba.fastjson.JSONObject com.wmeimob.custom.system.controller.SysController.getQiniuToken(javax.servlet.http.HttpServletRequest)
22:09:29.227 INFO  o.s.w.s.m.m.a.RequestMappingHandlerMapping - Mapped "{[/main/sys-user/pwd],methods=[PUT]}" onto public com.alibaba.fastjson.JSONObject com.wmeimob.custom.system.controller.SysController.modifyPwd(java.lang.String,java.lang.String,javax.servlet.http.HttpServletRequest)
22:09:29.227 INFO  o.s.w.s.m.m.a.RequestMappingHandlerMapping - Mapped "{[/main/sys-role/{id}],methods=[DELETE]}" onto public com.alibaba.fastjson.JSONObject com.wmeimob.custom.system.controller.SysController.delRole(java.lang.Integer)
22:09:29.227 INFO  o.s.w.s.m.m.a.RequestMappingHandlerMapping - Mapped "{[/main/sys-resource/{id}],methods=[DELETE]}" onto public com.alibaba.fastjson.JSONObject com.wmeimob.custom.system.controller.SysController.delResource(java.lang.Integer)
22:09:29.228 INFO  o.s.w.s.m.m.a.RequestMappingHandlerMapping - Mapped "{[/main/sys-user/{id}],methods=[DELETE]}" onto public com.alibaba.fastjson.JSONObject com.wmeimob.custom.system.controller.SysController.delUser(javax.servlet.http.HttpServletRequest,java.lang.Integer)
22:09:29.228 INFO  o.s.w.s.m.m.a.RequestMappingHandlerMapping - Mapped "{[/main/sys-role],methods=[POST || PUT]}" onto public com.alibaba.fastjson.JSONObject com.wmeimob.custom.system.controller.SysController.saveRole(javax.servlet.http.HttpServletRequest,com.wmeimob.custom.system.entity.SysRole)
22:09:29.228 INFO  o.s.w.s.m.m.a.RequestMappingHandlerMapping - Mapped "{[/main/sys-user],methods=[POST || PUT]}" onto public com.alibaba.fastjson.JSONObject com.wmeimob.custom.system.controller.SysController.saveUser(javax.servlet.http.HttpServletRequest,com.wmeimob.custom.system.entity.SysUser,com.wmeimob.custom.system.entity.SysUserDataRole)
22:09:29.228 INFO  o.s.w.s.m.m.a.RequestMappingHandlerMapping - Mapped "{[/main/login-info],methods=[GET]}" onto public com.alibaba.fastjson.JSONObject com.wmeimob.custom.system.controller.SysController.loginInfo(javax.servlet.http.HttpServletRequest)
22:09:29.229 INFO  o.s.w.s.m.m.a.RequestMappingHandlerMapping - Mapped "{[/main/sys-user],methods=[GET]}" onto public com.alibaba.fastjson.JSONObject com.wmeimob.custom.system.controller.SysController.getUsers(javax.servlet.http.HttpServletRequest,com.wmeimob.custom.system.entity.SysUser)
22:09:29.230 INFO  o.s.w.s.m.m.a.RequestMappingHandlerMapping - Mapped "{[/main/sys-role/{roleId}/menus],methods=[GET]}" onto public com.alibaba.fastjson.JSONObject com.wmeimob.custom.system.controller.SysController.getRoleRootMenus(javax.servlet.http.HttpServletRequest,java.lang.Integer)
22:09:29.230 INFO  o.s.w.s.m.m.a.RequestMappingHandlerMapping - Mapped "{[/main/menu],methods=[GET]}" onto public com.alibaba.fastjson.JSONObject com.wmeimob.custom.system.controller.SysController.getMenus()
22:09:29.230 INFO  o.s.w.s.m.m.a.RequestMappingHandlerMapping - Mapped "{[/main/menu/list],methods=[POST]}" onto public com.alibaba.fastjson.JSONObject com.wmeimob.custom.system.controller.SysController.updateMenu(com.alibaba.fastjson.JSONArray)
22:09:29.230 INFO  o.s.w.s.m.m.a.RequestMappingHandlerMapping - Mapped "{[/main/menu/{id}],methods=[PUT]}" onto public com.alibaba.fastjson.JSONObject com.wmeimob.custom.system.controller.SysController.updateMenu(java.lang.Integer,com.wmeimob.custom.system.entity.SysMenu)
22:09:29.230 INFO  o.s.w.s.m.m.a.RequestMappingHandlerMapping - Mapped "{[/main/logout],methods=[POST]}" onto public com.alibaba.fastjson.JSONObject com.wmeimob.custom.system.controller.SysController.logout()
22:09:29.232 INFO  o.s.w.s.m.m.a.RequestMappingHandlerMapping - Mapped "{[/mps],methods=[POST || PUT]}" onto public com.alibaba.fastjson.JSONObject com.wmeimob.custom.wechat.controller.WechatMpsController.save(javax.servlet.http.HttpServletRequest,com.wmeimob.custom.wechat.entity.WechatMps)
22:09:29.233 INFO  o.s.w.s.m.m.a.RequestMappingHandlerMapping - Mapped "{[/mch],methods=[GET]}" onto public com.alibaba.fastjson.JSONObject com.wmeimob.custom.wechat.controller.WechatMpsController.loadMchInfo(javax.servlet.http.HttpServletRequest)
22:09:29.233 INFO  o.s.w.s.m.m.a.RequestMappingHandlerMapping - Mapped "{[/mch/{id}],methods=[DELETE]}" onto public com.alibaba.fastjson.JSONObject com.wmeimob.custom.wechat.controller.WechatMpsController.delMch(java.lang.Integer)
22:09:29.233 INFO  o.s.w.s.m.m.a.RequestMappingHandlerMapping - Mapped "{[/mps/{mpid}/app],methods=[GET]}" onto public com.alibaba.fastjson.JSONObject com.wmeimob.custom.wechat.controller.WechatMpsController.getApp(java.lang.Integer)
22:09:29.233 INFO  o.s.w.s.m.m.a.RequestMappingHandlerMapping - Mapped "{[/mps/{mpid}/app],methods=[POST]}" onto public com.alibaba.fastjson.JSONObject com.wmeimob.custom.wechat.controller.WechatMpsController.addApp(java.lang.Integer,com.wmeimob.custom.wechat.entity.WechatApp)
22:09:29.234 INFO  o.s.w.s.m.m.a.RequestMappingHandlerMapping - Mapped "{[/mch],methods=[POST || PUT]}" onto public com.alibaba.fastjson.JSONObject com.wmeimob.custom.wechat.controller.WechatMpsController.saveMchInfo(org.springframework.web.multipart.MultipartFile,com.wmeimob.custom.wechat.entity.WechatMch) throws java.io.IOException
22:09:29.234 INFO  o.s.w.s.m.m.a.RequestMappingHandlerMapping - Mapped "{[/mps/{mpid}/app/{appId}],methods=[PUT]}" onto public com.alibaba.fastjson.JSONObject com.wmeimob.custom.wechat.controller.WechatMpsController.updateApp(java.lang.Integer,java.lang.Integer,com.wmeimob.custom.wechat.entity.WechatApp)
22:09:29.234 INFO  o.s.w.s.m.m.a.RequestMappingHandlerMapping - Mapped "{[/mps/toAuth]}" onto public com.alibaba.fastjson.JSONObject com.wmeimob.custom.wechat.controller.WechatMpsController.toAuth(javax.servlet.http.HttpServletRequest)
22:09:29.234 INFO  o.s.w.s.m.m.a.RequestMappingHandlerMapping - Mapped "{[/mps],methods=[GET]}" onto public com.alibaba.fastjson.JSONObject com.wmeimob.custom.wechat.controller.WechatMpsController.getMpsInfo(javax.servlet.http.HttpServletRequest)
22:09:29.235 INFO  o.s.w.s.m.m.a.RequestMappingHandlerMapping - Mapped "{[/mps/{mpid}/app/{appId}],methods=[DELETE]}" onto public com.alibaba.fastjson.JSONObject com.wmeimob.custom.wechat.controller.WechatMpsController.delApp(java.lang.Integer,java.lang.Integer)
22:09:29.235 INFO  o.s.w.s.m.m.a.RequestMappingHandlerMapping - Mapped "{[/mps/{id}],methods=[DELETE]}" onto public com.alibaba.fastjson.JSONObject com.wmeimob.custom.wechat.controller.WechatMpsController.del(java.lang.Integer)
22:09:29.235 INFO  o.s.w.s.m.m.a.RequestMappingHandlerMapping - Mapped "{[/restError]}" onto public com.alibaba.fastjson.JSONObject com.wmeimob.custom.exception.ExceptionController.restError(javax.servlet.http.HttpServletRequest)
22:09:29.237 INFO  o.s.w.s.m.m.a.RequestMappingHandlerMapping - Mapped "{[/error]}" onto public org.springframework.http.ResponseEntity<java.util.Map<java.lang.String, java.lang.Object>> org.springframework.boot.autoconfigure.web.BasicErrorController.error(javax.servlet.http.HttpServletRequest)
22:09:29.238 INFO  o.s.w.s.m.m.a.RequestMappingHandlerMapping - Mapped "{[/error],produces=[text/html]}" onto public org.springframework.web.servlet.ModelAndView org.springframework.boot.autoconfigure.web.BasicErrorController.errorHtml(javax.servlet.http.HttpServletRequest,javax.servlet.http.HttpServletResponse)
22:09:29.626 INFO  o.s.w.s.h.SimpleUrlHandlerMapping - Mapped URL path [/webjars/**] onto handler of type [class org.springframework.web.servlet.resource.ResourceHttpRequestHandler]
22:09:29.626 INFO  o.s.w.s.h.SimpleUrlHandlerMapping - Mapped URL path [/**] onto handler of type [class org.springframework.web.servlet.resource.ResourceHttpRequestHandler]
22:09:29.818 INFO  o.s.w.s.h.SimpleUrlHandlerMapping - Mapped URL path [/**/favicon.ico] onto handler of type [class org.springframework.web.servlet.resource.ResourceHttpRequestHandler]
22:09:30.994 INFO  o.s.b.a.e.mvc.EndpointHandlerMapping - Mapped "{[/trace || /trace.json],methods=[GET],produces=[application/vnd.spring-boot.actuator.v1+json || application/json]}" onto public java.lang.Object org.springframework.boot.actuate.endpoint.mvc.EndpointMvcAdapter.invoke()
22:09:31.006 INFO  o.s.b.a.e.mvc.EndpointHandlerMapping - Mapped "{[/health || /health.json],methods=[GET],produces=[application/vnd.spring-boot.actuator.v1+json || application/json]}" onto public java.lang.Object org.springframework.boot.actuate.endpoint.mvc.HealthMvcEndpoint.invoke(javax.servlet.http.HttpServletRequest,java.security.Principal)
22:09:31.008 INFO  o.s.b.a.e.mvc.EndpointHandlerMapping - Mapped "{[/auditevents || /auditevents.json],methods=[GET],produces=[application/vnd.spring-boot.actuator.v1+json || application/json]}" onto public org.springframework.http.ResponseEntity<?> org.springframework.boot.actuate.endpoint.mvc.AuditEventsMvcEndpoint.findByPrincipalAndAfterAndType(java.lang.String,java.util.Date,java.lang.String)
22:09:31.010 INFO  o.s.b.a.e.mvc.EndpointHandlerMapping - Mapped "{[/metrics/{name:.*}],methods=[GET],produces=[application/vnd.spring-boot.actuator.v1+json || application/json]}" onto public java.lang.Object org.springframework.boot.actuate.endpoint.mvc.MetricsMvcEndpoint.value(java.lang.String)
22:09:31.010 INFO  o.s.b.a.e.mvc.EndpointHandlerMapping - Mapped "{[/metrics || /metrics.json],methods=[GET],produces=[application/vnd.spring-boot.actuator.v1+json || application/json]}" onto public java.lang.Object org.springframework.boot.actuate.endpoint.mvc.EndpointMvcAdapter.invoke()
22:09:31.011 INFO  o.s.b.a.e.mvc.EndpointHandlerMapping - Mapped "{[/beans || /beans.json],methods=[GET],produces=[application/vnd.spring-boot.actuator.v1+json || application/json]}" onto public java.lang.Object org.springframework.boot.actuate.endpoint.mvc.EndpointMvcAdapter.invoke()
22:09:31.017 INFO  o.s.b.a.e.mvc.EndpointHandlerMapping - Mapped "{[/dump || /dump.json],methods=[GET],produces=[application/vnd.spring-boot.actuator.v1+json || application/json]}" onto public java.lang.Object org.springframework.boot.actuate.endpoint.mvc.EndpointMvcAdapter.invoke()
22:09:31.018 INFO  o.s.b.a.e.mvc.EndpointHandlerMapping - Mapped "{[/configprops || /configprops.json],methods=[GET],produces=[application/vnd.spring-boot.actuator.v1+json || application/json]}" onto public java.lang.Object org.springframework.boot.actuate.endpoint.mvc.EndpointMvcAdapter.invoke()
22:09:31.019 INFO  o.s.b.a.e.mvc.EndpointHandlerMapping - Mapped "{[/autoconfig || /autoconfig.json],methods=[GET],produces=[application/vnd.spring-boot.actuator.v1+json || application/json]}" onto public java.lang.Object org.springframework.boot.actuate.endpoint.mvc.EndpointMvcAdapter.invoke()
22:09:31.021 INFO  o.s.b.a.e.mvc.EndpointHandlerMapping - Mapped "{[/heapdump || /heapdump.json],methods=[GET],produces=[application/octet-stream]}" onto public void org.springframework.boot.actuate.endpoint.mvc.HeapdumpMvcEndpoint.invoke(boolean,javax.servlet.http.HttpServletRequest,javax.servlet.http.HttpServletResponse) throws java.io.IOException,javax.servlet.ServletException
22:09:31.022 INFO  o.s.b.a.e.mvc.EndpointHandlerMapping - Mapped "{[/info || /info.json],methods=[GET],produces=[application/vnd.spring-boot.actuator.v1+json || application/json]}" onto public java.lang.Object org.springframework.boot.actuate.endpoint.mvc.EndpointMvcAdapter.invoke()
22:09:31.023 INFO  o.s.b.a.e.mvc.EndpointHandlerMapping - Mapped "{[/loggers/{name:.*}],methods=[GET],produces=[application/vnd.spring-boot.actuator.v1+json || application/json]}" onto public java.lang.Object org.springframework.boot.actuate.endpoint.mvc.LoggersMvcEndpoint.get(java.lang.String)
22:09:31.024 INFO  o.s.b.a.e.mvc.EndpointHandlerMapping - Mapped "{[/loggers/{name:.*}],methods=[POST],consumes=[application/vnd.spring-boot.actuator.v1+json || application/json],produces=[application/vnd.spring-boot.actuator.v1+json || application/json]}" onto public java.lang.Object org.springframework.boot.actuate.endpoint.mvc.LoggersMvcEndpoint.set(java.lang.String,java.util.Map<java.lang.String, java.lang.String>)
22:09:31.025 INFO  o.s.b.a.e.mvc.EndpointHandlerMapping - Mapped "{[/loggers || /loggers.json],methods=[GET],produces=[application/vnd.spring-boot.actuator.v1+json || application/json]}" onto public java.lang.Object org.springframework.boot.actuate.endpoint.mvc.EndpointMvcAdapter.invoke()
22:09:31.031 INFO  o.s.b.a.e.mvc.EndpointHandlerMapping - Mapped "{[/mappings || /mappings.json],methods=[GET],produces=[application/vnd.spring-boot.actuator.v1+json || application/json]}" onto public java.lang.Object org.springframework.boot.actuate.endpoint.mvc.EndpointMvcAdapter.invoke()
22:09:31.034 INFO  o.s.b.a.e.mvc.EndpointHandlerMapping - Mapped "{[/env/{name:.*}],methods=[GET],produces=[application/vnd.spring-boot.actuator.v1+json || application/json]}" onto public java.lang.Object org.springframework.boot.actuate.endpoint.mvc.EnvironmentMvcEndpoint.value(java.lang.String)
22:09:31.035 INFO  o.s.b.a.e.mvc.EndpointHandlerMapping - Mapped "{[/env || /env.json],methods=[GET],produces=[application/vnd.spring-boot.actuator.v1+json || application/json]}" onto public java.lang.Object org.springframework.boot.actuate.endpoint.mvc.EndpointMvcAdapter.invoke()
22:09:31.182 INFO  o.s.s.web.DefaultSecurityFilterChain - Creating filter chain: org.springframework.boot.actuate.autoconfigure.ManagementWebSecurityAutoConfiguration$LazyEndpointPathRequestMatcher@36857d32, [org.springframework.security.web.context.request.async.WebAsyncManagerIntegrationFilter@24520a51, org.springframework.security.web.context.SecurityContextPersistenceFilter@4e789704, org.springframework.security.web.header.HeaderWriterFilter@3205610d, org.springframework.web.filter.CorsFilter@2ae88712, org.springframework.security.web.authentication.logout.LogoutFilter@2a5efbb9, org.springframework.security.web.authentication.www.BasicAuthenticationFilter@5b2c7186, org.springframework.security.web.savedrequest.RequestCacheAwareFilter@5751e53e, org.springframework.security.web.servletapi.SecurityContextHolderAwareRequestFilter@4e45fbd0, org.springframework.security.web.authentication.AnonymousAuthenticationFilter@10508ba6, org.springframework.security.web.session.SessionManagementFilter@54e06788, org.springframework.security.web.access.ExceptionTranslationFilter@706d2bae, org.springframework.security.web.access.intercept.FilterSecurityInterceptor@2bd7f686]
22:09:31.296 INFO  c.w.custom.config.DataSourceConfig - 【配置sqlSessionTemplate】
22:09:32.677 INFO  o.s.w.s.m.m.a.RequestMappingHandlerAdapter - Looking for @ControllerAdvice: org.springframework.boot.context.embedded.AnnotationConfigEmbeddedWebApplicationContext@5b1ebf56: startup date [Sun Mar 11 22:09:15 CST 2018]; root of context hierarchy
22:09:33.208 INFO  o.s.w.s.m.m.a.ExceptionHandlerExceptionResolver - Detected @ExceptionHandler methods in exceptionController
22:09:37.148 INFO  o.s.j.e.a.AnnotationMBeanExporter - Registering beans for JMX exposure on startup
22:09:37.158 INFO  o.s.b.a.e.jmx.EndpointMBeanExporter - Registering beans for JMX exposure on startup
22:09:37.163 INFO  o.s.c.s.DefaultLifecycleProcessor - Starting beans in phase 0
22:09:37.165 INFO  o.s.b.a.e.jmx.EndpointMBeanExporter - Located managed bean 'auditEventsEndpoint': registering with JMX server as MBean [org.springframework.boot:type=Endpoint,name=auditEventsEndpoint]
22:09:37.207 INFO  o.s.b.a.e.jmx.EndpointMBeanExporter - Located managed bean 'requestMappingEndpoint': registering with JMX server as MBean [org.springframework.boot:type=Endpoint,name=requestMappingEndpoint]
22:09:37.233 INFO  o.s.b.a.e.jmx.EndpointMBeanExporter - Located managed bean 'environmentEndpoint': registering with JMX server as MBean [org.springframework.boot:type=Endpoint,name=environmentEndpoint]
22:09:37.238 INFO  o.s.b.a.e.jmx.EndpointMBeanExporter - Located managed bean 'healthEndpoint': registering with JMX server as MBean [org.springframework.boot:type=Endpoint,name=healthEndpoint]
22:09:37.240 INFO  o.s.b.a.e.jmx.EndpointMBeanExporter - Located managed bean 'beansEndpoint': registering with JMX server as MBean [org.springframework.boot:type=Endpoint,name=beansEndpoint]
22:09:37.257 INFO  o.s.b.a.e.jmx.EndpointMBeanExporter - Located managed bean 'infoEndpoint': registering with JMX server as MBean [org.springframework.boot:type=Endpoint,name=infoEndpoint]
22:09:37.260 INFO  o.s.b.a.e.jmx.EndpointMBeanExporter - Located managed bean 'loggersEndpoint': registering with JMX server as MBean [org.springframework.boot:type=Endpoint,name=loggersEndpoint]
22:09:37.274 INFO  o.s.b.a.e.jmx.EndpointMBeanExporter - Located managed bean 'metricsEndpoint': registering with JMX server as MBean [org.springframework.boot:type=Endpoint,name=metricsEndpoint]
22:09:37.283 INFO  o.s.b.a.e.jmx.EndpointMBeanExporter - Located managed bean 'traceEndpoint': registering with JMX server as MBean [org.springframework.boot:type=Endpoint,name=traceEndpoint]
22:09:37.286 INFO  o.s.b.a.e.jmx.EndpointMBeanExporter - Located managed bean 'dumpEndpoint': registering with JMX server as MBean [org.springframework.boot:type=Endpoint,name=dumpEndpoint]
22:09:37.289 INFO  o.s.b.a.e.jmx.EndpointMBeanExporter - Located managed bean 'autoConfigurationReportEndpoint': registering with JMX server as MBean [org.springframework.boot:type=Endpoint,name=autoConfigurationReportEndpoint]
22:09:37.292 INFO  o.s.b.a.e.jmx.EndpointMBeanExporter - Located managed bean 'configurationPropertiesReportEndpoint': registering with JMX server as MBean [org.springframework.boot:type=Endpoint,name=configurationPropertiesReportEndpoint]
22:09:37.297 INFO  o.s.c.s.DefaultLifecycleProcessor - Starting beans in phase 2147483647
22:09:37.347 INFO  o.s.s.a.ScheduledAnnotationBeanPostProcessor - No TaskScheduler/ScheduledExecutorService bean found for scheduled processing
22:09:37.429 INFO  o.s.b.c.e.u.UndertowEmbeddedServletContainer - Undertow started on port(s) 9000 (http)
22:09:37.432 INFO  c.w.c.s.s.SysSecurityMetadataSource - init resource and permission ...
22:09:38.534 INFO  c.w.c.s.s.SysSecurityMetadataSource - waiting to remove permission urls and then will sort them...
22:09:39.009 INFO  c.w.c.s.s.SysSecurityMetadataSource - success to inject data auth to access system
22:09:39.009 INFO  c.w.c.s.s.SysSecurityMetadataSource - resource and permission init complete！
22:09:39.055 INFO  com.wmeimob.KexiangAdminApplication - Started KexiangAdminApplication in 24.452 seconds (JVM running for 25.316)
